# JRE version: OpenJDK Runtime Environment (8.0_151-b12) (build 1.8.0_151-b12)
# Java VM: OpenJDK 64-Bit Server VM (25.151-b12 mixed mode linux-amd64 compressed oops)
Heap:
 PSYoungGen      total 283136K, used 171608K [0x00000000eab00000, 0x00000000ff800000, 0x0000000100000000)
  eden space 223232K, 71% used [0x00000000eab00000,0x00000000f46ffc20,0x00000000f8500000)
  from space 59904K, 19% used [0x00000000fbd00000,0x00000000fc896798,0x00000000ff780000)
  to   space 57344K, 0% used [0x00000000f8500000,0x00000000f8500000,0x00000000fbd00000)
 ParOldGen       total 446464K, used 50779K [0x00000000c0000000, 0x00000000db400000, 0x00000000eab00000)
  object space 446464K, 11% used [0x00000000c0000000,0x00000000c3196d08,0x00000000db400000)
 Metaspace       used 87333K, capacity 94058K, committed 94552K, reserved 1132544K
  class space    used 9805K, capacity 11787K, committed 11904K, reserved 1048576K
GC Heap History (10 events):
Event: 16.812 GC heap before
{Heap before GC invocations=21 (full 7):
 PSYoungGen      total 281088K, used 10203K [0x00000000eab00000, 0x00000000fff80000, 0x0000000100000000)
  eden space 211456K, 0% used [0x00000000eab00000,0x00000000eab00000,0x00000000f7980000)
  from space 69632K, 14% used [0x00000000fbb80000,0x00000000fc576d58,0x00000000fff80000)
  to   space 67584K, 0% used [0x00000000f7980000,0x00000000f7980000,0x00000000fbb80000)
 ParOldGen       total 446464K, used 41659K [0x00000000c0000000, 0x00000000db400000, 0x00000000eab00000)
  object space 446464K, 9% used [0x00000000c0000000,0x00000000c28aeff0,0x00000000db400000)
 Metaspace       used 79939K, capacity 86282K, committed 86616K, reserved 1124352K
  class space    used 9150K, capacity 11126K, committed 11136K, reserved 1048576K
Event: 16.877 GC heap after
Heap after GC invocations=21 (full 7):
 PSYoungGen      total 281088K, used 0K [0x00000000eab00000, 0x00000000fff80000, 0x0000000100000000)
  eden space 211456K, 0% used [0x00000000eab00000,0x00000000eab00000,0x00000000f7980000)
  from space 69632K, 0% used [0x00000000fbb80000,0x00000000fbb80000,0x00000000fff80000)
  to   space 67584K, 0% used [0x00000000f7980000,0x00000000f7980000,0x00000000fbb80000)
 ParOldGen       total 446464K, used 50747K [0x00000000c0000000, 0x00000000db400000, 0x00000000eab00000)
  object space 446464K, 11% used [0x00000000c0000000,0x00000000c318ed08,0x00000000db400000)
 Metaspace       used 79939K, capacity 86282K, committed 86616K, reserved 1124352K
  class space    used 9150K, capacity 11126K, committed 11136K, reserved 1048576K
}
Event: 68.028 GC heap before
{Heap before GC invocations=22 (full 7):
 PSYoungGen      total 281088K, used 211456K [0x00000000eab00000, 0x00000000fff80000, 0x0000000100000000)
  eden space 211456K, 100% used [0x00000000eab00000,0x00000000f7980000,0x00000000f7980000)
  from space 69632K, 0% used [0x00000000fbb80000,0x00000000fbb80000,0x00000000fff80000)
  to   space 67584K, 0% used [0x00000000f7980000,0x00000000f7980000,0x00000000fbb80000)
 ParOldGen       total 446464K, used 50747K [0x00000000c0000000, 0x00000000db400000, 0x00000000eab00000)
  object space 446464K, 11% used [0x00000000c0000000,0x00000000c318ed08,0x00000000db400000)
 Metaspace       used 80430K, capacity 86680K, committed 86872K, reserved 1124352K
  class space    used 9167K, capacity 11127K, committed 11136K, reserved 1048576K
Event: 68.033 GC heap after
Heap after GC invocations=22 (full 7):
 PSYoungGen      total 220160K, used 8677K [0x00000000eab00000, 0x00000000ffa00000, 0x0000000100000000)
  eden space 211456K, 0% used [0x00000000eab00000,0x00000000eab00000,0x00000000f7980000)
  from space 8704K, 99% used [0x00000000f7980000,0x00000000f81f9588,0x00000000f8200000)
  to   space 65536K, 0% used [0x00000000fba00000,0x00000000fba00000,0x00000000ffa00000)
 ParOldGen       total 446464K, used 50755K [0x00000000c0000000, 0x00000000db400000, 0x00000000eab00000)
  object space 446464K, 11% used [0x00000000c0000000,0x00000000c3190d08,0x00000000db400000)
 Metaspace       used 80430K, capacity 86680K, committed 86872K, reserved 1124352K
  class space    used 9167K, capacity 11127K, committed 11136K, reserved 1048576K
}
Event: 219.567 GC heap before
{Heap before GC invocations=23 (full 7):
 PSYoungGen      total 220160K, used 220133K [0x00000000eab00000, 0x00000000ffa00000, 0x0000000100000000)
  eden space 211456K, 100% used [0x00000000eab00000,0x00000000f7980000,0x00000000f7980000)
  from space 8704K, 99% used [0x00000000f7980000,0x00000000f81f9588,0x00000000f8200000)
  to   space 65536K, 0% used [0x00000000fba00000,0x00000000fba00000,0x00000000ffa00000)
 ParOldGen       total 446464K, used 50755K [0x00000000c0000000, 0x00000000db400000, 0x00000000eab00000)
  object space 446464K, 11% used [0x00000000c0000000,0x00000000c3190d08,0x00000000db400000)
 Metaspace       used 82513K, capacity 88910K, committed 89304K, reserved 1126400K
  class space    used 9388K, capacity 11403K, committed 11520K, reserved 1048576K
Event: 219.573 GC heap after
Heap after GC invocations=23 (full 7):
 PSYoungGen      total 280064K, used 9680K [0x00000000eab00000, 0x0000000100000000, 0x0000000100000000)
  eden space 214528K, 0% used [0x00000000eab00000,0x00000000eab00000,0x00000000f7c80000)
  from space 65536K, 14% used [0x00000000fba00000,0x00000000fc374040,0x00000000ffa00000)
  to   space 62976K, 0% used [0x00000000f7c80000,0x00000000f7c80000,0x00000000fba00000)
 ParOldGen       total 446464K, used 50763K [0x00000000c0000000, 0x00000000db400000, 0x00000000eab00000)
  object space 446464K, 11% used [0x00000000c0000000,0x00000000c3192d08,0x00000000db400000)
 Metaspace       used 82513K, capacity 88910K, committed 89304K, reserved 1126400K
  class space    used 9388K, capacity 11403K, committed 11520K, reserved 1048576K
}
Event: 275.496 GC heap before
{Heap before GC invocations=24 (full 7):
 PSYoungGen      total 280064K, used 224208K [0x00000000eab00000, 0x0000000100000000, 0x0000000100000000)
  eden space 214528K, 100% used [0x00000000eab00000,0x00000000f7c80000,0x00000000f7c80000)
  from space 65536K, 14% used [0x00000000fba00000,0x00000000fc374040,0x00000000ffa00000)
  to   space 62976K, 0% used [0x00000000f7c80000,0x00000000f7c80000,0x00000000fba00000)
 ParOldGen       total 446464K, used 50763K [0x00000000c0000000, 0x00000000db400000, 0x00000000eab00000)
  object space 446464K, 11% used [0x00000000c0000000,0x00000000c3192d08,0x00000000db400000)
 Metaspace       used 84630K, capacity 91082K, committed 91480K, reserved 1128448K
  class space    used 9589K, capacity 11572K, committed 11648K, reserved 1048576K
Event: 275.504 GC heap after
Heap after GC invocations=24 (full 7):
 PSYoungGen      total 277504K, used 12312K [0x00000000eab00000, 0x00000000ff780000, 0x0000000100000000)
  eden space 214528K, 0% used [0x00000000eab00000,0x00000000eab00000,0x00000000f7c80000)
  from space 62976K, 19% used [0x00000000f7c80000,0x00000000f88860a0,0x00000000fba00000)
  to   space 59904K, 0% used [0x00000000fbd00000,0x00000000fbd00000,0x00000000ff780000)
 ParOldGen       total 446464K, used 50771K [0x00000000c0000000, 0x00000000db400000, 0x00000000eab00000)
  object space 446464K, 11% used [0x00000000c0000000,0x00000000c3194d08,0x00000000db400000)
 Metaspace       used 84630K, capacity 91082K, committed 91480K, reserved 1128448K
  class space    used 9589K, capacity 11572K, committed 11648K, reserved 1048576K
}
Event: 335.839 GC heap before
{Heap before GC invocations=25 (full 7):
 PSYoungGen      total 277504K, used 226840K [0x00000000eab00000, 0x00000000ff780000, 0x0000000100000000)
  eden space 214528K, 100% used [0x00000000eab00000,0x00000000f7c80000,0x00000000f7c80000)
  from space 62976K, 19% used [0x00000000f7c80000,0x00000000f88860a0,0x00000000fba00000)
  to   space 59904K, 0% used [0x00000000fbd00000,0x00000000fbd00000,0x00000000ff780000)
 ParOldGen       total 446464K, used 50771K [0x00000000c0000000, 0x00000000db400000, 0x00000000eab00000)
  object space 446464K, 11% used [0x00000000c0000000,0x00000000c3194d08,0x00000000db400000)
 Metaspace       used 85663K, capacity 92330K, committed 92504K, reserved 1130496K
  class space    used 9623K, capacity 11604K, committed 11648K, reserved 1048576K
Event: 335.845 GC heap after
Heap after GC invocations=25 (full 7):
 PSYoungGen      total 283136K, used 11865K [0x00000000eab00000, 0x00000000ff800000, 0x0000000100000000)
  eden space 223232K, 0% used [0x00000000eab00000,0x00000000eab00000,0x00000000f8500000)
  from space 59904K, 19% used [0x00000000fbd00000,0x00000000fc896798,0x00000000ff780000)
  to   space 57344K, 0% used [0x00000000f8500000,0x00000000f8500000,0x00000000fbd00000)
 ParOldGen       total 446464K, used 50779K [0x00000000c0000000, 0x00000000db400000, 0x00000000eab00000)
  object space 446464K, 11% used [0x00000000c0000000,0x00000000c3196d08,0x00000000db400000)
 Metaspace       used 85663K, capacity 92330K, committed 92504K, reserved 1130496K
  class space    used 9623K, capacity 11604K, committed 11648K, reserved 1048576K
}

