# JRE version: OpenJDK Runtime Environment (8.0_151-b12) (build 1.8.0_151-b12)
# Java VM: OpenJDK 64-Bit Server VM (25.151-b12 mixed mode linux-amd64 compressed oops)
Heap:
 PSYoungGen      total 217088K, used 216661K [0x00000000eab00000, 0x00000000fed80000, 0x0000000100000000)
  eden space 210432K, 99% used [0x00000000eab00000,0x00000000f7852c28,0x00000000f7880000)
  from space 6656K, 96% used [0x00000000f7b80000,0x00000000f81c2880,0x00000000f8200000)
  to   space 59904K, 0% used [0x00000000fb300000,0x00000000fb300000,0x00000000fed80000)
 ParOldGen       total 540672K, used 49314K [0x00000000c0000000, 0x00000000e1000000, 0x00000000eab00000)
  object space 540672K, 9% used [0x00000000c0000000,0x00000000c3028850,0x00000000e1000000)
 Metaspace       used 84620K, capacity 91176K, committed 91352K, reserved 1128448K
  class space    used 9512K, capacity 11479K, committed 11520K, reserved 1048576K
GC Heap History (10 events):
Event: 147.162 GC heap before
{Heap before GC invocations=24 (full 7):
 PSYoungGen      total 272896K, used 200375K [0x00000000eab00000, 0x0000000100000000, 0x0000000100000000)
  eden space 199168K, 100% used [0x00000000eab00000,0x00000000f6d80000,0x00000000f6d80000)
  from space 73728K, 1% used [0x00000000fb480000,0x00000000fb5adda8,0x00000000ffc80000)
  to   space 72704K, 0% used [0x00000000f6d80000,0x00000000f6d80000,0x00000000fb480000)
 ParOldGen       total 540672K, used 49218K [0x00000000c0000000, 0x00000000e1000000, 0x00000000eab00000)
  object space 540672K, 9% used [0x00000000c0000000,0x00000000c3010840,0x00000000e1000000)
 Metaspace       used 81594K, capacity 87952K, committed 88152K, reserved 1126400K
  class space    used 9278K, capacity 11290K, committed 11392K, reserved 1048576K
Event: 147.165 GC heap after
Heap after GC invocations=24 (full 7):
 PSYoungGen      total 271872K, used 1973K [0x00000000eab00000, 0x00000000ffc00000, 0x0000000100000000)
  eden space 199168K, 0% used [0x00000000eab00000,0x00000000eab00000,0x00000000f6d80000)
  from space 72704K, 2% used [0x00000000f6d80000,0x00000000f6f6d6c0,0x00000000fb480000)
  to   space 71168K, 0% used [0x00000000fb680000,0x00000000fb680000,0x00000000ffc00000)
 ParOldGen       total 540672K, used 49226K [0x00000000c0000000, 0x00000000e1000000, 0x00000000eab00000)
  object space 540672K, 9% used [0x00000000c0000000,0x00000000c3012840,0x00000000e1000000)
 Metaspace       used 81594K, capacity 87952K, committed 88152K, reserved 1126400K
  class space    used 9278K, capacity 11290K, committed 11392K, reserved 1048576K
}
Event: 203.967 GC heap before
{Heap before GC invocations=25 (full 7):
 PSYoungGen      total 271872K, used 201141K [0x00000000eab00000, 0x00000000ffc00000, 0x0000000100000000)
  eden space 199168K, 100% used [0x00000000eab00000,0x00000000f6d80000,0x00000000f6d80000)
  from space 72704K, 2% used [0x00000000f6d80000,0x00000000f6f6d6c0,0x00000000fb480000)
  to   space 71168K, 0% used [0x00000000fb680000,0x00000000fb680000,0x00000000ffc00000)
 ParOldGen       total 540672K, used 49226K [0x00000000c0000000, 0x00000000e1000000, 0x00000000eab00000)
  object space 540672K, 9% used [0x00000000c0000000,0x00000000c3012840,0x00000000e1000000)
 Metaspace       used 81687K, capacity 88080K, committed 88408K, reserved 1126400K
  class space    used 9279K, capacity 11290K, committed 11392K, reserved 1048576K
Event: 203.971 GC heap after
Heap after GC invocations=25 (full 7):
 PSYoungGen      total 274432K, used 1565K [0x00000000eab00000, 0x00000000ffa80000, 0x0000000100000000)
  eden space 204800K, 0% used [0x00000000eab00000,0x00000000eab00000,0x00000000f7300000)
  from space 69632K, 2% used [0x00000000fb680000,0x00000000fb8076a0,0x00000000ffa80000)
  to   space 69120K, 0% used [0x00000000f7300000,0x00000000f7300000,0x00000000fb680000)
 ParOldGen       total 540672K, used 49226K [0x00000000c0000000, 0x00000000e1000000, 0x00000000eab00000)
  object space 540672K, 9% used [0x00000000c0000000,0x00000000c3012840,0x00000000e1000000)
 Metaspace       used 81687K, capacity 88080K, committed 88408K, reserved 1126400K
  class space    used 9279K, capacity 11290K, committed 11392K, reserved 1048576K
}
Event: 260.973 GC heap before
{Heap before GC invocations=26 (full 7):
 PSYoungGen      total 274432K, used 206365K [0x00000000eab00000, 0x00000000ffa80000, 0x0000000100000000)
  eden space 204800K, 100% used [0x00000000eab00000,0x00000000f7300000,0x00000000f7300000)
  from space 69632K, 2% used [0x00000000fb680000,0x00000000fb8076a0,0x00000000ffa80000)
  to   space 69120K, 0% used [0x00000000f7300000,0x00000000f7300000,0x00000000fb680000)
 ParOldGen       total 540672K, used 49226K [0x00000000c0000000, 0x00000000e1000000, 0x00000000eab00000)
  object space 540672K, 9% used [0x00000000c0000000,0x00000000c3012840,0x00000000e1000000)
 Metaspace       used 82129K, capacity 88656K, committed 88920K, reserved 1126400K
  class space    used 9281K, capacity 11290K, committed 11392K, reserved 1048576K
Event: 260.976 GC heap after
Heap after GC invocations=26 (full 7):
 PSYoungGen      total 273920K, used 2138K [0x00000000eab00000, 0x00000000ffa80000, 0x0000000100000000)
  eden space 204800K, 0% used [0x00000000eab00000,0x00000000eab00000,0x00000000f7300000)
  from space 69120K, 3% used [0x00000000f7300000,0x00000000f7516878,0x00000000fb680000)
  to   space 66560K, 0% used [0x00000000fb980000,0x00000000fb980000,0x00000000ffa80000)
 ParOldGen       total 540672K, used 49234K [0x00000000c0000000, 0x00000000e1000000, 0x00000000eab00000)
  object space 540672K, 9% used [0x00000000c0000000,0x00000000c3014840,0x00000000e1000000)
 Metaspace       used 82129K, capacity 88656K, committed 88920K, reserved 1126400K
  class space    used 9281K, capacity 11290K, committed 11392K, reserved 1048576K
}
Event: 308.221 GC heap before
{Heap before GC invocations=27 (full 7):
 PSYoungGen      total 273920K, used 206938K [0x00000000eab00000, 0x00000000ffa80000, 0x0000000100000000)
  eden space 204800K, 100% used [0x00000000eab00000,0x00000000f7300000,0x00000000f7300000)
  from space 69120K, 3% used [0x00000000f7300000,0x00000000f7516878,0x00000000fb680000)
  to   space 66560K, 0% used [0x00000000fb980000,0x00000000fb980000,0x00000000ffa80000)
 ParOldGen       total 540672K, used 49234K [0x00000000c0000000, 0x00000000e1000000, 0x00000000eab00000)
  object space 540672K, 9% used [0x00000000c0000000,0x00000000c3014840,0x00000000e1000000)
 Metaspace       used 82774K, capacity 89328K, committed 89432K, reserved 1128448K
  class space    used 9322K, capacity 11322K, committed 11392K, reserved 1048576K
Event: 308.240 GC heap after
Heap after GC invocations=27 (full 7):
 PSYoungGen      total 276992K, used 6583K [0x00000000eab00000, 0x00000000ff780000, 0x0000000100000000)
  eden space 213504K, 0% used [0x00000000eab00000,0x00000000eab00000,0x00000000f7b80000)
  from space 63488K, 10% used [0x00000000fb980000,0x00000000fbfedc70,0x00000000ff780000)
  to   space 63488K, 0% used [0x00000000f7b80000,0x00000000f7b80000,0x00000000fb980000)
 ParOldGen       total 540672K, used 49306K [0x00000000c0000000, 0x00000000e1000000, 0x00000000eab00000)
  object space 540672K, 9% used [0x00000000c0000000,0x00000000c3026850,0x00000000e1000000)
 Metaspace       used 82774K, capacity 89328K, committed 89432K, reserved 1128448K
  class space    used 9322K, capacity 11322K, committed 11392K, reserved 1048576K
}
Event: 360.307 GC heap before
{Heap before GC invocations=28 (full 7):
 PSYoungGen      total 276992K, used 220087K [0x00000000eab00000, 0x00000000ff780000, 0x0000000100000000)
  eden space 213504K, 100% used [0x00000000eab00000,0x00000000f7b80000,0x00000000f7b80000)
  from space 63488K, 10% used [0x00000000fb980000,0x00000000fbfedc70,0x00000000ff780000)
  to   space 63488K, 0% used [0x00000000f7b80000,0x00000000f7b80000,0x00000000fb980000)
 ParOldGen       total 540672K, used 49306K [0x00000000c0000000, 0x00000000e1000000, 0x00000000eab00000)
  object space 540672K, 9% used [0x00000000c0000000,0x00000000c3026850,0x00000000e1000000)
 Metaspace       used 82929K, capacity 89468K, committed 89688K, reserved 1128448K
  class space    used 9323K, capacity 11324K, committed 11392K, reserved 1048576K
Event: 360.311 GC heap after
Heap after GC invocations=28 (full 7):
 PSYoungGen      total 217088K, used 6410K [0x00000000eab00000, 0x00000000fed80000, 0x0000000100000000)
  eden space 210432K, 0% used [0x00000000eab00000,0x00000000eab00000,0x00000000f7880000)
  from space 6656K, 96% used [0x00000000f7b80000,0x00000000f81c2880,0x00000000f8200000)
  to   space 59904K, 0% used [0x00000000fb300000,0x00000000fb300000,0x00000000fed80000)
 ParOldGen       total 540672K, used 49314K [0x00000000c0000000, 0x00000000e1000000, 0x00000000eab00000)
  object space 540672K, 9% used [0x00000000c0000000,0x00000000c3028850,0x00000000e1000000)
 Metaspace       used 82929K, capacity 89468K, committed 89688K, reserved 1128448K
  class space    used 9323K, capacity 11324K, committed 11392K, reserved 1048576K
}

