# JRE version: OpenJDK Runtime Environment (8.0_151-b12) (build 1.8.0_151-b12)
# Java VM: OpenJDK 64-Bit Server VM (25.151-b12 mixed mode linux-amd64 compressed oops)
Heap:
 PSYoungGen      total 278016K, used 175217K [0x00000000eab00000, 0x00000000ff980000, 0x0000000100000000)
  eden space 211968K, 78% used [0x00000000eab00000,0x00000000f4d9d8d8,0x00000000f7a00000)
  from space 66048K, 13% used [0x00000000f7a00000,0x00000000f827ec20,0x00000000fba80000)
  to   space 63488K, 0% used [0x00000000fbb80000,0x00000000fbb80000,0x00000000ff980000)
 ParOldGen       total 644096K, used 49226K [0x00000000c0000000, 0x00000000e7500000, 0x00000000eab00000)
  object space 644096K, 7% used [0x00000000c0000000,0x00000000c30128d8,0x00000000e7500000)
 Metaspace       used 87575K, capacity 94192K, committed 94464K, reserved 1132544K
  class space    used 9932K, capacity 11924K, committed 12032K, reserved 1048576K
GC Heap History (10 events):
Event: 28.172 GC heap before
{Heap before GC invocations=20 (full 6):
 PSYoungGen      total 211456K, used 43925K [0x00000000eab00000, 0x0000000100000000, 0x0000000100000000)
  eden space 210944K, 20% used [0x00000000eab00000,0x00000000ed5e54d8,0x00000000f7900000)
  from space 512K, 0% used [0x00000000f7900000,0x00000000f7900000,0x00000000f7980000)
  to   space 70144K, 0% used [0x00000000fbb80000,0x00000000fbb80000,0x0000000100000000)
 ParOldGen       total 644096K, used 40265K [0x00000000c0000000, 0x00000000e7500000, 0x00000000eab00000)
  object space 644096K, 6% used [0x00000000c0000000,0x00000000c2752688,0x00000000e7500000)
 Metaspace       used 81632K, capacity 88220K, committed 88576K, reserved 1126400K
  class space    used 9410K, capacity 11396K, committed 11520K, reserved 1048576K
Event: 28.177 GC heap after
Heap after GC invocations=20 (full 6):
 PSYoungGen      total 280576K, used 9683K [0x00000000eab00000, 0x0000000100000000, 0x0000000100000000)
  eden space 210432K, 0% used [0x00000000eab00000,0x00000000eab00000,0x00000000f7880000)
  from space 70144K, 13% used [0x00000000fbb80000,0x00000000fc4f4cc0,0x0000000100000000)
  to   space 68608K, 0% used [0x00000000f7880000,0x00000000f7880000,0x00000000fbb80000)
 ParOldGen       total 644096K, used 40265K [0x00000000c0000000, 0x00000000e7500000, 0x00000000eab00000)
  object space 644096K, 6% used [0x00000000c0000000,0x00000000c2752688,0x00000000e7500000)
 Metaspace       used 81632K, capacity 88220K, committed 88576K, reserved 1126400K
  class space    used 9410K, capacity 11396K, committed 11520K, reserved 1048576K
}
Event: 28.177 GC heap before
{Heap before GC invocations=21 (full 7):
 PSYoungGen      total 280576K, used 9683K [0x00000000eab00000, 0x0000000100000000, 0x0000000100000000)
  eden space 210432K, 0% used [0x00000000eab00000,0x00000000eab00000,0x00000000f7880000)
  from space 70144K, 13% used [0x00000000fbb80000,0x00000000fc4f4cc0,0x0000000100000000)
  to   space 68608K, 0% used [0x00000000f7880000,0x00000000f7880000,0x00000000fbb80000)
 ParOldGen       total 644096K, used 40265K [0x00000000c0000000, 0x00000000e7500000, 0x00000000eab00000)
  object space 644096K, 6% used [0x00000000c0000000,0x00000000c2752688,0x00000000e7500000)
 Metaspace       used 81632K, capacity 88220K, committed 88576K, reserved 1126400K
  class space    used 9410K, capacity 11396K, committed 11520K, reserved 1048576K
Event: 28.231 GC heap after
Heap after GC invocations=21 (full 7):
 PSYoungGen      total 280576K, used 0K [0x00000000eab00000, 0x0000000100000000, 0x0000000100000000)
  eden space 210432K, 0% used [0x00000000eab00000,0x00000000eab00000,0x00000000f7880000)
  from space 70144K, 0% used [0x00000000fbb80000,0x00000000fbb80000,0x0000000100000000)
  to   space 68608K, 0% used [0x00000000f7880000,0x00000000f7880000,0x00000000fbb80000)
 ParOldGen       total 644096K, used 49122K [0x00000000c0000000, 0x00000000e7500000, 0x00000000eab00000)
  object space 644096K, 7% used [0x00000000c0000000,0x00000000c2ff88d8,0x00000000e7500000)
 Metaspace       used 81632K, capacity 88220K, committed 88576K, reserved 1126400K
  class space    used 9410K, capacity 11396K, committed 11520K, reserved 1048576K
}
Event: 106.678 GC heap before
{Heap before GC invocations=22 (full 7):
 PSYoungGen      total 280576K, used 210432K [0x00000000eab00000, 0x0000000100000000, 0x0000000100000000)
  eden space 210432K, 100% used [0x00000000eab00000,0x00000000f7880000,0x00000000f7880000)
  from space 70144K, 0% used [0x00000000fbb80000,0x00000000fbb80000,0x0000000100000000)
  to   space 68608K, 0% used [0x00000000f7880000,0x00000000f7880000,0x00000000fbb80000)
 ParOldGen       total 644096K, used 49122K [0x00000000c0000000, 0x00000000e7500000, 0x00000000eab00000)
  object space 644096K, 7% used [0x00000000c0000000,0x00000000c2ff88d8,0x00000000e7500000)
 Metaspace       used 81994K, capacity 88516K, committed 88832K, reserved 1126400K
  class space    used 9431K, capacity 11428K, committed 11520K, reserved 1048576K
Event: 106.682 GC heap after
Heap after GC invocations=22 (full 7):
 PSYoungGen      total 215040K, used 4221K [0x00000000eab00000, 0x00000000ffc80000, 0x0000000100000000)
  eden space 210432K, 0% used [0x00000000eab00000,0x00000000eab00000,0x00000000f7880000)
  from space 4608K, 91% used [0x00000000f7880000,0x00000000f7c9f420,0x00000000f7d00000)
  to   space 67584K, 0% used [0x00000000fba80000,0x00000000fba80000,0x00000000ffc80000)
 ParOldGen       total 644096K, used 49122K [0x00000000c0000000, 0x00000000e7500000, 0x00000000eab00000)
  object space 644096K, 7% used [0x00000000c0000000,0x00000000c2ff88d8,0x00000000e7500000)
 Metaspace       used 81994K, capacity 88516K, committed 88832K, reserved 1126400K
  class space    used 9431K, capacity 11428K, committed 11520K, reserved 1048576K
}
Event: 177.305 GC heap before
{Heap before GC invocations=23 (full 7):
 PSYoungGen      total 215040K, used 214653K [0x00000000eab00000, 0x00000000ffc80000, 0x0000000100000000)
  eden space 210432K, 100% used [0x00000000eab00000,0x00000000f7880000,0x00000000f7880000)
  from space 4608K, 91% used [0x00000000f7880000,0x00000000f7c9f420,0x00000000f7d00000)
  to   space 67584K, 0% used [0x00000000fba80000,0x00000000fba80000,0x00000000ffc80000)
 ParOldGen       total 644096K, used 49122K [0x00000000c0000000, 0x00000000e7500000, 0x00000000eab00000)
  object space 644096K, 7% used [0x00000000c0000000,0x00000000c2ff88d8,0x00000000e7500000)
 Metaspace       used 82747K, capacity 89200K, committed 89344K, reserved 1126400K
  class space    used 9464K, capacity 11462K, committed 11520K, reserved 1048576K
Event: 177.309 GC heap after
Heap after GC invocations=23 (full 7):
 PSYoungGen      total 279552K, used 5223K [0x00000000eab00000, 0x0000000100000000, 0x0000000100000000)
  eden space 211968K, 0% used [0x00000000eab00000,0x00000000eab00000,0x00000000f7a00000)
  from space 67584K, 7% used [0x00000000fba80000,0x00000000fbf99f40,0x00000000ffc80000)
  to   space 66048K, 0% used [0x00000000f7a00000,0x00000000f7a00000,0x00000000fba80000)
 ParOldGen       total 644096K, used 49218K [0x00000000c0000000, 0x00000000e7500000, 0x00000000eab00000)
  object space 644096K, 7% used [0x00000000c0000000,0x00000000c30108d8,0x00000000e7500000)
 Metaspace       used 82747K, capacity 89200K, committed 89344K, reserved 1126400K
  class space    used 9464K, capacity 11462K, committed 11520K, reserved 1048576K
}
Event: 255.247 GC heap before
{Heap before GC invocations=24 (full 7):
 PSYoungGen      total 279552K, used 217191K [0x00000000eab00000, 0x0000000100000000, 0x0000000100000000)
  eden space 211968K, 100% used [0x00000000eab00000,0x00000000f7a00000,0x00000000f7a00000)
  from space 67584K, 7% used [0x00000000fba80000,0x00000000fbf99f40,0x00000000ffc80000)
  to   space 66048K, 0% used [0x00000000f7a00000,0x00000000f7a00000,0x00000000fba80000)
 ParOldGen       total 644096K, used 49218K [0x00000000c0000000, 0x00000000e7500000, 0x00000000eab00000)
  object space 644096K, 7% used [0x00000000c0000000,0x00000000c30108d8,0x00000000e7500000)
 Metaspace       used 85726K, capacity 92162K, committed 92416K, reserved 1130496K
  class space    used 9757K, capacity 11770K, committed 11776K, reserved 1048576K
Event: 255.252 GC heap after
Heap after GC invocations=24 (full 7):
 PSYoungGen      total 278016K, used 8699K [0x00000000eab00000, 0x00000000ff980000, 0x0000000100000000)
  eden space 211968K, 0% used [0x00000000eab00000,0x00000000eab00000,0x00000000f7a00000)
  from space 66048K, 13% used [0x00000000f7a00000,0x00000000f827ec20,0x00000000fba80000)
  to   space 63488K, 0% used [0x00000000fbb80000,0x00000000fbb80000,0x00000000ff980000)
 ParOldGen       total 644096K, used 49226K [0x00000000c0000000, 0x00000000e7500000, 0x00000000eab00000)
  object space 644096K, 7% used [0x00000000c0000000,0x00000000c30128d8,0x00000000e7500000)
 Metaspace       used 85726K, capacity 92162K, committed 92416K, reserved 1130496K
  class space    used 9757K, capacity 11770K, committed 11776K, reserved 1048576K
}

