# JRE version: OpenJDK Runtime Environment (8.0_151-b12) (build 1.8.0_151-b12)
# Java VM: OpenJDK 64-Bit Server VM (25.151-b12 mixed mode linux-amd64 compressed oops)
Heap:
 PSYoungGen      total 271360K, used 66488K [0x00000000eab00000, 0x00000000ff700000, 0x0000000100000000)
  eden space 205824K, 25% used [0x00000000eab00000,0x00000000ede740f8,0x00000000f7400000)
  from space 65536K, 21% used [0x00000000f7400000,0x00000000f817a140,0x00000000fb400000)
  to   space 62464K, 0% used [0x00000000fba00000,0x00000000fba00000,0x00000000ff700000)
 ParOldGen       total 524800K, used 49847K [0x00000000c0000000, 0x00000000e0080000, 0x00000000eab00000)
  object space 524800K, 9% used [0x00000000c0000000,0x00000000c30adc58,0x00000000e0080000)
 Metaspace       used 86562K, capacity 92958K, committed 93400K, reserved 1130496K
  class space    used 9749K, capacity 11691K, committed 11776K, reserved 1048576K
GC Heap History (10 events):
Event: 81.473 GC heap before
{Heap before GC invocations=22 (full 7):
 PSYoungGen      total 273408K, used 196096K [0x00000000eab00000, 0x0000000100000000, 0x0000000100000000)
  eden space 196096K, 100% used [0x00000000eab00000,0x00000000f6a80000,0x00000000f6a80000)
  from space 77312K, 0% used [0x00000000fb480000,0x00000000fb480000,0x0000000100000000)
  to   space 75776K, 0% used [0x00000000f6a80000,0x00000000f6a80000,0x00000000fb480000)
 ParOldGen       total 524800K, used 49807K [0x00000000c0000000, 0x00000000e0080000, 0x00000000eab00000)
  object space 524800K, 9% used [0x00000000c0000000,0x00000000c30a3c58,0x00000000e0080000)
 Metaspace       used 80897K, capacity 87338K, committed 87768K, reserved 1126400K
  class space    used 9231K, capacity 11195K, committed 11264K, reserved 1048576K
Event: 81.479 GC heap after
Heap after GC invocations=22 (full 7):
 PSYoungGen      total 201216K, used 4915K [0x00000000eab00000, 0x00000000ffc80000, 0x0000000100000000)
  eden space 196096K, 0% used [0x00000000eab00000,0x00000000eab00000,0x00000000f6a80000)
  from space 5120K, 96% used [0x00000000f6a80000,0x00000000f6f4cf88,0x00000000f6f80000)
  to   space 74752K, 0% used [0x00000000fb380000,0x00000000fb380000,0x00000000ffc80000)
 ParOldGen       total 524800K, used 49815K [0x00000000c0000000, 0x00000000e0080000, 0x00000000eab00000)
  object space 524800K, 9% used [0x00000000c0000000,0x00000000c30a5c58,0x00000000e0080000)
 Metaspace       used 80897K, capacity 87338K, committed 87768K, reserved 1126400K
  class space    used 9231K, capacity 11195K, committed 11264K, reserved 1048576K
}
Event: 131.418 GC heap before
{Heap before GC invocations=23 (full 7):
 PSYoungGen      total 201216K, used 201011K [0x00000000eab00000, 0x00000000ffc80000, 0x0000000100000000)
  eden space 196096K, 100% used [0x00000000eab00000,0x00000000f6a80000,0x00000000f6a80000)
  from space 5120K, 96% used [0x00000000f6a80000,0x00000000f6f4cf88,0x00000000f6f80000)
  to   space 74752K, 0% used [0x00000000fb380000,0x00000000fb380000,0x00000000ffc80000)
 ParOldGen       total 524800K, used 49815K [0x00000000c0000000, 0x00000000e0080000, 0x00000000eab00000)
  object space 524800K, 9% used [0x00000000c0000000,0x00000000c30a5c58,0x00000000e0080000)
 Metaspace       used 83284K, capacity 89800K, committed 90072K, reserved 1128448K
  class space    used 9493K, capacity 11505K, committed 11520K, reserved 1048576K
Event: 131.425 GC heap after
Heap after GC invocations=23 (full 7):
 PSYoungGen      total 273920K, used 11580K [0x00000000eab00000, 0x0000000100000000, 0x0000000100000000)
  eden space 199168K, 0% used [0x00000000eab00000,0x00000000eab00000,0x00000000f6d80000)
  from space 74752K, 15% used [0x00000000fb380000,0x00000000fbecf0e8,0x00000000ffc80000)
  to   space 71680K, 0% used [0x00000000f6d80000,0x00000000f6d80000,0x00000000fb380000)
 ParOldGen       total 524800K, used 49823K [0x00000000c0000000, 0x00000000e0080000, 0x00000000eab00000)
  object space 524800K, 9% used [0x00000000c0000000,0x00000000c30a7c58,0x00000000e0080000)
 Metaspace       used 83284K, capacity 89800K, committed 90072K, reserved 1128448K
  class space    used 9493K, capacity 11505K, committed 11520K, reserved 1048576K
}
Event: 170.399 GC heap before
{Heap before GC invocations=24 (full 7):
 PSYoungGen      total 273920K, used 210748K [0x00000000eab00000, 0x0000000100000000, 0x0000000100000000)
  eden space 199168K, 100% used [0x00000000eab00000,0x00000000f6d80000,0x00000000f6d80000)
  from space 74752K, 15% used [0x00000000fb380000,0x00000000fbecf0e8,0x00000000ffc80000)
  to   space 71680K, 0% used [0x00000000f6d80000,0x00000000f6d80000,0x00000000fb380000)
 ParOldGen       total 524800K, used 49823K [0x00000000c0000000, 0x00000000e0080000, 0x00000000eab00000)
  object space 524800K, 9% used [0x00000000c0000000,0x00000000c30a7c58,0x00000000e0080000)
 Metaspace       used 83790K, capacity 90354K, committed 90712K, reserved 1128448K
  class space    used 9509K, capacity 11538K, committed 11648K, reserved 1048576K
Event: 170.408 GC heap after
Heap after GC invocations=24 (full 7):
 PSYoungGen      total 270848K, used 13123K [0x00000000eab00000, 0x00000000ff700000, 0x0000000100000000)
  eden space 199168K, 0% used [0x00000000eab00000,0x00000000eab00000,0x00000000f6d80000)
  from space 71680K, 18% used [0x00000000f6d80000,0x00000000f7a50ca0,0x00000000fb380000)
  to   space 68608K, 0% used [0x00000000fb400000,0x00000000fb400000,0x00000000ff700000)
 ParOldGen       total 524800K, used 49831K [0x00000000c0000000, 0x00000000e0080000, 0x00000000eab00000)
  object space 524800K, 9% used [0x00000000c0000000,0x00000000c30a9c58,0x00000000e0080000)
 Metaspace       used 83790K, capacity 90354K, committed 90712K, reserved 1128448K
  class space    used 9509K, capacity 11538K, committed 11648K, reserved 1048576K
}
Event: 205.582 GC heap before
{Heap before GC invocations=25 (full 7):
 PSYoungGen      total 270848K, used 212291K [0x00000000eab00000, 0x00000000ff700000, 0x0000000100000000)
  eden space 199168K, 100% used [0x00000000eab00000,0x00000000f6d80000,0x00000000f6d80000)
  from space 71680K, 18% used [0x00000000f6d80000,0x00000000f7a50ca0,0x00000000fb380000)
  to   space 68608K, 0% used [0x00000000fb400000,0x00000000fb400000,0x00000000ff700000)
 ParOldGen       total 524800K, used 49831K [0x00000000c0000000, 0x00000000e0080000, 0x00000000eab00000)
  object space 524800K, 9% used [0x00000000c0000000,0x00000000c30a9c58,0x00000000e0080000)
 Metaspace       used 84437K, capacity 90802K, committed 91224K, reserved 1128448K
  class space    used 9531K, capacity 11538K, committed 11648K, reserved 1048576K
Event: 205.591 GC heap after
Heap after GC invocations=25 (full 7):
 PSYoungGen      total 274432K, used 12989K [0x00000000eab00000, 0x00000000ff700000, 0x0000000100000000)
  eden space 205824K, 0% used [0x00000000eab00000,0x00000000eab00000,0x00000000f7400000)
  from space 68608K, 18% used [0x00000000fb400000,0x00000000fc0af7d0,0x00000000ff700000)
  to   space 65536K, 0% used [0x00000000f7400000,0x00000000f7400000,0x00000000fb400000)
 ParOldGen       total 524800K, used 49839K [0x00000000c0000000, 0x00000000e0080000, 0x00000000eab00000)
  object space 524800K, 9% used [0x00000000c0000000,0x00000000c30abc58,0x00000000e0080000)
 Metaspace       used 84437K, capacity 90802K, committed 91224K, reserved 1128448K
  class space    used 9531K, capacity 11538K, committed 11648K, reserved 1048576K
}
Event: 235.885 GC heap before
{Heap before GC invocations=26 (full 7):
 PSYoungGen      total 274432K, used 218813K [0x00000000eab00000, 0x00000000ff700000, 0x0000000100000000)
  eden space 205824K, 100% used [0x00000000eab00000,0x00000000f7400000,0x00000000f7400000)
  from space 68608K, 18% used [0x00000000fb400000,0x00000000fc0af7d0,0x00000000ff700000)
  to   space 65536K, 0% used [0x00000000f7400000,0x00000000f7400000,0x00000000fb400000)
 ParOldGen       total 524800K, used 49839K [0x00000000c0000000, 0x00000000e0080000, 0x00000000eab00000)
  object space 524800K, 9% used [0x00000000c0000000,0x00000000c30abc58,0x00000000e0080000)
 Metaspace       used 84640K, capacity 91006K, committed 91480K, reserved 1128448K
  class space    used 9538K, capacity 11540K, committed 11648K, reserved 1048576K
Event: 235.893 GC heap after
Heap after GC invocations=26 (full 7):
 PSYoungGen      total 271360K, used 13800K [0x00000000eab00000, 0x00000000ff700000, 0x0000000100000000)
  eden space 205824K, 0% used [0x00000000eab00000,0x00000000eab00000,0x00000000f7400000)
  from space 65536K, 21% used [0x00000000f7400000,0x00000000f817a140,0x00000000fb400000)
  to   space 62464K, 0% used [0x00000000fba00000,0x00000000fba00000,0x00000000ff700000)
 ParOldGen       total 524800K, used 49847K [0x00000000c0000000, 0x00000000e0080000, 0x00000000eab00000)
  object space 524800K, 9% used [0x00000000c0000000,0x00000000c30adc58,0x00000000e0080000)
 Metaspace       used 84640K, capacity 91006K, committed 91480K, reserved 1128448K
  class space    used 9538K, capacity 11540K, committed 11648K, reserved 1048576K
}

