# JRE version: OpenJDK Runtime Environment (8.0_151-b12) (build 1.8.0_151-b12)
# Java VM: OpenJDK 64-Bit Server VM (25.151-b12 mixed mode linux-amd64 compressed oops)
Heap:
 PSYoungGen      total 303616K, used 201656K [0x00000000eab00000, 0x00000000fff80000, 0x0000000100000000)
  eden space 259584K, 77% used [0x00000000eab00000,0x00000000f6f2b7e0,0x00000000fa880000)
  from space 44032K, 1% used [0x00000000fd480000,0x00000000fd542b18,0x00000000fff80000)
  to   space 44544K, 0% used [0x00000000fa880000,0x00000000fa880000,0x00000000fd400000)
 ParOldGen       total 360448K, used 60713K [0x00000000c0000000, 0x00000000d6000000, 0x00000000eab00000)
  object space 360448K, 16% used [0x00000000c0000000,0x00000000c3b4a790,0x00000000d6000000)
 Metaspace       used 91427K, capacity 99214K, committed 99584K, reserved 1136640K
  class space    used 10258K, capacity 12510K, committed 12544K, reserved 1048576K
GC Heap History (10 events):
Event: 39.650 GC heap before
{Heap before GC invocations=23 (full 6):
 PSYoungGen      total 302080K, used 74525K [0x00000000eab00000, 0x0000000100000000, 0x0000000100000000)
  eden space 253952K, 29% used [0x00000000eab00000,0x00000000ef3c7688,0x00000000fa300000)
  from space 48128K, 0% used [0x00000000fd100000,0x00000000fd100000,0x0000000100000000)
  to   space 47104K, 0% used [0x00000000fa300000,0x00000000fa300000,0x00000000fd100000)
 ParOldGen       total 360448K, used 64729K [0x00000000c0000000, 0x00000000d6000000, 0x00000000eab00000)
  object space 360448K, 17% used [0x00000000c0000000,0x00000000c3f367f0,0x00000000d6000000)
 Metaspace       used 85122K, capacity 92598K, committed 92800K, reserved 1130496K
  class space    used 9640K, capacity 11839K, committed 11904K, reserved 1048576K
Event: 39.656 GC heap after
Heap after GC invocations=23 (full 6):
 PSYoungGen      total 301056K, used 13504K [0x00000000eab00000, 0x0000000100000000, 0x0000000100000000)
  eden space 253952K, 0% used [0x00000000eab00000,0x00000000eab00000,0x00000000fa300000)
  from space 47104K, 28% used [0x00000000fa300000,0x00000000fb030378,0x00000000fd100000)
  to   space 45568K, 0% used [0x00000000fd380000,0x00000000fd380000,0x0000000100000000)
 ParOldGen       total 360448K, used 64729K [0x00000000c0000000, 0x00000000d6000000, 0x00000000eab00000)
  object space 360448K, 17% used [0x00000000c0000000,0x00000000c3f367f0,0x00000000d6000000)
 Metaspace       used 85122K, capacity 92598K, committed 92800K, reserved 1130496K
  class space    used 9640K, capacity 11839K, committed 11904K, reserved 1048576K
}
Event: 39.656 GC heap before
{Heap before GC invocations=24 (full 7):
 PSYoungGen      total 301056K, used 13504K [0x00000000eab00000, 0x0000000100000000, 0x0000000100000000)
  eden space 253952K, 0% used [0x00000000eab00000,0x00000000eab00000,0x00000000fa300000)
  from space 47104K, 28% used [0x00000000fa300000,0x00000000fb030378,0x00000000fd100000)
  to   space 45568K, 0% used [0x00000000fd380000,0x00000000fd380000,0x0000000100000000)
 ParOldGen       total 360448K, used 64729K [0x00000000c0000000, 0x00000000d6000000, 0x00000000eab00000)
  object space 360448K, 17% used [0x00000000c0000000,0x00000000c3f367f0,0x00000000d6000000)
 Metaspace       used 85122K, capacity 92598K, committed 92800K, reserved 1130496K
  class space    used 9640K, capacity 11839K, committed 11904K, reserved 1048576K
Event: 39.727 GC heap after
Heap after GC invocations=24 (full 7):
 PSYoungGen      total 301056K, used 0K [0x00000000eab00000, 0x0000000100000000, 0x0000000100000000)
  eden space 253952K, 0% used [0x00000000eab00000,0x00000000eab00000,0x00000000fa300000)
  from space 47104K, 0% used [0x00000000fa300000,0x00000000fa300000,0x00000000fd100000)
  to   space 45568K, 0% used [0x00000000fd380000,0x00000000fd380000,0x0000000100000000)
 ParOldGen       total 360448K, used 55205K [0x00000000c0000000, 0x00000000d6000000, 0x00000000eab00000)
  object space 360448K, 15% used [0x00000000c0000000,0x00000000c35e94e0,0x00000000d6000000)
 Metaspace       used 85122K, capacity 92598K, committed 92800K, reserved 1130496K
  class space    used 9640K, capacity 11839K, committed 11904K, reserved 1048576K
}
Event: 90.187 GC heap before
{Heap before GC invocations=25 (full 7):
 PSYoungGen      total 301056K, used 253952K [0x00000000eab00000, 0x0000000100000000, 0x0000000100000000)
  eden space 253952K, 100% used [0x00000000eab00000,0x00000000fa300000,0x00000000fa300000)
  from space 47104K, 0% used [0x00000000fa300000,0x00000000fa300000,0x00000000fd100000)
  to   space 45568K, 0% used [0x00000000fd380000,0x00000000fd380000,0x0000000100000000)
 ParOldGen       total 360448K, used 55205K [0x00000000c0000000, 0x00000000d6000000, 0x00000000eab00000)
  object space 360448K, 15% used [0x00000000c0000000,0x00000000c35e94e0,0x00000000d6000000)
 Metaspace       used 88803K, capacity 96446K, committed 96640K, reserved 1134592K
  class space    used 10054K, capacity 12361K, committed 12416K, reserved 1048576K
Event: 90.192 GC heap after
Heap after GC invocations=25 (full 7):
 PSYoungGen      total 299520K, used 4608K [0x00000000eab00000, 0x00000000ffd80000, 0x0000000100000000)
  eden space 256512K, 0% used [0x00000000eab00000,0x00000000eab00000,0x00000000fa580000)
  from space 43008K, 10% used [0x00000000fd380000,0x00000000fd8001c0,0x00000000ffd80000)
  to   space 45056K, 0% used [0x00000000fa580000,0x00000000fa580000,0x00000000fd180000)
 ParOldGen       total 360448K, used 55205K [0x00000000c0000000, 0x00000000d6000000, 0x00000000eab00000)
  object space 360448K, 15% used [0x00000000c0000000,0x00000000c35e94e0,0x00000000d6000000)
 Metaspace       used 88803K, capacity 96446K, committed 96640K, reserved 1134592K
  class space    used 10054K, capacity 12361K, committed 12416K, reserved 1048576K
}
Event: 200.848 GC heap before
{Heap before GC invocations=26 (full 7):
 PSYoungGen      total 299520K, used 261120K [0x00000000eab00000, 0x00000000ffd80000, 0x0000000100000000)
  eden space 256512K, 100% used [0x00000000eab00000,0x00000000fa580000,0x00000000fa580000)
  from space 43008K, 10% used [0x00000000fd380000,0x00000000fd8001c0,0x00000000ffd80000)
  to   space 45056K, 0% used [0x00000000fa580000,0x00000000fa580000,0x00000000fd180000)
 ParOldGen       total 360448K, used 55205K [0x00000000c0000000, 0x00000000d6000000, 0x00000000eab00000)
  object space 360448K, 15% used [0x00000000c0000000,0x00000000c35e94e0,0x00000000d6000000)
 Metaspace       used 88970K, capacity 96574K, committed 96896K, reserved 1134592K
  class space    used 10054K, capacity 12361K, committed 12416K, reserved 1048576K
Event: 200.852 GC heap after
Heap after GC invocations=26 (full 7):
 PSYoungGen      total 301568K, used 3816K [0x00000000eab00000, 0x0000000100000000, 0x0000000100000000)
  eden space 256512K, 0% used [0x00000000eab00000,0x00000000eab00000,0x00000000fa580000)
  from space 45056K, 8% used [0x00000000fa580000,0x00000000fa93a020,0x00000000fd180000)
  to   space 44544K, 0% used [0x00000000fd480000,0x00000000fd480000,0x0000000100000000)
 ParOldGen       total 360448K, used 56981K [0x00000000c0000000, 0x00000000d6000000, 0x00000000eab00000)
  object space 360448K, 15% used [0x00000000c0000000,0x00000000c37a5450,0x00000000d6000000)
 Metaspace       used 88970K, capacity 96574K, committed 96896K, reserved 1134592K
  class space    used 10054K, capacity 12361K, committed 12416K, reserved 1048576K
}
Event: 286.074 GC heap before
{Heap before GC invocations=27 (full 7):
 PSYoungGen      total 301568K, used 260328K [0x00000000eab00000, 0x0000000100000000, 0x0000000100000000)
  eden space 256512K, 100% used [0x00000000eab00000,0x00000000fa580000,0x00000000fa580000)
  from space 45056K, 8% used [0x00000000fa580000,0x00000000fa93a020,0x00000000fd180000)
  to   space 44544K, 0% used [0x00000000fd480000,0x00000000fd480000,0x0000000100000000)
 ParOldGen       total 360448K, used 56981K [0x00000000c0000000, 0x00000000d6000000, 0x00000000eab00000)
  object space 360448K, 15% used [0x00000000c0000000,0x00000000c37a5450,0x00000000d6000000)
 Metaspace       used 89264K, capacity 96830K, committed 97152K, reserved 1134592K
  class space    used 10074K, capacity 12361K, committed 12416K, reserved 1048576K
Event: 286.078 GC heap after
Heap after GC invocations=27 (full 7):
 PSYoungGen      total 303616K, used 778K [0x00000000eab00000, 0x00000000fff80000, 0x0000000100000000)
  eden space 259584K, 0% used [0x00000000eab00000,0x00000000eab00000,0x00000000fa880000)
  from space 44032K, 1% used [0x00000000fd480000,0x00000000fd542b18,0x00000000fff80000)
  to   space 44544K, 0% used [0x00000000fa880000,0x00000000fa880000,0x00000000fd400000)
 ParOldGen       total 360448K, used 60713K [0x00000000c0000000, 0x00000000d6000000, 0x00000000eab00000)
  object space 360448K, 16% used [0x00000000c0000000,0x00000000c3b4a790,0x00000000d6000000)
 Metaspace       used 89264K, capacity 96830K, committed 97152K, reserved 1134592K
  class space    used 10074K, capacity 12361K, committed 12416K, reserved 1048576K
}

