# JRE version: OpenJDK Runtime Environment (8.0_151-b12) (build 1.8.0_151-b12)
# Java VM: OpenJDK 64-Bit Server VM (25.151-b12 mixed mode linux-amd64 compressed oops)
Heap:
 PSYoungGen      total 207360K, used 78415K [0x00000000eab00000, 0x00000000fa780000, 0x0000000100000000)
  eden space 196096K, 34% used [0x00000000eab00000,0x00000000eed0cb80,0x00000000f6a80000)
  from space 11264K, 95% used [0x00000000f6d00000,0x00000000f7787300,0x00000000f7800000)
  to   space 31232K, 0% used [0x00000000f8900000,0x00000000f8900000,0x00000000fa780000)
 ParOldGen       total 540672K, used 51075K [0x00000000c0000000, 0x00000000e1000000, 0x00000000eab00000)
  object space 540672K, 9% used [0x00000000c0000000,0x00000000c31e0e00,0x00000000e1000000)
 Metaspace       used 88603K, capacity 95334K, committed 95576K, reserved 1132544K
  class space    used 9789K, capacity 11783K, committed 11904K, reserved 1048576K
GC Heap History (10 events):
Event: 1140.315 GC heap before
{Heap before GC invocations=36 (full 7):
 PSYoungGen      total 246272K, used 219428K [0x00000000eab00000, 0x00000000fcb80000, 0x0000000100000000)
  eden space 209408K, 100% used [0x00000000eab00000,0x00000000f7780000,0x00000000f7780000)
  from space 36864K, 27% used [0x00000000fa780000,0x00000000fb1493b0,0x00000000fcb80000)
  to   space 43008K, 0% used [0x00000000f7780000,0x00000000f7780000,0x00000000fa180000)
 ParOldGen       total 540672K, used 50437K [0x00000000c0000000, 0x00000000e1000000, 0x00000000eab00000)
  object space 540672K, 9% used [0x00000000c0000000,0x00000000c31415f8,0x00000000e1000000)
 Metaspace       used 86574K, capacity 93236K, committed 93528K, reserved 1130496K
  class space    used 9581K, capacity 11627K, committed 11648K, reserved 1048576K
Event: 1140.322 GC heap after
Heap after GC invocations=36 (full 7):
 PSYoungGen      total 217600K, used 10789K [0x00000000eab00000, 0x00000000fc280000, 0x0000000100000000)
  eden space 206336K, 0% used [0x00000000eab00000,0x00000000eab00000,0x00000000f7480000)
  from space 11264K, 95% used [0x00000000f7780000,0x00000000f8209698,0x00000000f8280000)
  to   space 39936K, 0% used [0x00000000f9b80000,0x00000000f9b80000,0x00000000fc280000)
 ParOldGen       total 540672K, used 50445K [0x00000000c0000000, 0x00000000e1000000, 0x00000000eab00000)
  object space 540672K, 9% used [0x00000000c0000000,0x00000000c31435f8,0x00000000e1000000)
 Metaspace       used 86574K, capacity 93236K, committed 93528K, reserved 1130496K
  class space    used 9581K, capacity 11627K, committed 11648K, reserved 1048576K
}
Event: 1248.507 GC heap before
{Heap before GC invocations=37 (full 7):
 PSYoungGen      total 217600K, used 217125K [0x00000000eab00000, 0x00000000fc280000, 0x0000000100000000)
  eden space 206336K, 100% used [0x00000000eab00000,0x00000000f7480000,0x00000000f7480000)
  from space 11264K, 95% used [0x00000000f7780000,0x00000000f8209698,0x00000000f8280000)
  to   space 39936K, 0% used [0x00000000f9b80000,0x00000000f9b80000,0x00000000fc280000)
 ParOldGen       total 540672K, used 50445K [0x00000000c0000000, 0x00000000e1000000, 0x00000000eab00000)
  object space 540672K, 9% used [0x00000000c0000000,0x00000000c31435f8,0x00000000e1000000)
 Metaspace       used 86785K, capacity 93492K, committed 93784K, reserved 1132544K
  class space    used 9581K, capacity 11627K, committed 11648K, reserved 1048576K
Event: 1248.514 GC heap after
Heap after GC invocations=37 (full 7):
 PSYoungGen      total 236032K, used 11639K [0x00000000eab00000, 0x00000000fbb00000, 0x0000000100000000)
  eden space 203776K, 0% used [0x00000000eab00000,0x00000000eab00000,0x00000000f7200000)
  from space 32256K, 36% used [0x00000000f9b80000,0x00000000fa6ddf00,0x00000000fbb00000)
  to   space 37376K, 0% used [0x00000000f7200000,0x00000000f7200000,0x00000000f9680000)
 ParOldGen       total 540672K, used 50445K [0x00000000c0000000, 0x00000000e1000000, 0x00000000eab00000)
  object space 540672K, 9% used [0x00000000c0000000,0x00000000c31435f8,0x00000000e1000000)
 Metaspace       used 86785K, capacity 93492K, committed 93784K, reserved 1132544K
  class space    used 9581K, capacity 11627K, committed 11648K, reserved 1048576K
}
Event: 1290.283 GC heap before
{Heap before GC invocations=38 (full 7):
 PSYoungGen      total 236032K, used 215415K [0x00000000eab00000, 0x00000000fbb00000, 0x0000000100000000)
  eden space 203776K, 100% used [0x00000000eab00000,0x00000000f7200000,0x00000000f7200000)
  from space 32256K, 36% used [0x00000000f9b80000,0x00000000fa6ddf00,0x00000000fbb00000)
  to   space 37376K, 0% used [0x00000000f7200000,0x00000000f7200000,0x00000000f9680000)
 ParOldGen       total 540672K, used 50445K [0x00000000c0000000, 0x00000000e1000000, 0x00000000eab00000)
  object space 540672K, 9% used [0x00000000c0000000,0x00000000c31435f8,0x00000000e1000000)
 Metaspace       used 86863K, capacity 93556K, committed 93784K, reserved 1132544K
  class space    used 9582K, capacity 11627K, committed 11648K, reserved 1048576K
Event: 1290.289 GC heap after
Heap after GC invocations=38 (full 7):
 PSYoungGen      total 212992K, used 11376K [0x00000000eab00000, 0x00000000fb380000, 0x0000000100000000)
  eden space 201216K, 0% used [0x00000000eab00000,0x00000000eab00000,0x00000000f6f80000)
  from space 11776K, 96% used [0x00000000f7200000,0x00000000f7d1c3a0,0x00000000f7d80000)
  to   space 34816K, 0% used [0x00000000f9180000,0x00000000f9180000,0x00000000fb380000)
 ParOldGen       total 540672K, used 50445K [0x00000000c0000000, 0x00000000e1000000, 0x00000000eab00000)
  object space 540672K, 9% used [0x00000000c0000000,0x00000000c31435f8,0x00000000e1000000)
 Metaspace       used 86863K, capacity 93556K, committed 93784K, reserved 1132544K
  class space    used 9582K, capacity 11627K, committed 11648K, reserved 1048576K
}
Event: 1324.586 GC heap before
{Heap before GC invocations=39 (full 7):
 PSYoungGen      total 212992K, used 212592K [0x00000000eab00000, 0x00000000fb380000, 0x0000000100000000)
  eden space 201216K, 100% used [0x00000000eab00000,0x00000000f6f80000,0x00000000f6f80000)
  from space 11776K, 96% used [0x00000000f7200000,0x00000000f7d1c3a0,0x00000000f7d80000)
  to   space 34816K, 0% used [0x00000000f9180000,0x00000000f9180000,0x00000000fb380000)
 ParOldGen       total 540672K, used 50445K [0x00000000c0000000, 0x00000000e1000000, 0x00000000eab00000)
  object space 540672K, 9% used [0x00000000c0000000,0x00000000c31435f8,0x00000000e1000000)
 Metaspace       used 86935K, capacity 93556K, committed 93784K, reserved 1132544K
  class space    used 9589K, capacity 11627K, committed 11648K, reserved 1048576K
Event: 1324.592 GC heap after
Heap after GC invocations=39 (full 7):
 PSYoungGen      total 226816K, used 11394K [0x00000000eab00000, 0x00000000fad00000, 0x0000000100000000)
  eden space 198656K, 0% used [0x00000000eab00000,0x00000000eab00000,0x00000000f6d00000)
  from space 28160K, 40% used [0x00000000f9180000,0x00000000f9ca0a08,0x00000000fad00000)
  to   space 32768K, 0% used [0x00000000f6d00000,0x00000000f6d00000,0x00000000f8d00000)
 ParOldGen       total 540672K, used 50445K [0x00000000c0000000, 0x00000000e1000000, 0x00000000eab00000)
  object space 540672K, 9% used [0x00000000c0000000,0x00000000c31435f8,0x00000000e1000000)
 Metaspace       used 86935K, capacity 93556K, committed 93784K, reserved 1132544K
  class space    used 9589K, capacity 11627K, committed 11648K, reserved 1048576K
}
Event: 1376.637 GC heap before
{Heap before GC invocations=40 (full 7):
 PSYoungGen      total 226816K, used 210050K [0x00000000eab00000, 0x00000000fad00000, 0x0000000100000000)
  eden space 198656K, 100% used [0x00000000eab00000,0x00000000f6d00000,0x00000000f6d00000)
  from space 28160K, 40% used [0x00000000f9180000,0x00000000f9ca0a08,0x00000000fad00000)
  to   space 32768K, 0% used [0x00000000f6d00000,0x00000000f6d00000,0x00000000f8d00000)
 ParOldGen       total 540672K, used 50445K [0x00000000c0000000, 0x00000000e1000000, 0x00000000eab00000)
  object space 540672K, 9% used [0x00000000c0000000,0x00000000c31435f8,0x00000000e1000000)
 Metaspace       used 87014K, capacity 93708K, committed 94040K, reserved 1132544K
  class space    used 9601K, capacity 11633K, committed 11648K, reserved 1048576K
Event: 1376.643 GC heap after
Heap after GC invocations=40 (full 7):
 PSYoungGen      total 207360K, used 10780K [0x00000000eab00000, 0x00000000fa780000, 0x0000000100000000)
  eden space 196096K, 0% used [0x00000000eab00000,0x00000000eab00000,0x00000000f6a80000)
  from space 11264K, 95% used [0x00000000f6d00000,0x00000000f7787300,0x00000000f7800000)
  to   space 31232K, 0% used [0x00000000f8900000,0x00000000f8900000,0x00000000fa780000)
 ParOldGen       total 540672K, used 51075K [0x00000000c0000000, 0x00000000e1000000, 0x00000000eab00000)
  object space 540672K, 9% used [0x00000000c0000000,0x00000000c31e0e00,0x00000000e1000000)
 Metaspace       used 87014K, capacity 93708K, committed 94040K, reserved 1132544K
  class space    used 9601K, capacity 11633K, committed 11648K, reserved 1048576K
}

