# JRE version: OpenJDK Runtime Environment (8.0_151-b12) (build 1.8.0_151-b12)
# Java VM: OpenJDK 64-Bit Server VM (25.151-b12 mixed mode linux-amd64 compressed oops)
Heap:
 PSYoungGen      total 276992K, used 126072K [0x00000000eab00000, 0x0000000100000000, 0x0000000100000000)
  eden space 211456K, 57% used [0x00000000eab00000,0x00000000f21d7160,0x00000000f7980000)
  from space 65536K, 6% used [0x00000000f7980000,0x00000000f7dc71d0,0x00000000fb980000)
  to   space 64000K, 0% used [0x00000000fc180000,0x00000000fc180000,0x0000000100000000)
 ParOldGen       total 433152K, used 49351K [0x00000000c0000000, 0x00000000da700000, 0x00000000eab00000)
  object space 433152K, 11% used [0x00000000c0000000,0x00000000c3031cb8,0x00000000da700000)
 Metaspace       used 84051K, capacity 90476K, committed 90840K, reserved 1128448K
  class space    used 9486K, capacity 11403K, committed 11520K, reserved 1048576K
GC Heap History (10 events):
Event: 101.183 GC heap before
{Heap before GC invocations=20 (full 6):
 PSYoungGen      total 279040K, used 386K [0x00000000eab00000, 0x0000000100000000, 0x0000000100000000)
  eden space 208896K, 0% used [0x00000000eab00000,0x00000000eab00000,0x00000000f7700000)
  from space 70144K, 0% used [0x00000000fbb80000,0x00000000fbbe0b30,0x0000000100000000)
  to   space 70144K, 0% used [0x00000000f7700000,0x00000000f7700000,0x00000000fbb80000)
 ParOldGen       total 433152K, used 44908K [0x00000000c0000000, 0x00000000da700000, 0x00000000eab00000)
  object space 433152K, 10% used [0x00000000c0000000,0x00000000c2bdb208,0x00000000da700000)
 Metaspace       used 81490K, capacity 87966K, committed 88024K, reserved 1126400K
  class space    used 9256K, capacity 11215K, committed 11264K, reserved 1048576K
Event: 101.268 GC heap after
Heap after GC invocations=20 (full 6):
 PSYoungGen      total 279040K, used 0K [0x00000000eab00000, 0x0000000100000000, 0x0000000100000000)
  eden space 208896K, 0% used [0x00000000eab00000,0x00000000eab00000,0x00000000f7700000)
  from space 70144K, 0% used [0x00000000fbb80000,0x00000000fbb80000,0x0000000100000000)
  to   space 70144K, 0% used [0x00000000f7700000,0x00000000f7700000,0x00000000fbb80000)
 ParOldGen       total 433152K, used 40084K [0x00000000c0000000, 0x00000000da700000, 0x00000000eab00000)
  object space 433152K, 9% used [0x00000000c0000000,0x00000000c2725220,0x00000000da700000)
 Metaspace       used 81490K, capacity 87966K, committed 88024K, reserved 1126400K
  class space    used 9256K, capacity 11215K, committed 11264K, reserved 1048576K
}
Event: 101.554 GC heap before
{Heap before GC invocations=21 (full 6):
 PSYoungGen      total 279040K, used 44765K [0x00000000eab00000, 0x0000000100000000, 0x0000000100000000)
  eden space 208896K, 21% used [0x00000000eab00000,0x00000000ed6b7638,0x00000000f7700000)
  from space 70144K, 0% used [0x00000000fbb80000,0x00000000fbb80000,0x0000000100000000)
  to   space 70144K, 0% used [0x00000000f7700000,0x00000000f7700000,0x00000000fbb80000)
 ParOldGen       total 433152K, used 40084K [0x00000000c0000000, 0x00000000da700000, 0x00000000eab00000)
  object space 433152K, 9% used [0x00000000c0000000,0x00000000c2725220,0x00000000da700000)
 Metaspace       used 81491K, capacity 87966K, committed 88024K, reserved 1126400K
  class space    used 9256K, capacity 11215K, committed 11264K, reserved 1048576K
Event: 101.558 GC heap after
Heap after GC invocations=21 (full 6):
 PSYoungGen      total 279040K, used 10127K [0x00000000eab00000, 0x0000000100000000, 0x0000000100000000)
  eden space 208896K, 0% used [0x00000000eab00000,0x00000000eab00000,0x00000000f7700000)
  from space 70144K, 14% used [0x00000000f7700000,0x00000000f80e3cb0,0x00000000fbb80000)
  to   space 67584K, 0% used [0x00000000fbe00000,0x00000000fbe00000,0x0000000100000000)
 ParOldGen       total 433152K, used 40084K [0x00000000c0000000, 0x00000000da700000, 0x00000000eab00000)
  object space 433152K, 9% used [0x00000000c0000000,0x00000000c2725220,0x00000000da700000)
 Metaspace       used 81491K, capacity 87966K, committed 88024K, reserved 1126400K
  class space    used 9256K, capacity 11215K, committed 11264K, reserved 1048576K
}
Event: 101.558 GC heap before
{Heap before GC invocations=22 (full 7):
 PSYoungGen      total 279040K, used 10127K [0x00000000eab00000, 0x0000000100000000, 0x0000000100000000)
  eden space 208896K, 0% used [0x00000000eab00000,0x00000000eab00000,0x00000000f7700000)
  from space 70144K, 14% used [0x00000000f7700000,0x00000000f80e3cb0,0x00000000fbb80000)
  to   space 67584K, 0% used [0x00000000fbe00000,0x00000000fbe00000,0x0000000100000000)
 ParOldGen       total 433152K, used 40084K [0x00000000c0000000, 0x00000000da700000, 0x00000000eab00000)
  object space 433152K, 9% used [0x00000000c0000000,0x00000000c2725220,0x00000000da700000)
 Metaspace       used 81491K, capacity 87966K, committed 88024K, reserved 1126400K
  class space    used 9256K, capacity 11215K, committed 11264K, reserved 1048576K
Event: 101.626 GC heap after
Heap after GC invocations=22 (full 7):
 PSYoungGen      total 279040K, used 0K [0x00000000eab00000, 0x0000000100000000, 0x0000000100000000)
  eden space 208896K, 0% used [0x00000000eab00000,0x00000000eab00000,0x00000000f7700000)
  from space 70144K, 0% used [0x00000000f7700000,0x00000000f7700000,0x00000000fbb80000)
  to   space 67584K, 0% used [0x00000000fbe00000,0x00000000fbe00000,0x0000000100000000)
 ParOldGen       total 433152K, used 49343K [0x00000000c0000000, 0x00000000da700000, 0x00000000eab00000)
  object space 433152K, 11% used [0x00000000c0000000,0x00000000c302fcb8,0x00000000da700000)
 Metaspace       used 81491K, capacity 87966K, committed 88024K, reserved 1126400K
  class space    used 9256K, capacity 11215K, committed 11264K, reserved 1048576K
}
Event: 210.838 GC heap before
{Heap before GC invocations=23 (full 7):
 PSYoungGen      total 279040K, used 208896K [0x00000000eab00000, 0x0000000100000000, 0x0000000100000000)
  eden space 208896K, 100% used [0x00000000eab00000,0x00000000f7700000,0x00000000f7700000)
  from space 70144K, 0% used [0x00000000f7700000,0x00000000f7700000,0x00000000fbb80000)
  to   space 67584K, 0% used [0x00000000fbe00000,0x00000000fbe00000,0x0000000100000000)
 ParOldGen       total 433152K, used 49343K [0x00000000c0000000, 0x00000000da700000, 0x00000000eab00000)
  object space 433152K, 11% used [0x00000000c0000000,0x00000000c302fcb8,0x00000000da700000)
 Metaspace       used 81971K, capacity 88350K, committed 88536K, reserved 1126400K
  class space    used 9266K, capacity 11215K, committed 11264K, reserved 1048576K
Event: 210.850 GC heap after
Heap after GC invocations=23 (full 7):
 PSYoungGen      total 272384K, used 7830K [0x00000000eab00000, 0x00000000ff980000, 0x0000000100000000)
  eden space 211456K, 0% used [0x00000000eab00000,0x00000000eab00000,0x00000000f7980000)
  from space 60928K, 12% used [0x00000000fbe00000,0x00000000fc5a5a60,0x00000000ff980000)
  to   space 65536K, 0% used [0x00000000f7980000,0x00000000f7980000,0x00000000fb980000)
 ParOldGen       total 433152K, used 49343K [0x00000000c0000000, 0x00000000da700000, 0x00000000eab00000)
  object space 433152K, 11% used [0x00000000c0000000,0x00000000c302fcb8,0x00000000da700000)
 Metaspace       used 81971K, capacity 88350K, committed 88536K, reserved 1126400K
  class space    used 9266K, capacity 11215K, committed 11264K, reserved 1048576K
}
Event: 267.137 GC heap before
{Heap before GC invocations=24 (full 7):
 PSYoungGen      total 272384K, used 219286K [0x00000000eab00000, 0x00000000ff980000, 0x0000000100000000)
  eden space 211456K, 100% used [0x00000000eab00000,0x00000000f7980000,0x00000000f7980000)
  from space 60928K, 12% used [0x00000000fbe00000,0x00000000fc5a5a60,0x00000000ff980000)
  to   space 65536K, 0% used [0x00000000f7980000,0x00000000f7980000,0x00000000fb980000)
 ParOldGen       total 433152K, used 49343K [0x00000000c0000000, 0x00000000da700000, 0x00000000eab00000)
  object space 433152K, 11% used [0x00000000c0000000,0x00000000c302fcb8,0x00000000da700000)
 Metaspace       used 82114K, capacity 88562K, committed 88792K, reserved 1126400K
  class space    used 9278K, capacity 11221K, committed 11264K, reserved 1048576K
Event: 267.140 GC heap after
Heap after GC invocations=24 (full 7):
 PSYoungGen      total 276992K, used 4380K [0x00000000eab00000, 0x0000000100000000, 0x0000000100000000)
  eden space 211456K, 0% used [0x00000000eab00000,0x00000000eab00000,0x00000000f7980000)
  from space 65536K, 6% used [0x00000000f7980000,0x00000000f7dc71d0,0x00000000fb980000)
  to   space 64000K, 0% used [0x00000000fc180000,0x00000000fc180000,0x0000000100000000)
 ParOldGen       total 433152K, used 49351K [0x00000000c0000000, 0x00000000da700000, 0x00000000eab00000)
  object space 433152K, 11% used [0x00000000c0000000,0x00000000c3031cb8,0x00000000da700000)
 Metaspace       used 82114K, capacity 88562K, committed 88792K, reserved 1126400K
  class space    used 9278K, capacity 11221K, committed 11264K, reserved 1048576K
}

