# JRE version: OpenJDK Runtime Environment (8.0_151-b12) (build 1.8.0_151-b12)
# Java VM: OpenJDK 64-Bit Server VM (25.151-b12 mixed mode linux-amd64 compressed oops)
Heap:
 PSYoungGen      total 221696K, used 185506K [0x00000000eab00000, 0x00000000fcf80000, 0x0000000100000000)
  eden space 205312K, 82% used [0x00000000eab00000,0x00000000f50a4c08,0x00000000f7380000)
  from space 16384K, 96% used [0x00000000f7680000,0x00000000f8603e28,0x00000000f8680000)
  to   space 47104K, 0% used [0x00000000fa180000,0x00000000fa180000,0x00000000fcf80000)
 ParOldGen       total 496128K, used 49529K [0x00000000c0000000, 0x00000000de480000, 0x00000000eab00000)
  object space 496128K, 9% used [0x00000000c0000000,0x00000000c305e468,0x00000000de480000)
 Metaspace       used 88399K, capacity 94946K, committed 95320K, reserved 1132544K
  class space    used 9791K, capacity 11782K, committed 11904K, reserved 1048576K
GC Heap History (10 events):
Event: 502.350 GC heap before
{Heap before GC invocations=26 (full 7):
 PSYoungGen      total 279040K, used 232333K [0x00000000eab00000, 0x00000000ff680000, 0x0000000100000000)
  eden space 217600K, 100% used [0x00000000eab00000,0x00000000f7f80000,0x00000000f7f80000)
  from space 61440K, 23% used [0x00000000fba80000,0x00000000fc8e35d8,0x00000000ff680000)
  to   space 60416K, 0% used [0x00000000f7f80000,0x00000000f7f80000,0x00000000fba80000)
 ParOldGen       total 496128K, used 49505K [0x00000000c0000000, 0x00000000de480000, 0x00000000eab00000)
  object space 496128K, 9% used [0x00000000c0000000,0x00000000c3058468,0x00000000de480000)
 Metaspace       used 85289K, capacity 91774K, committed 91992K, reserved 1130496K
  class space    used 9570K, capacity 11567K, committed 11648K, reserved 1048576K
Event: 502.358 GC heap after
Heap after GC invocations=26 (full 7):
 PSYoungGen      total 278016K, used 14217K [0x00000000eab00000, 0x00000000ffa00000, 0x0000000100000000)
  eden space 217600K, 0% used [0x00000000eab00000,0x00000000eab00000,0x00000000f7f80000)
  from space 60416K, 23% used [0x00000000f7f80000,0x00000000f8d62650,0x00000000fba80000)
  to   space 57856K, 0% used [0x00000000fc180000,0x00000000fc180000,0x00000000ffa00000)
 ParOldGen       total 496128K, used 49505K [0x00000000c0000000, 0x00000000de480000, 0x00000000eab00000)
  object space 496128K, 9% used [0x00000000c0000000,0x00000000c3058468,0x00000000de480000)
 Metaspace       used 85289K, capacity 91774K, committed 91992K, reserved 1130496K
  class space    used 9570K, capacity 11567K, committed 11648K, reserved 1048576K
}
Event: 564.856 GC heap before
{Heap before GC invocations=27 (full 7):
 PSYoungGen      total 278016K, used 231817K [0x00000000eab00000, 0x00000000ffa00000, 0x0000000100000000)
  eden space 217600K, 100% used [0x00000000eab00000,0x00000000f7f80000,0x00000000f7f80000)
  from space 60416K, 23% used [0x00000000f7f80000,0x00000000f8d62650,0x00000000fba80000)
  to   space 57856K, 0% used [0x00000000fc180000,0x00000000fc180000,0x00000000ffa00000)
 ParOldGen       total 496128K, used 49505K [0x00000000c0000000, 0x00000000de480000, 0x00000000eab00000)
  object space 496128K, 9% used [0x00000000c0000000,0x00000000c3058468,0x00000000de480000)
 Metaspace       used 85730K, capacity 92214K, committed 92504K, reserved 1130496K
  class space    used 9587K, capacity 11603K, committed 11648K, reserved 1048576K
Event: 564.865 GC heap after
Heap after GC invocations=27 (full 7):
 PSYoungGen      total 253440K, used 13300K [0x00000000eab00000, 0x00000000fe780000, 0x0000000100000000)
  eden space 214528K, 0% used [0x00000000eab00000,0x00000000eab00000,0x00000000f7c80000)
  from space 38912K, 34% used [0x00000000fc180000,0x00000000fce7d240,0x00000000fe780000)
  to   space 54784K, 0% used [0x00000000f7c80000,0x00000000f7c80000,0x00000000fb200000)
 ParOldGen       total 496128K, used 49513K [0x00000000c0000000, 0x00000000de480000, 0x00000000eab00000)
  object space 496128K, 9% used [0x00000000c0000000,0x00000000c305a468,0x00000000de480000)
 Metaspace       used 85730K, capacity 92214K, committed 92504K, reserved 1130496K
  class space    used 9587K, capacity 11603K, committed 11648K, reserved 1048576K
}
Event: 634.460 GC heap before
{Heap before GC invocations=28 (full 7):
 PSYoungGen      total 253440K, used 227828K [0x00000000eab00000, 0x00000000fe780000, 0x0000000100000000)
  eden space 214528K, 100% used [0x00000000eab00000,0x00000000f7c80000,0x00000000f7c80000)
  from space 38912K, 34% used [0x00000000fc180000,0x00000000fce7d240,0x00000000fe780000)
  to   space 54784K, 0% used [0x00000000f7c80000,0x00000000f7c80000,0x00000000fb200000)
 ParOldGen       total 496128K, used 49513K [0x00000000c0000000, 0x00000000de480000, 0x00000000eab00000)
  object space 496128K, 9% used [0x00000000c0000000,0x00000000c305a468,0x00000000de480000)
 Metaspace       used 86037K, capacity 92476K, committed 92760K, reserved 1130496K
  class space    used 9599K, capacity 11604K, committed 11648K, reserved 1048576K
Event: 634.469 GC heap after
Heap after GC invocations=28 (full 7):
 PSYoungGen      total 225280K, used 13546K [0x00000000eab00000, 0x00000000fdf80000, 0x0000000100000000)
  eden space 211456K, 0% used [0x00000000eab00000,0x00000000eab00000,0x00000000f7980000)
  from space 13824K, 97% used [0x00000000f7c80000,0x00000000f89baa70,0x00000000f8a00000)
  to   space 52224K, 0% used [0x00000000fac80000,0x00000000fac80000,0x00000000fdf80000)
 ParOldGen       total 496128K, used 49513K [0x00000000c0000000, 0x00000000de480000, 0x00000000eab00000)
  object space 496128K, 9% used [0x00000000c0000000,0x00000000c305a468,0x00000000de480000)
 Metaspace       used 86037K, capacity 92476K, committed 92760K, reserved 1130496K
  class space    used 9599K, capacity 11604K, committed 11648K, reserved 1048576K
}
Event: 690.842 GC heap before
{Heap before GC invocations=29 (full 7):
 PSYoungGen      total 225280K, used 225002K [0x00000000eab00000, 0x00000000fdf80000, 0x0000000100000000)
  eden space 211456K, 100% used [0x00000000eab00000,0x00000000f7980000,0x00000000f7980000)
  from space 13824K, 97% used [0x00000000f7c80000,0x00000000f89baa70,0x00000000f8a00000)
  to   space 52224K, 0% used [0x00000000fac80000,0x00000000fac80000,0x00000000fdf80000)
 ParOldGen       total 496128K, used 49513K [0x00000000c0000000, 0x00000000de480000, 0x00000000eab00000)
  object space 496128K, 9% used [0x00000000c0000000,0x00000000c305a468,0x00000000de480000)
 Metaspace       used 86193K, capacity 92860K, committed 93016K, reserved 1130496K
  class space    used 9599K, capacity 11604K, committed 11648K, reserved 1048576K
Event: 690.851 GC heap after
Heap after GC invocations=29 (full 7):
 PSYoungGen      total 252416K, used 13674K [0x00000000eab00000, 0x00000000fd780000, 0x0000000100000000)
  eden space 208384K, 0% used [0x00000000eab00000,0x00000000eab00000,0x00000000f7680000)
  from space 44032K, 31% used [0x00000000fac80000,0x00000000fb9daa58,0x00000000fd780000)
  to   space 49664K, 0% used [0x00000000f7680000,0x00000000f7680000,0x00000000fa700000)
 ParOldGen       total 496128K, used 49521K [0x00000000c0000000, 0x00000000de480000, 0x00000000eab00000)
  object space 496128K, 9% used [0x00000000c0000000,0x00000000c305c468,0x00000000de480000)
 Metaspace       used 86193K, capacity 92860K, committed 93016K, reserved 1130496K
  class space    used 9599K, capacity 11604K, committed 11648K, reserved 1048576K
}
Event: 747.330 GC heap before
{Heap before GC invocations=30 (full 7):
 PSYoungGen      total 252416K, used 222058K [0x00000000eab00000, 0x00000000fd780000, 0x0000000100000000)
  eden space 208384K, 100% used [0x00000000eab00000,0x00000000f7680000,0x00000000f7680000)
  from space 44032K, 31% used [0x00000000fac80000,0x00000000fb9daa58,0x00000000fd780000)
  to   space 49664K, 0% used [0x00000000f7680000,0x00000000f7680000,0x00000000fa700000)
 ParOldGen       total 496128K, used 49521K [0x00000000c0000000, 0x00000000de480000, 0x00000000eab00000)
  object space 496128K, 9% used [0x00000000c0000000,0x00000000c305c468,0x00000000de480000)
 Metaspace       used 86696K, capacity 93282K, committed 93528K, reserved 1130496K
  class space    used 9612K, capacity 11637K, committed 11648K, reserved 1048576K
Event: 747.338 GC heap after
Heap after GC invocations=30 (full 7):
 PSYoungGen      total 221696K, used 15887K [0x00000000eab00000, 0x00000000fcf80000, 0x0000000100000000)
  eden space 205312K, 0% used [0x00000000eab00000,0x00000000eab00000,0x00000000f7380000)
  from space 16384K, 96% used [0x00000000f7680000,0x00000000f8603e28,0x00000000f8680000)
  to   space 47104K, 0% used [0x00000000fa180000,0x00000000fa180000,0x00000000fcf80000)
 ParOldGen       total 496128K, used 49529K [0x00000000c0000000, 0x00000000de480000, 0x00000000eab00000)
  object space 496128K, 9% used [0x00000000c0000000,0x00000000c305e468,0x00000000de480000)
 Metaspace       used 86696K, capacity 93282K, committed 93528K, reserved 1130496K
  class space    used 9612K, capacity 11637K, committed 11648K, reserved 1048576K
}

