# JRE version: OpenJDK Runtime Environment (8.0_151-b12) (build 1.8.0_151-b12)
# Java VM: OpenJDK 64-Bit Server VM (25.151-b12 mixed mode linux-amd64 compressed oops)
Heap:
 PSYoungGen      total 275968K, used 52923K [0x00000000eab00000, 0x00000000ffd80000, 0x0000000100000000)
  eden space 204288K, 23% used [0x00000000eab00000,0x00000000eda60408,0x00000000f7280000)
  from space 71680K, 6% used [0x00000000f7280000,0x00000000f76ce858,0x00000000fb880000)
  to   space 70656K, 0% used [0x00000000fb880000,0x00000000fb880000,0x00000000ffd80000)
 ParOldGen       total 537088K, used 49636K [0x00000000c0000000, 0x00000000e0c80000, 0x00000000eab00000)
  object space 537088K, 9% used [0x00000000c0000000,0x00000000c3079330,0x00000000e0c80000)
 Metaspace       used 84157K, capacity 90594K, committed 90968K, reserved 1128448K
  class space    used 9610K, capacity 11553K, committed 11648K, reserved 1048576K
GC Heap History (10 events):
Event: 25.431 GC heap before
{Heap before GC invocations=18 (full 5):
 PSYoungGen      total 275968K, used 71168K [0x00000000eab00000, 0x0000000100000000, 0x0000000100000000)
  eden space 203776K, 14% used [0x00000000eab00000,0x00000000ec7b4268,0x00000000f7200000)
  from space 72192K, 57% used [0x00000000fb980000,0x00000000fe24c0b0,0x0000000100000000)
  to   space 72704K, 0% used [0x00000000f7200000,0x00000000f7200000,0x00000000fb900000)
 ParOldGen       total 537088K, used 44986K [0x00000000c0000000, 0x00000000e0c80000, 0x00000000eab00000)
  object space 537088K, 8% used [0x00000000c0000000,0x00000000c2beeaf0,0x00000000e0c80000)
 Metaspace       used 81145K, capacity 87592K, committed 87896K, reserved 1126400K
  class space    used 9309K, capacity 11333K, committed 11392K, reserved 1048576K
Event: 25.434 GC heap after
Heap after GC invocations=18 (full 5):
 PSYoungGen      total 205312K, used 1492K [0x00000000eab00000, 0x0000000100000000, 0x0000000100000000)
  eden space 203776K, 0% used [0x00000000eab00000,0x00000000eab00000,0x00000000f7200000)
  from space 1536K, 97% used [0x00000000f7200000,0x00000000f7375078,0x00000000f7380000)
  to   space 73216K, 0% used [0x00000000fb880000,0x00000000fb880000,0x0000000100000000)
 ParOldGen       total 537088K, used 44986K [0x00000000c0000000, 0x00000000e0c80000, 0x00000000eab00000)
  object space 537088K, 8% used [0x00000000c0000000,0x00000000c2beeaf0,0x00000000e0c80000)
 Metaspace       used 81145K, capacity 87592K, committed 87896K, reserved 1126400K
  class space    used 9309K, capacity 11333K, committed 11392K, reserved 1048576K
}
Event: 25.434 GC heap before
{Heap before GC invocations=19 (full 6):
 PSYoungGen      total 205312K, used 1492K [0x00000000eab00000, 0x0000000100000000, 0x0000000100000000)
  eden space 203776K, 0% used [0x00000000eab00000,0x00000000eab00000,0x00000000f7200000)
  from space 1536K, 97% used [0x00000000f7200000,0x00000000f7375078,0x00000000f7380000)
  to   space 73216K, 0% used [0x00000000fb880000,0x00000000fb880000,0x0000000100000000)
 ParOldGen       total 537088K, used 44986K [0x00000000c0000000, 0x00000000e0c80000, 0x00000000eab00000)
  object space 537088K, 8% used [0x00000000c0000000,0x00000000c2beeaf0,0x00000000e0c80000)
 Metaspace       used 81145K, capacity 87592K, committed 87896K, reserved 1126400K
  class space    used 9309K, capacity 11333K, committed 11392K, reserved 1048576K
Event: 25.506 GC heap after
Heap after GC invocations=19 (full 6):
 PSYoungGen      total 205312K, used 0K [0x00000000eab00000, 0x0000000100000000, 0x0000000100000000)
  eden space 203776K, 0% used [0x00000000eab00000,0x00000000eab00000,0x00000000f7200000)
  from space 1536K, 0% used [0x00000000f7200000,0x00000000f7200000,0x00000000f7380000)
  to   space 73216K, 0% used [0x00000000fb880000,0x00000000fb880000,0x0000000100000000)
 ParOldGen       total 537088K, used 41253K [0x00000000c0000000, 0x00000000e0c80000, 0x00000000eab00000)
  object space 537088K, 7% used [0x00000000c0000000,0x00000000c2849578,0x00000000e0c80000)
 Metaspace       used 81145K, capacity 87592K, committed 87896K, reserved 1126400K
  class space    used 9309K, capacity 11333K, committed 11392K, reserved 1048576K
}
Event: 25.735 GC heap before
{Heap before GC invocations=20 (full 6):
 PSYoungGen      total 205312K, used 49730K [0x00000000eab00000, 0x0000000100000000, 0x0000000100000000)
  eden space 203776K, 24% used [0x00000000eab00000,0x00000000edb90bf0,0x00000000f7200000)
  from space 1536K, 0% used [0x00000000f7200000,0x00000000f7200000,0x00000000f7380000)
  to   space 73216K, 0% used [0x00000000fb880000,0x00000000fb880000,0x0000000100000000)
 ParOldGen       total 537088K, used 41253K [0x00000000c0000000, 0x00000000e0c80000, 0x00000000eab00000)
  object space 537088K, 7% used [0x00000000c0000000,0x00000000c2849578,0x00000000e0c80000)
 Metaspace       used 81159K, capacity 87592K, committed 87896K, reserved 1126400K
  class space    used 9309K, capacity 11333K, committed 11392K, reserved 1048576K
Event: 25.740 GC heap after
Heap after GC invocations=20 (full 6):
 PSYoungGen      total 276480K, used 10366K [0x00000000eab00000, 0x00000000fff00000, 0x0000000100000000)
  eden space 204288K, 0% used [0x00000000eab00000,0x00000000eab00000,0x00000000f7280000)
  from space 72192K, 14% used [0x00000000fb880000,0x00000000fc29f9f8,0x00000000fff00000)
  to   space 71680K, 0% used [0x00000000f7280000,0x00000000f7280000,0x00000000fb880000)
 ParOldGen       total 537088K, used 41261K [0x00000000c0000000, 0x00000000e0c80000, 0x00000000eab00000)
  object space 537088K, 7% used [0x00000000c0000000,0x00000000c284b578,0x00000000e0c80000)
 Metaspace       used 81159K, capacity 87592K, committed 87896K, reserved 1126400K
  class space    used 9309K, capacity 11333K, committed 11392K, reserved 1048576K
}
Event: 25.740 GC heap before
{Heap before GC invocations=21 (full 7):
 PSYoungGen      total 276480K, used 10366K [0x00000000eab00000, 0x00000000fff00000, 0x0000000100000000)
  eden space 204288K, 0% used [0x00000000eab00000,0x00000000eab00000,0x00000000f7280000)
  from space 72192K, 14% used [0x00000000fb880000,0x00000000fc29f9f8,0x00000000fff00000)
  to   space 71680K, 0% used [0x00000000f7280000,0x00000000f7280000,0x00000000fb880000)
 ParOldGen       total 537088K, used 41261K [0x00000000c0000000, 0x00000000e0c80000, 0x00000000eab00000)
  object space 537088K, 7% used [0x00000000c0000000,0x00000000c284b578,0x00000000e0c80000)
 Metaspace       used 81159K, capacity 87592K, committed 87896K, reserved 1126400K
  class space    used 9309K, capacity 11333K, committed 11392K, reserved 1048576K
Event: 25.804 GC heap after
Heap after GC invocations=21 (full 7):
 PSYoungGen      total 276480K, used 0K [0x00000000eab00000, 0x00000000fff00000, 0x0000000100000000)
  eden space 204288K, 0% used [0x00000000eab00000,0x00000000eab00000,0x00000000f7280000)
  from space 72192K, 0% used [0x00000000fb880000,0x00000000fb880000,0x00000000fff00000)
  to   space 71680K, 0% used [0x00000000f7280000,0x00000000f7280000,0x00000000fb880000)
 ParOldGen       total 537088K, used 49628K [0x00000000c0000000, 0x00000000e0c80000, 0x00000000eab00000)
  object space 537088K, 9% used [0x00000000c0000000,0x00000000c3077330,0x00000000e0c80000)
 Metaspace       used 81159K, capacity 87592K, committed 87896K, reserved 1126400K
  class space    used 9309K, capacity 11333K, committed 11392K, reserved 1048576K
}
Event: 164.989 GC heap before
{Heap before GC invocations=22 (full 7):
 PSYoungGen      total 276480K, used 204288K [0x00000000eab00000, 0x00000000fff00000, 0x0000000100000000)
  eden space 204288K, 100% used [0x00000000eab00000,0x00000000f7280000,0x00000000f7280000)
  from space 72192K, 0% used [0x00000000fb880000,0x00000000fb880000,0x00000000fff00000)
  to   space 71680K, 0% used [0x00000000f7280000,0x00000000f7280000,0x00000000fb880000)
 ParOldGen       total 537088K, used 49628K [0x00000000c0000000, 0x00000000e0c80000, 0x00000000eab00000)
  object space 537088K, 9% used [0x00000000c0000000,0x00000000c3077330,0x00000000e0c80000)
 Metaspace       used 82219K, capacity 88708K, committed 89048K, reserved 1126400K
  class space    used 9397K, capacity 11403K, committed 11520K, reserved 1048576K
Event: 164.993 GC heap after
Heap after GC invocations=22 (full 7):
 PSYoungGen      total 275968K, used 4410K [0x00000000eab00000, 0x00000000ffd80000, 0x0000000100000000)
  eden space 204288K, 0% used [0x00000000eab00000,0x00000000eab00000,0x00000000f7280000)
  from space 71680K, 6% used [0x00000000f7280000,0x00000000f76ce858,0x00000000fb880000)
  to   space 70656K, 0% used [0x00000000fb880000,0x00000000fb880000,0x00000000ffd80000)
 ParOldGen       total 537088K, used 49636K [0x00000000c0000000, 0x00000000e0c80000, 0x00000000eab00000)
  object space 537088K, 9% used [0x00000000c0000000,0x00000000c3079330,0x00000000e0c80000)
 Metaspace       used 82219K, capacity 88708K, committed 89048K, reserved 1126400K
  class space    used 9397K, capacity 11403K, committed 11520K, reserved 1048576K
}

