# JRE version: OpenJDK Runtime Environment (8.0_151-b12) (build 1.8.0_151-b12)
# Java VM: OpenJDK 64-Bit Server VM (25.151-b12 mixed mode linux-amd64 compressed oops)
Heap:
 PSYoungGen      total 272896K, used 71838K [0x00000000eab00000, 0x00000000ffb00000, 0x0000000100000000)
  eden space 204800K, 31% used [0x00000000eab00000,0x00000000ee9244a0,0x00000000f7300000)
  from space 68096K, 12% used [0x00000000fb880000,0x00000000fc0836e0,0x00000000ffb00000)
  to   space 69632K, 0% used [0x00000000f7300000,0x00000000f7300000,0x00000000fb700000)
 ParOldGen       total 515072K, used 51093K [0x00000000c0000000, 0x00000000df700000, 0x00000000eab00000)
  object space 515072K, 9% used [0x00000000c0000000,0x00000000c31e5488,0x00000000df700000)
 Metaspace       used 85172K, capacity 91616K, committed 91904K, reserved 1130496K
  class space    used 9671K, capacity 11654K, committed 11776K, reserved 1048576K
GC Heap History (10 events):
Event: 63.379 GC heap before
{Heap before GC invocations=19 (full 5):
 PSYoungGen      total 246784K, used 71660K [0x00000000eab00000, 0x0000000100000000, 0x0000000100000000)
  eden space 204800K, 14% used [0x00000000eab00000,0x00000000ec825e10,0x00000000f7300000)
  from space 41984K, 99% used [0x00000000f7300000,0x00000000f9bd55c0,0x00000000f9c00000)
  to   space 72704K, 0% used [0x00000000fb900000,0x00000000fb900000,0x0000000100000000)
 ParOldGen       total 515072K, used 46663K [0x00000000c0000000, 0x00000000df700000, 0x00000000eab00000)
  object space 515072K, 9% used [0x00000000c0000000,0x00000000c2d91c60,0x00000000df700000)
 Metaspace       used 82850K, capacity 89192K, committed 89600K, reserved 1128448K
  class space    used 9443K, capacity 11435K, committed 11520K, reserved 1048576K
Event: 63.386 GC heap after
Heap after GC invocations=19 (full 5):
 PSYoungGen      total 275456K, used 1497K [0x00000000eab00000, 0x0000000100000000, 0x0000000100000000)
  eden space 202752K, 0% used [0x00000000eab00000,0x00000000eab00000,0x00000000f7100000)
  from space 72704K, 2% used [0x00000000fb900000,0x00000000fba766a0,0x0000000100000000)
  to   space 73216K, 0% used [0x00000000f7100000,0x00000000f7100000,0x00000000fb880000)
 ParOldGen       total 515072K, used 46663K [0x00000000c0000000, 0x00000000df700000, 0x00000000eab00000)
  object space 515072K, 9% used [0x00000000c0000000,0x00000000c2d91c60,0x00000000df700000)
 Metaspace       used 82850K, capacity 89192K, committed 89600K, reserved 1128448K
  class space    used 9443K, capacity 11435K, committed 11520K, reserved 1048576K
}
Event: 63.386 GC heap before
{Heap before GC invocations=20 (full 6):
 PSYoungGen      total 275456K, used 1497K [0x00000000eab00000, 0x0000000100000000, 0x0000000100000000)
  eden space 202752K, 0% used [0x00000000eab00000,0x00000000eab00000,0x00000000f7100000)
  from space 72704K, 2% used [0x00000000fb900000,0x00000000fba766a0,0x0000000100000000)
  to   space 73216K, 0% used [0x00000000f7100000,0x00000000f7100000,0x00000000fb880000)
 ParOldGen       total 515072K, used 46663K [0x00000000c0000000, 0x00000000df700000, 0x00000000eab00000)
  object space 515072K, 9% used [0x00000000c0000000,0x00000000c2d91c60,0x00000000df700000)
 Metaspace       used 82850K, capacity 89192K, committed 89600K, reserved 1128448K
  class space    used 9443K, capacity 11435K, committed 11520K, reserved 1048576K
Event: 63.508 GC heap after
Heap after GC invocations=20 (full 6):
 PSYoungGen      total 275456K, used 0K [0x00000000eab00000, 0x0000000100000000, 0x0000000100000000)
  eden space 202752K, 0% used [0x00000000eab00000,0x00000000eab00000,0x00000000f7100000)
  from space 72704K, 0% used [0x00000000fb900000,0x00000000fb900000,0x0000000100000000)
  to   space 73216K, 0% used [0x00000000f7100000,0x00000000f7100000,0x00000000fb880000)
 ParOldGen       total 515072K, used 42898K [0x00000000c0000000, 0x00000000df700000, 0x00000000eab00000)
  object space 515072K, 8% used [0x00000000c0000000,0x00000000c29e49c8,0x00000000df700000)
 Metaspace       used 82850K, capacity 89192K, committed 89600K, reserved 1128448K
  class space    used 9443K, capacity 11435K, committed 11520K, reserved 1048576K
}
Event: 63.794 GC heap before
{Heap before GC invocations=21 (full 6):
 PSYoungGen      total 275456K, used 46636K [0x00000000eab00000, 0x0000000100000000, 0x0000000100000000)
  eden space 202752K, 23% used [0x00000000eab00000,0x00000000ed88b3d0,0x00000000f7100000)
  from space 72704K, 0% used [0x00000000fb900000,0x00000000fb900000,0x0000000100000000)
  to   space 73216K, 0% used [0x00000000f7100000,0x00000000f7100000,0x00000000fb880000)
 ParOldGen       total 515072K, used 42898K [0x00000000c0000000, 0x00000000df700000, 0x00000000eab00000)
  object space 515072K, 8% used [0x00000000c0000000,0x00000000c29e49c8,0x00000000df700000)
 Metaspace       used 82850K, capacity 89192K, committed 89600K, reserved 1128448K
  class space    used 9443K, capacity 11435K, committed 11520K, reserved 1048576K
Event: 63.799 GC heap after
Heap after GC invocations=21 (full 6):
 PSYoungGen      total 275968K, used 10254K [0x00000000eab00000, 0x00000000ffe00000, 0x0000000100000000)
  eden space 202752K, 0% used [0x00000000eab00000,0x00000000eab00000,0x00000000f7100000)
  from space 73216K, 14% used [0x00000000f7100000,0x00000000f7b038d0,0x00000000fb880000)
  to   space 71168K, 0% used [0x00000000fb880000,0x00000000fb880000,0x00000000ffe00000)
 ParOldGen       total 515072K, used 42898K [0x00000000c0000000, 0x00000000df700000, 0x00000000eab00000)
  object space 515072K, 8% used [0x00000000c0000000,0x00000000c29e49c8,0x00000000df700000)
 Metaspace       used 82850K, capacity 89192K, committed 89600K, reserved 1128448K
  class space    used 9443K, capacity 11435K, committed 11520K, reserved 1048576K
}
Event: 63.799 GC heap before
{Heap before GC invocations=22 (full 7):
 PSYoungGen      total 275968K, used 10254K [0x00000000eab00000, 0x00000000ffe00000, 0x0000000100000000)
  eden space 202752K, 0% used [0x00000000eab00000,0x00000000eab00000,0x00000000f7100000)
  from space 73216K, 14% used [0x00000000f7100000,0x00000000f7b038d0,0x00000000fb880000)
  to   space 71168K, 0% used [0x00000000fb880000,0x00000000fb880000,0x00000000ffe00000)
 ParOldGen       total 515072K, used 42898K [0x00000000c0000000, 0x00000000df700000, 0x00000000eab00000)
  object space 515072K, 8% used [0x00000000c0000000,0x00000000c29e49c8,0x00000000df700000)
 Metaspace       used 82850K, capacity 89192K, committed 89600K, reserved 1128448K
  class space    used 9443K, capacity 11435K, committed 11520K, reserved 1048576K
Event: 63.866 GC heap after
Heap after GC invocations=22 (full 7):
 PSYoungGen      total 275968K, used 0K [0x00000000eab00000, 0x00000000ffe00000, 0x0000000100000000)
  eden space 202752K, 0% used [0x00000000eab00000,0x00000000eab00000,0x00000000f7100000)
  from space 73216K, 0% used [0x00000000f7100000,0x00000000f7100000,0x00000000fb880000)
  to   space 71168K, 0% used [0x00000000fb880000,0x00000000fb880000,0x00000000ffe00000)
 ParOldGen       total 515072K, used 51085K [0x00000000c0000000, 0x00000000df700000, 0x00000000eab00000)
  object space 515072K, 9% used [0x00000000c0000000,0x00000000c31e3488,0x00000000df700000)
 Metaspace       used 82850K, capacity 89192K, committed 89600K, reserved 1128448K
  class space    used 9443K, capacity 11435K, committed 11520K, reserved 1048576K
}
Event: 112.024 GC heap before
{Heap before GC invocations=23 (full 7):
 PSYoungGen      total 275968K, used 202752K [0x00000000eab00000, 0x00000000ffe00000, 0x0000000100000000)
  eden space 202752K, 100% used [0x00000000eab00000,0x00000000f7100000,0x00000000f7100000)
  from space 73216K, 0% used [0x00000000f7100000,0x00000000f7100000,0x00000000fb880000)
  to   space 71168K, 0% used [0x00000000fb880000,0x00000000fb880000,0x00000000ffe00000)
 ParOldGen       total 515072K, used 51085K [0x00000000c0000000, 0x00000000df700000, 0x00000000eab00000)
  object space 515072K, 9% used [0x00000000c0000000,0x00000000c31e3488,0x00000000df700000)
 Metaspace       used 83231K, capacity 89606K, committed 89856K, reserved 1128448K
  class space    used 9460K, capacity 11440K, committed 11520K, reserved 1048576K
Event: 112.029 GC heap after
Heap after GC invocations=23 (full 7):
 PSYoungGen      total 272896K, used 8205K [0x00000000eab00000, 0x00000000ffb00000, 0x0000000100000000)
  eden space 204800K, 0% used [0x00000000eab00000,0x00000000eab00000,0x00000000f7300000)
  from space 68096K, 12% used [0x00000000fb880000,0x00000000fc0836e0,0x00000000ffb00000)
  to   space 69632K, 0% used [0x00000000f7300000,0x00000000f7300000,0x00000000fb700000)
 ParOldGen       total 515072K, used 51093K [0x00000000c0000000, 0x00000000df700000, 0x00000000eab00000)
  object space 515072K, 9% used [0x00000000c0000000,0x00000000c31e5488,0x00000000df700000)
 Metaspace       used 83231K, capacity 89606K, committed 89856K, reserved 1128448K
  class space    used 9460K, capacity 11440K, committed 11520K, reserved 1048576K
}

