# JRE version: OpenJDK Runtime Environment (8.0_151-b12) (build 1.8.0_151-b12)
# Java VM: OpenJDK 64-Bit Server VM (25.151-b12 mixed mode linux-amd64 compressed oops)
Heap:
 PSYoungGen      total 244224K, used 166807K [0x00000000eab00000, 0x00000000fd880000, 0x0000000100000000)
  eden space 209920K, 68% used [0x00000000eab00000,0x00000000f373d918,0x00000000f7800000)
  from space 34304K, 67% used [0x00000000f7800000,0x00000000f8ea84b0,0x00000000f9980000)
  to   space 33792K, 0% used [0x00000000fb780000,0x00000000fb780000,0x00000000fd880000)
 ParOldGen       total 520704K, used 49140K [0x00000000c0000000, 0x00000000dfc80000, 0x00000000eab00000)
  object space 520704K, 9% used [0x00000000c0000000,0x00000000c2ffd070,0x00000000dfc80000)
 Metaspace       used 86044K, capacity 92488K, committed 92632K, reserved 1130496K
  class space    used 9742K, capacity 11752K, committed 11776K, reserved 1048576K
GC Heap History (10 events):
Event: 4.656 GC heap before
{Heap before GC invocations=6 (full 2):
 PSYoungGen      total 153088K, used 104048K [0x00000000eab00000, 0x00000000f9700000, 0x0000000100000000)
  eden space 131584K, 79% used [0x00000000eab00000,0x00000000f109c260,0x00000000f2b80000)
  from space 21504K, 0% used [0x00000000f2b80000,0x00000000f2b80000,0x00000000f4080000)
  to   space 21504K, 0% used [0x00000000f8200000,0x00000000f8200000,0x00000000f9700000)
 ParOldGen       total 351744K, used 21599K [0x00000000c0000000, 0x00000000d5780000, 0x00000000eab00000)
  object space 351744K, 6% used [0x00000000c0000000,0x00000000c1517d40,0x00000000d5780000)
 Metaspace       used 53699K, capacity 58878K, committed 58968K, reserved 1099776K
  class space    used 6139K, capacity 7781K, committed 7808K, reserved 1048576K
Event: 4.673 GC heap after
Heap after GC invocations=6 (full 2):
 PSYoungGen      total 190464K, used 21474K [0x00000000eab00000, 0x00000000f9700000, 0x0000000100000000)
  eden space 168960K, 0% used [0x00000000eab00000,0x00000000eab00000,0x00000000f5000000)
  from space 21504K, 99% used [0x00000000f8200000,0x00000000f96f8ac0,0x00000000f9700000)
  to   space 21504K, 0% used [0x00000000f6d00000,0x00000000f6d00000,0x00000000f8200000)
 ParOldGen       total 351744K, used 27077K [0x00000000c0000000, 0x00000000d5780000, 0x00000000eab00000)
  object space 351744K, 7% used [0x00000000c0000000,0x00000000c1a714d0,0x00000000d5780000)
 Metaspace       used 53699K, capacity 58878K, committed 58968K, reserved 1099776K
  class space    used 6139K, capacity 7781K, committed 7808K, reserved 1048576K
}
Event: 4.673 GC heap before
{Heap before GC invocations=7 (full 3):
 PSYoungGen      total 190464K, used 21474K [0x00000000eab00000, 0x00000000f9700000, 0x0000000100000000)
  eden space 168960K, 0% used [0x00000000eab00000,0x00000000eab00000,0x00000000f5000000)
  from space 21504K, 99% used [0x00000000f8200000,0x00000000f96f8ac0,0x00000000f9700000)
  to   space 21504K, 0% used [0x00000000f6d00000,0x00000000f6d00000,0x00000000f8200000)
 ParOldGen       total 351744K, used 27077K [0x00000000c0000000, 0x00000000d5780000, 0x00000000eab00000)
  object space 351744K, 7% used [0x00000000c0000000,0x00000000c1a714d0,0x00000000d5780000)
 Metaspace       used 53699K, capacity 58878K, committed 58968K, reserved 1099776K
  class space    used 6139K, capacity 7781K, committed 7808K, reserved 1048576K
Event: 4.792 GC heap after
Heap after GC invocations=7 (full 3):
 PSYoungGen      total 190464K, used 0K [0x00000000eab00000, 0x00000000f9700000, 0x0000000100000000)
  eden space 168960K, 0% used [0x00000000eab00000,0x00000000eab00000,0x00000000f5000000)
  from space 21504K, 0% used [0x00000000f8200000,0x00000000f8200000,0x00000000f9700000)
  to   space 21504K, 0% used [0x00000000f6d00000,0x00000000f6d00000,0x00000000f8200000)
 ParOldGen       total 520704K, used 38627K [0x00000000c0000000, 0x00000000dfc80000, 0x00000000eab00000)
  object space 520704K, 7% used [0x00000000c0000000,0x00000000c25b8d48,0x00000000dfc80000)
 Metaspace       used 53699K, capacity 58878K, committed 58968K, reserved 1099776K
  class space    used 6139K, capacity 7781K, committed 7808K, reserved 1048576K
}
Event: 7.432 GC heap before
{Heap before GC invocations=8 (full 3):
 PSYoungGen      total 190464K, used 168960K [0x00000000eab00000, 0x00000000f9700000, 0x0000000100000000)
  eden space 168960K, 100% used [0x00000000eab00000,0x00000000f5000000,0x00000000f5000000)
  from space 21504K, 0% used [0x00000000f8200000,0x00000000f8200000,0x00000000f9700000)
  to   space 21504K, 0% used [0x00000000f6d00000,0x00000000f6d00000,0x00000000f8200000)
 ParOldGen       total 520704K, used 38627K [0x00000000c0000000, 0x00000000dfc80000, 0x00000000eab00000)
  object space 520704K, 7% used [0x00000000c0000000,0x00000000c25b8d48,0x00000000dfc80000)
 Metaspace       used 77917K, capacity 84368K, committed 84568K, reserved 1122304K
  class space    used 9012K, capacity 11022K, committed 11136K, reserved 1048576K
Event: 7.456 GC heap after
Heap after GC invocations=8 (full 3):
 PSYoungGen      total 220160K, used 21499K [0x00000000eab00000, 0x00000000fbc80000, 0x0000000100000000)
  eden space 198656K, 0% used [0x00000000eab00000,0x00000000eab00000,0x00000000f6d00000)
  from space 21504K, 99% used [0x00000000f6d00000,0x00000000f81fee80,0x00000000f8200000)
  to   space 35840K, 0% used [0x00000000f9980000,0x00000000f9980000,0x00000000fbc80000)
 ParOldGen       total 520704K, used 49124K [0x00000000c0000000, 0x00000000dfc80000, 0x00000000eab00000)
  object space 520704K, 9% used [0x00000000c0000000,0x00000000c2ff9070,0x00000000dfc80000)
 Metaspace       used 77917K, capacity 84368K, committed 84568K, reserved 1122304K
  class space    used 9012K, capacity 11022K, committed 11136K, reserved 1048576K
}
Event: 39.345 GC heap before
{Heap before GC invocations=9 (full 3):
 PSYoungGen      total 220160K, used 220155K [0x00000000eab00000, 0x00000000fbc80000, 0x0000000100000000)
  eden space 198656K, 100% used [0x00000000eab00000,0x00000000f6d00000,0x00000000f6d00000)
  from space 21504K, 99% used [0x00000000f6d00000,0x00000000f81fee80,0x00000000f8200000)
  to   space 35840K, 0% used [0x00000000f9980000,0x00000000f9980000,0x00000000fbc80000)
 ParOldGen       total 520704K, used 49124K [0x00000000c0000000, 0x00000000dfc80000, 0x00000000eab00000)
  object space 520704K, 9% used [0x00000000c0000000,0x00000000c2ff9070,0x00000000dfc80000)
 Metaspace       used 79847K, capacity 86174K, committed 86360K, reserved 1124352K
  class space    used 9121K, capacity 11067K, committed 11136K, reserved 1048576K
Event: 39.355 GC heap after
Heap after GC invocations=9 (full 3):
 PSYoungGen      total 245760K, used 16462K [0x00000000eab00000, 0x00000000fd480000, 0x0000000100000000)
  eden space 209920K, 0% used [0x00000000eab00000,0x00000000eab00000,0x00000000f7800000)
  from space 35840K, 45% used [0x00000000f9980000,0x00000000fa993a28,0x00000000fbc80000)
  to   space 34304K, 0% used [0x00000000f7800000,0x00000000f7800000,0x00000000f9980000)
 ParOldGen       total 520704K, used 49132K [0x00000000c0000000, 0x00000000dfc80000, 0x00000000eab00000)
  object space 520704K, 9% used [0x00000000c0000000,0x00000000c2ffb070,0x00000000dfc80000)
 Metaspace       used 79847K, capacity 86174K, committed 86360K, reserved 1124352K
  class space    used 9121K, capacity 11067K, committed 11136K, reserved 1048576K
}
Event: 76.209 GC heap before
{Heap before GC invocations=10 (full 3):
 PSYoungGen      total 245760K, used 226382K [0x00000000eab00000, 0x00000000fd480000, 0x0000000100000000)
  eden space 209920K, 100% used [0x00000000eab00000,0x00000000f7800000,0x00000000f7800000)
  from space 35840K, 45% used [0x00000000f9980000,0x00000000fa993a28,0x00000000fbc80000)
  to   space 34304K, 0% used [0x00000000f7800000,0x00000000f7800000,0x00000000f9980000)
 ParOldGen       total 520704K, used 49132K [0x00000000c0000000, 0x00000000dfc80000, 0x00000000eab00000)
  object space 520704K, 9% used [0x00000000c0000000,0x00000000c2ffb070,0x00000000dfc80000)
 Metaspace       used 83149K, capacity 89572K, committed 89944K, reserved 1128448K
  class space    used 9482K, capacity 11537K, committed 11648K, reserved 1048576K
Event: 76.226 GC heap after
Heap after GC invocations=10 (full 3):
 PSYoungGen      total 244224K, used 23201K [0x00000000eab00000, 0x00000000fd880000, 0x0000000100000000)
  eden space 209920K, 0% used [0x00000000eab00000,0x00000000eab00000,0x00000000f7800000)
  from space 34304K, 67% used [0x00000000f7800000,0x00000000f8ea84b0,0x00000000f9980000)
  to   space 33792K, 0% used [0x00000000fb780000,0x00000000fb780000,0x00000000fd880000)
 ParOldGen       total 520704K, used 49140K [0x00000000c0000000, 0x00000000dfc80000, 0x00000000eab00000)
  object space 520704K, 9% used [0x00000000c0000000,0x00000000c2ffd070,0x00000000dfc80000)
 Metaspace       used 83149K, capacity 89572K, committed 89944K, reserved 1128448K
  class space    used 9482K, capacity 11537K, committed 11648K, reserved 1048576K
}

