# JRE version: OpenJDK Runtime Environment (8.0_151-b12) (build 1.8.0_151-b12)
# Java VM: OpenJDK 64-Bit Server VM (25.151-b12 mixed mode linux-amd64 compressed oops)
Heap:
 PSYoungGen      total 285184K, used 188751K [0x00000000eab00000, 0x00000000ff800000, 0x0000000100000000)
  eden space 229376K, 78% used [0x00000000eab00000,0x00000000f5a11888,0x00000000f8b00000)
  from space 55808K, 16% used [0x00000000fc180000,0x00000000fcac23d8,0x00000000ff800000)
  to   space 55808K, 0% used [0x00000000f8b00000,0x00000000f8b00000,0x00000000fc180000)
 ParOldGen       total 353792K, used 50519K [0x00000000c0000000, 0x00000000d5980000, 0x00000000eab00000)
  object space 353792K, 14% used [0x00000000c0000000,0x00000000c3155f70,0x00000000d5980000)
 Metaspace       used 86155K, capacity 92640K, committed 92836K, reserved 1130496K
  class space    used 9727K, capacity 11717K, committed 11724K, reserved 1048576K
GC Heap History (10 events):
Event: 38.567 GC heap before
{Heap before GC invocations=21 (full 7):
 PSYoungGen      total 285184K, used 10198K [0x00000000eab00000, 0x0000000100000000, 0x0000000100000000)
  eden space 219136K, 0% used [0x00000000eab00000,0x00000000eab00000,0x00000000f8100000)
  from space 66048K, 15% used [0x00000000fbf80000,0x00000000fc975958,0x0000000100000000)
  to   space 64000K, 0% used [0x00000000f8100000,0x00000000f8100000,0x00000000fbf80000)
 ParOldGen       total 353792K, used 40933K [0x00000000c0000000, 0x00000000d5980000, 0x00000000eab00000)
  object space 353792K, 11% used [0x00000000c0000000,0x00000000c27f9740,0x00000000d5980000)
 Metaspace       used 80126K, capacity 86422K, committed 86692K, reserved 1124352K
  class space    used 9164K, capacity 11128K, committed 11212K, reserved 1048576K
Event: 38.631 GC heap after
Heap after GC invocations=21 (full 7):
 PSYoungGen      total 285184K, used 0K [0x00000000eab00000, 0x0000000100000000, 0x0000000100000000)
  eden space 219136K, 0% used [0x00000000eab00000,0x00000000eab00000,0x00000000f8100000)
  from space 66048K, 0% used [0x00000000fbf80000,0x00000000fbf80000,0x0000000100000000)
  to   space 64000K, 0% used [0x00000000f8100000,0x00000000f8100000,0x00000000fbf80000)
 ParOldGen       total 353792K, used 50487K [0x00000000c0000000, 0x00000000d5980000, 0x00000000eab00000)
  object space 353792K, 14% used [0x00000000c0000000,0x00000000c314df70,0x00000000d5980000)
 Metaspace       used 80126K, capacity 86422K, committed 86692K, reserved 1124352K
  class space    used 9164K, capacity 11128K, committed 11212K, reserved 1048576K
}
Event: 70.664 GC heap before
{Heap before GC invocations=22 (full 7):
 PSYoungGen      total 285184K, used 219136K [0x00000000eab00000, 0x0000000100000000, 0x0000000100000000)
  eden space 219136K, 100% used [0x00000000eab00000,0x00000000f8100000,0x00000000f8100000)
  from space 66048K, 0% used [0x00000000fbf80000,0x00000000fbf80000,0x0000000100000000)
  to   space 64000K, 0% used [0x00000000f8100000,0x00000000f8100000,0x00000000fbf80000)
 ParOldGen       total 353792K, used 50487K [0x00000000c0000000, 0x00000000d5980000, 0x00000000eab00000)
  object space 353792K, 14% used [0x00000000c0000000,0x00000000c314df70,0x00000000d5980000)
 Metaspace       used 81474K, capacity 87754K, committed 88100K, reserved 1126400K
  class space    used 9272K, capacity 11226K, committed 11340K, reserved 1048576K
Event: 70.670 GC heap after
Heap after GC invocations=22 (full 7):
 PSYoungGen      total 226304K, used 6721K [0x00000000eab00000, 0x00000000ffa00000, 0x0000000100000000)
  eden space 219136K, 0% used [0x00000000eab00000,0x00000000eab00000,0x00000000f8100000)
  from space 7168K, 93% used [0x00000000f8100000,0x00000000f8790738,0x00000000f8800000)
  to   space 61952K, 0% used [0x00000000fbd80000,0x00000000fbd80000,0x00000000ffa00000)
 ParOldGen       total 353792K, used 50495K [0x00000000c0000000, 0x00000000d5980000, 0x00000000eab00000)
  object space 353792K, 14% used [0x00000000c0000000,0x00000000c314ff70,0x00000000d5980000)
 Metaspace       used 81474K, capacity 87754K, committed 88100K, reserved 1126400K
  class space    used 9272K, capacity 11226K, committed 11340K, reserved 1048576K
}
Event: 134.396 GC heap before
{Heap before GC invocations=23 (full 7):
 PSYoungGen      total 226304K, used 225857K [0x00000000eab00000, 0x00000000ffa00000, 0x0000000100000000)
  eden space 219136K, 100% used [0x00000000eab00000,0x00000000f8100000,0x00000000f8100000)
  from space 7168K, 93% used [0x00000000f8100000,0x00000000f8790738,0x00000000f8800000)
  to   space 61952K, 0% used [0x00000000fbd80000,0x00000000fbd80000,0x00000000ffa00000)
 ParOldGen       total 353792K, used 50495K [0x00000000c0000000, 0x00000000d5980000, 0x00000000eab00000)
  object space 353792K, 14% used [0x00000000c0000000,0x00000000c314ff70,0x00000000d5980000)
 Metaspace       used 81597K, capacity 87882K, committed 88100K, reserved 1126400K
  class space    used 9281K, capacity 11226K, committed 11340K, reserved 1048576K
Event: 134.399 GC heap after
Heap after GC invocations=23 (full 7):
 PSYoungGen      total 282112K, used 2940K [0x00000000eab00000, 0x0000000100000000, 0x0000000100000000)
  eden space 220160K, 0% used [0x00000000eab00000,0x00000000eab00000,0x00000000f8200000)
  from space 61952K, 4% used [0x00000000fbd80000,0x00000000fc05f170,0x00000000ffa00000)
  to   space 60928K, 0% used [0x00000000f8200000,0x00000000f8200000,0x00000000fbd80000)
 ParOldGen       total 353792K, used 50503K [0x00000000c0000000, 0x00000000d5980000, 0x00000000eab00000)
  object space 353792K, 14% used [0x00000000c0000000,0x00000000c3151f70,0x00000000d5980000)
 Metaspace       used 81597K, capacity 87882K, committed 88100K, reserved 1126400K
  class space    used 9281K, capacity 11226K, committed 11340K, reserved 1048576K
}
Event: 188.865 GC heap before
{Heap before GC invocations=24 (full 7):
 PSYoungGen      total 282112K, used 223100K [0x00000000eab00000, 0x0000000100000000, 0x0000000100000000)
  eden space 220160K, 100% used [0x00000000eab00000,0x00000000f8200000,0x00000000f8200000)
  from space 61952K, 4% used [0x00000000fbd80000,0x00000000fc05f170,0x00000000ffa00000)
  to   space 60928K, 0% used [0x00000000f8200000,0x00000000f8200000,0x00000000fbd80000)
 ParOldGen       total 353792K, used 50503K [0x00000000c0000000, 0x00000000d5980000, 0x00000000eab00000)
  object space 353792K, 14% used [0x00000000c0000000,0x00000000c3151f70,0x00000000d5980000)
 Metaspace       used 82261K, capacity 88490K, committed 88868K, reserved 1126400K
  class space    used 9311K, capacity 11258K, committed 11340K, reserved 1048576K
Event: 188.869 GC heap after
Heap after GC invocations=24 (full 7):
 PSYoungGen      total 281088K, used 4208K [0x00000000eab00000, 0x00000000ffb00000, 0x0000000100000000)
  eden space 220160K, 0% used [0x00000000eab00000,0x00000000eab00000,0x00000000f8200000)
  from space 60928K, 6% used [0x00000000f8200000,0x00000000f861c2b0,0x00000000fbd80000)
  to   space 58880K, 0% used [0x00000000fc180000,0x00000000fc180000,0x00000000ffb00000)
 ParOldGen       total 353792K, used 50511K [0x00000000c0000000, 0x00000000d5980000, 0x00000000eab00000)
  object space 353792K, 14% used [0x00000000c0000000,0x00000000c3153f70,0x00000000d5980000)
 Metaspace       used 82261K, capacity 88490K, committed 88868K, reserved 1126400K
  class space    used 9311K, capacity 11258K, committed 11340K, reserved 1048576K
}
Event: 246.069 GC heap before
{Heap before GC invocations=25 (full 7):
 PSYoungGen      total 281088K, used 224368K [0x00000000eab00000, 0x00000000ffb00000, 0x0000000100000000)
  eden space 220160K, 100% used [0x00000000eab00000,0x00000000f8200000,0x00000000f8200000)
  from space 60928K, 6% used [0x00000000f8200000,0x00000000f861c2b0,0x00000000fbd80000)
  to   space 58880K, 0% used [0x00000000fc180000,0x00000000fc180000,0x00000000ffb00000)
 ParOldGen       total 353792K, used 50511K [0x00000000c0000000, 0x00000000d5980000, 0x00000000eab00000)
  object space 353792K, 14% used [0x00000000c0000000,0x00000000c3153f70,0x00000000d5980000)
 Metaspace       used 84121K, capacity 90516K, committed 90916K, reserved 1128448K
  class space    used 9515K, capacity 11532K, committed 11596K, reserved 1048576K
Event: 246.079 GC heap after
Heap after GC invocations=25 (full 7):
 PSYoungGen      total 285184K, used 9480K [0x00000000eab00000, 0x00000000ff800000, 0x0000000100000000)
  eden space 229376K, 0% used [0x00000000eab00000,0x00000000eab00000,0x00000000f8b00000)
  from space 55808K, 16% used [0x00000000fc180000,0x00000000fcac23d8,0x00000000ff800000)
  to   space 55808K, 0% used [0x00000000f8b00000,0x00000000f8b00000,0x00000000fc180000)
 ParOldGen       total 353792K, used 50519K [0x00000000c0000000, 0x00000000d5980000, 0x00000000eab00000)
  object space 353792K, 14% used [0x00000000c0000000,0x00000000c3155f70,0x00000000d5980000)
 Metaspace       used 84121K, capacity 90516K, committed 90916K, reserved 1128448K
  class space    used 9515K, capacity 11532K, committed 11596K, reserved 1048576K
}

