# JRE version: OpenJDK Runtime Environment (8.0_151-b12) (build 1.8.0_151-b12)
# Java VM: OpenJDK 64-Bit Server VM (25.151-b12 mixed mode linux-amd64 compressed oops)
Heap:
 PSYoungGen      total 236032K, used 169284K [0x00000000eab00000, 0x00000000fc580000, 0x0000000100000000)
  eden space 202752K, 77% used [0x00000000eab00000,0x00000000f44c8ac0,0x00000000f7100000)
  from space 33280K, 35% used [0x00000000f7100000,0x00000000f7c886c8,0x00000000f9180000)
  to   space 33280K, 0% used [0x00000000fa500000,0x00000000fa500000,0x00000000fc580000)
 ParOldGen       total 409600K, used 56825K [0x00000000c0000000, 0x00000000d9000000, 0x00000000eab00000)
  object space 409600K, 13% used [0x00000000c0000000,0x00000000c377e5e0,0x00000000d9000000)
 Metaspace       used 83898K, capacity 90408K, committed 90752K, reserved 1128448K
  class space    used 9644K, capacity 11576K, committed 11648K, reserved 1048576K
GC Heap History (10 events):
Event: 11.241 GC heap before
{Heap before GC invocations=6 (full 2):
 PSYoungGen      total 153088K, used 106781K [0x00000000eab00000, 0x00000000faa80000, 0x0000000100000000)
  eden space 131584K, 81% used [0x00000000eab00000,0x00000000f1347730,0x00000000f2b80000)
  from space 21504K, 0% used [0x00000000f2b80000,0x00000000f2b80000,0x00000000f4080000)
  to   space 21504K, 0% used [0x00000000f9580000,0x00000000f9580000,0x00000000faa80000)
 ParOldGen       total 349696K, used 22162K [0x00000000c0000000, 0x00000000d5580000, 0x00000000eab00000)
  object space 349696K, 6% used [0x00000000c0000000,0x00000000c15a4a98,0x00000000d5580000)
 Metaspace       used 53667K, capacity 58884K, committed 59028K, reserved 1099776K
  class space    used 6222K, capacity 7855K, committed 7936K, reserved 1048576K
Event: 11.256 GC heap after
Heap after GC invocations=6 (full 2):
 PSYoungGen      total 176128K, used 21480K [0x00000000eab00000, 0x00000000faa80000, 0x0000000100000000)
  eden space 154624K, 0% used [0x00000000eab00000,0x00000000eab00000,0x00000000f4200000)
  from space 21504K, 99% used [0x00000000f9580000,0x00000000faa7a290,0x00000000faa80000)
  to   space 21504K, 0% used [0x00000000f8080000,0x00000000f8080000,0x00000000f9580000)
 ParOldGen       total 349696K, used 27121K [0x00000000c0000000, 0x00000000d5580000, 0x00000000eab00000)
  object space 349696K, 7% used [0x00000000c0000000,0x00000000c1a7c768,0x00000000d5580000)
 Metaspace       used 53667K, capacity 58884K, committed 59028K, reserved 1099776K
  class space    used 6222K, capacity 7855K, committed 7936K, reserved 1048576K
}
Event: 11.256 GC heap before
{Heap before GC invocations=7 (full 3):
 PSYoungGen      total 176128K, used 21480K [0x00000000eab00000, 0x00000000faa80000, 0x0000000100000000)
  eden space 154624K, 0% used [0x00000000eab00000,0x00000000eab00000,0x00000000f4200000)
  from space 21504K, 99% used [0x00000000f9580000,0x00000000faa7a290,0x00000000faa80000)
  to   space 21504K, 0% used [0x00000000f8080000,0x00000000f8080000,0x00000000f9580000)
 ParOldGen       total 349696K, used 27121K [0x00000000c0000000, 0x00000000d5580000, 0x00000000eab00000)
  object space 349696K, 7% used [0x00000000c0000000,0x00000000c1a7c768,0x00000000d5580000)
 Metaspace       used 53667K, capacity 58884K, committed 59028K, reserved 1099776K
  class space    used 6222K, capacity 7855K, committed 7936K, reserved 1048576K
Event: 11.379 GC heap after
Heap after GC invocations=7 (full 3):
 PSYoungGen      total 176128K, used 0K [0x00000000eab00000, 0x00000000faa80000, 0x0000000100000000)
  eden space 154624K, 0% used [0x00000000eab00000,0x00000000eab00000,0x00000000f4200000)
  from space 21504K, 0% used [0x00000000f9580000,0x00000000f9580000,0x00000000faa80000)
  to   space 21504K, 0% used [0x00000000f8080000,0x00000000f8080000,0x00000000f9580000)
 ParOldGen       total 409600K, used 38316K [0x00000000c0000000, 0x00000000d9000000, 0x00000000eab00000)
  object space 409600K, 9% used [0x00000000c0000000,0x00000000c256b218,0x00000000d9000000)
 Metaspace       used 53667K, capacity 58884K, committed 59028K, reserved 1099776K
  class space    used 6222K, capacity 7855K, committed 7936K, reserved 1048576K
}
Event: 13.042 GC heap before
{Heap before GC invocations=8 (full 3):
 PSYoungGen      total 176128K, used 154624K [0x00000000eab00000, 0x00000000faa80000, 0x0000000100000000)
  eden space 154624K, 100% used [0x00000000eab00000,0x00000000f4200000,0x00000000f4200000)
  from space 21504K, 0% used [0x00000000f9580000,0x00000000f9580000,0x00000000faa80000)
  to   space 21504K, 0% used [0x00000000f8080000,0x00000000f8080000,0x00000000f9580000)
 ParOldGen       total 409600K, used 38316K [0x00000000c0000000, 0x00000000d9000000, 0x00000000eab00000)
  object space 409600K, 9% used [0x00000000c0000000,0x00000000c256b218,0x00000000d9000000)
 Metaspace       used 75732K, capacity 81766K, committed 81920K, reserved 1120256K
  class space    used 8831K, capacity 10703K, committed 10752K, reserved 1048576K
Event: 13.066 GC heap after
Heap after GC invocations=8 (full 3):
 PSYoungGen      total 201216K, used 21503K [0x00000000eab00000, 0x00000000fa080000, 0x0000000100000000)
  eden space 179712K, 0% used [0x00000000eab00000,0x00000000eab00000,0x00000000f5a80000)
  from space 21504K, 99% used [0x00000000f8080000,0x00000000f957ff70,0x00000000f9580000)
  to   space 11264K, 0% used [0x00000000f9580000,0x00000000f9580000,0x00000000fa080000)
 ParOldGen       total 409600K, used 47883K [0x00000000c0000000, 0x00000000d9000000, 0x00000000eab00000)
  object space 409600K, 11% used [0x00000000c0000000,0x00000000c2ec2c60,0x00000000d9000000)
 Metaspace       used 75732K, capacity 81766K, committed 81920K, reserved 1120256K
  class space    used 8831K, capacity 10703K, committed 10752K, reserved 1048576K
}
Event: 77.618 GC heap before
{Heap before GC invocations=9 (full 3):
 PSYoungGen      total 201216K, used 201215K [0x00000000eab00000, 0x00000000fa080000, 0x0000000100000000)
  eden space 179712K, 100% used [0x00000000eab00000,0x00000000f5a80000,0x00000000f5a80000)
  from space 21504K, 99% used [0x00000000f8080000,0x00000000f957ff70,0x00000000f9580000)
  to   space 11264K, 0% used [0x00000000f9580000,0x00000000f9580000,0x00000000fa080000)
 ParOldGen       total 409600K, used 47883K [0x00000000c0000000, 0x00000000d9000000, 0x00000000eab00000)
  object space 409600K, 11% used [0x00000000c0000000,0x00000000c2ec2c60,0x00000000d9000000)
 Metaspace       used 81207K, capacity 87788K, committed 88064K, reserved 1126400K
  class space    used 9402K, capacity 11421K, committed 11520K, reserved 1048576K
Event: 77.634 GC heap after
Heap after GC invocations=9 (full 3):
 PSYoungGen      total 214016K, used 11254K [0x00000000eab00000, 0x00000000fb200000, 0x0000000100000000)
  eden space 202752K, 0% used [0x00000000eab00000,0x00000000eab00000,0x00000000f7100000)
  from space 11264K, 99% used [0x00000000f9580000,0x00000000fa07d8c8,0x00000000fa080000)
  to   space 33280K, 0% used [0x00000000f7100000,0x00000000f7100000,0x00000000f9180000)
 ParOldGen       total 409600K, used 56817K [0x00000000c0000000, 0x00000000d9000000, 0x00000000eab00000)
  object space 409600K, 13% used [0x00000000c0000000,0x00000000c377c5e0,0x00000000d9000000)
 Metaspace       used 81207K, capacity 87788K, committed 88064K, reserved 1126400K
  class space    used 9402K, capacity 11421K, committed 11520K, reserved 1048576K
}
Event: 113.345 GC heap before
{Heap before GC invocations=10 (full 3):
 PSYoungGen      total 214016K, used 214006K [0x00000000eab00000, 0x00000000fb200000, 0x0000000100000000)
  eden space 202752K, 100% used [0x00000000eab00000,0x00000000f7100000,0x00000000f7100000)
  from space 11264K, 99% used [0x00000000f9580000,0x00000000fa07d8c8,0x00000000fa080000)
  to   space 33280K, 0% used [0x00000000f7100000,0x00000000f7100000,0x00000000f9180000)
 ParOldGen       total 409600K, used 56817K [0x00000000c0000000, 0x00000000d9000000, 0x00000000eab00000)
  object space 409600K, 13% used [0x00000000c0000000,0x00000000c377c5e0,0x00000000d9000000)
 Metaspace       used 81349K, capacity 87986K, committed 88320K, reserved 1126400K
  class space    used 9406K, capacity 11422K, committed 11520K, reserved 1048576K
Event: 113.352 GC heap after
Heap after GC invocations=10 (full 3):
 PSYoungGen      total 236032K, used 11809K [0x00000000eab00000, 0x00000000fc580000, 0x0000000100000000)
  eden space 202752K, 0% used [0x00000000eab00000,0x00000000eab00000,0x00000000f7100000)
  from space 33280K, 35% used [0x00000000f7100000,0x00000000f7c886c8,0x00000000f9180000)
  to   space 33280K, 0% used [0x00000000fa500000,0x00000000fa500000,0x00000000fc580000)
 ParOldGen       total 409600K, used 56825K [0x00000000c0000000, 0x00000000d9000000, 0x00000000eab00000)
  object space 409600K, 13% used [0x00000000c0000000,0x00000000c377e5e0,0x00000000d9000000)
 Metaspace       used 81349K, capacity 87986K, committed 88320K, reserved 1126400K
  class space    used 9406K, capacity 11422K, committed 11520K, reserved 1048576K
}

