# JRE version: OpenJDK Runtime Environment (8.0_151-b12) (build 1.8.0_151-b12)
# Java VM: OpenJDK 64-Bit Server VM (25.151-b12 mixed mode linux-amd64 compressed oops)
Heap:
 PSYoungGen      total 251904K, used 179751K [0x00000000eab00000, 0x00000000fea80000, 0x0000000100000000)
  eden space 208384K, 80% used [0x00000000eab00000,0x00000000f4ecb1f0,0x00000000f7680000)
  from space 43520K, 27% used [0x00000000fc000000,0x00000000fcbbeb80,0x00000000fea80000)
  to   space 59392K, 0% used [0x00000000f7680000,0x00000000f7680000,0x00000000fb080000)
 ParOldGen       total 531456K, used 49334K [0x00000000c0000000, 0x00000000e0700000, 0x00000000eab00000)
  object space 531456K, 9% used [0x00000000c0000000,0x00000000c302d978,0x00000000e0700000)
 Metaspace       used 85822K, capacity 92238K, committed 92376K, reserved 1130496K
  class space    used 9546K, capacity 11484K, committed 11520K, reserved 1048576K
GC Heap History (10 events):
Event: 320.595 GC heap before
{Heap before GC invocations=23 (full 7):
 PSYoungGen      total 273408K, used 205518K [0x00000000eab00000, 0x00000000ffe80000, 0x0000000100000000)
  eden space 200704K, 100% used [0x00000000eab00000,0x00000000f6f00000,0x00000000f6f00000)
  from space 72704K, 6% used [0x00000000f6f00000,0x00000000f73b3b10,0x00000000fb600000)
  to   space 71168K, 0% used [0x00000000fb900000,0x00000000fb900000,0x00000000ffe80000)
 ParOldGen       total 531456K, used 49230K [0x00000000c0000000, 0x00000000e0700000, 0x00000000eab00000)
  object space 531456K, 9% used [0x00000000c0000000,0x00000000c3013968,0x00000000e0700000)
 Metaspace       used 81634K, capacity 88010K, committed 88024K, reserved 1126400K
  class space    used 9260K, capacity 11251K, committed 11264K, reserved 1048576K
Event: 320.599 GC heap after
Heap after GC invocations=23 (full 7):
 PSYoungGen      total 273408K, used 5202K [0x00000000eab00000, 0x00000000ffb80000, 0x0000000100000000)
  eden space 205312K, 0% used [0x00000000eab00000,0x00000000eab00000,0x00000000f7380000)
  from space 68096K, 7% used [0x00000000fb900000,0x00000000fbe14bf0,0x00000000ffb80000)
  to   space 69632K, 0% used [0x00000000f7380000,0x00000000f7380000,0x00000000fb780000)
 ParOldGen       total 531456K, used 49302K [0x00000000c0000000, 0x00000000e0700000, 0x00000000eab00000)
  object space 531456K, 9% used [0x00000000c0000000,0x00000000c3025978,0x00000000e0700000)
 Metaspace       used 81634K, capacity 88010K, committed 88024K, reserved 1126400K
  class space    used 9260K, capacity 11251K, committed 11264K, reserved 1048576K
}
Event: 387.633 GC heap before
{Heap before GC invocations=24 (full 7):
 PSYoungGen      total 273408K, used 210514K [0x00000000eab00000, 0x00000000ffb80000, 0x0000000100000000)
  eden space 205312K, 100% used [0x00000000eab00000,0x00000000f7380000,0x00000000f7380000)
  from space 68096K, 7% used [0x00000000fb900000,0x00000000fbe14bf0,0x00000000ffb80000)
  to   space 69632K, 0% used [0x00000000f7380000,0x00000000f7380000,0x00000000fb780000)
 ParOldGen       total 531456K, used 49302K [0x00000000c0000000, 0x00000000e0700000, 0x00000000eab00000)
  object space 531456K, 9% used [0x00000000c0000000,0x00000000c3025978,0x00000000e0700000)
 Metaspace       used 81737K, capacity 88074K, committed 88280K, reserved 1126400K
  class space    used 9260K, capacity 11251K, committed 11264K, reserved 1048576K
Event: 387.636 GC heap after
Heap after GC invocations=24 (full 7):
 PSYoungGen      total 274944K, used 4929K [0x00000000eab00000, 0x00000000ffe80000, 0x0000000100000000)
  eden space 205312K, 0% used [0x00000000eab00000,0x00000000eab00000,0x00000000f7380000)
  from space 69632K, 7% used [0x00000000f7380000,0x00000000f7850788,0x00000000fb780000)
  to   space 68096K, 0% used [0x00000000fbc00000,0x00000000fbc00000,0x00000000ffe80000)
 ParOldGen       total 531456K, used 49310K [0x00000000c0000000, 0x00000000e0700000, 0x00000000eab00000)
  object space 531456K, 9% used [0x00000000c0000000,0x00000000c3027978,0x00000000e0700000)
 Metaspace       used 81737K, capacity 88074K, committed 88280K, reserved 1126400K
  class space    used 9260K, capacity 11251K, committed 11264K, reserved 1048576K
}
Event: 1063.597 GC heap before
{Heap before GC invocations=25 (full 7):
 PSYoungGen      total 274944K, used 210241K [0x00000000eab00000, 0x00000000ffe80000, 0x0000000100000000)
  eden space 205312K, 100% used [0x00000000eab00000,0x00000000f7380000,0x00000000f7380000)
  from space 69632K, 7% used [0x00000000f7380000,0x00000000f7850788,0x00000000fb780000)
  to   space 68096K, 0% used [0x00000000fbc00000,0x00000000fbc00000,0x00000000ffe80000)
 ParOldGen       total 531456K, used 49310K [0x00000000c0000000, 0x00000000e0700000, 0x00000000eab00000)
  object space 531456K, 9% used [0x00000000c0000000,0x00000000c3027978,0x00000000e0700000)
 Metaspace       used 81944K, capacity 88330K, committed 88536K, reserved 1126400K
  class space    used 9261K, capacity 11251K, committed 11264K, reserved 1048576K
Event: 1063.601 GC heap after
Heap after GC invocations=25 (full 7):
 PSYoungGen      total 274432K, used 5186K [0x00000000eab00000, 0x00000000ff980000, 0x0000000100000000)
  eden space 211456K, 0% used [0x00000000eab00000,0x00000000eab00000,0x00000000f7980000)
  from space 62976K, 8% used [0x00000000fbc00000,0x00000000fc110980,0x00000000ff980000)
  to   space 65536K, 0% used [0x00000000f7980000,0x00000000f7980000,0x00000000fb980000)
 ParOldGen       total 531456K, used 49318K [0x00000000c0000000, 0x00000000e0700000, 0x00000000eab00000)
  object space 531456K, 9% used [0x00000000c0000000,0x00000000c3029978,0x00000000e0700000)
 Metaspace       used 81944K, capacity 88330K, committed 88536K, reserved 1126400K
  class space    used 9261K, capacity 11251K, committed 11264K, reserved 1048576K
}
Event: 1142.831 GC heap before
{Heap before GC invocations=26 (full 7):
 PSYoungGen      total 274432K, used 216642K [0x00000000eab00000, 0x00000000ff980000, 0x0000000100000000)
  eden space 211456K, 100% used [0x00000000eab00000,0x00000000f7980000,0x00000000f7980000)
  from space 62976K, 8% used [0x00000000fbc00000,0x00000000fc110980,0x00000000ff980000)
  to   space 65536K, 0% used [0x00000000f7980000,0x00000000f7980000,0x00000000fb980000)
 ParOldGen       total 531456K, used 49318K [0x00000000c0000000, 0x00000000e0700000, 0x00000000eab00000)
  object space 531456K, 9% used [0x00000000c0000000,0x00000000c3029978,0x00000000e0700000)
 Metaspace       used 83023K, capacity 89506K, committed 89688K, reserved 1128448K
  class space    used 9336K, capacity 11295K, committed 11392K, reserved 1048576K
Event: 1142.836 GC heap after
Heap after GC invocations=26 (full 7):
 PSYoungGen      total 276992K, used 7043K [0x00000000eab00000, 0x00000000ffd80000, 0x0000000100000000)
  eden space 211456K, 0% used [0x00000000eab00000,0x00000000eab00000,0x00000000f7980000)
  from space 65536K, 10% used [0x00000000f7980000,0x00000000f8060dc0,0x00000000fb980000)
  to   space 62976K, 0% used [0x00000000fc000000,0x00000000fc000000,0x00000000ffd80000)
 ParOldGen       total 531456K, used 49326K [0x00000000c0000000, 0x00000000e0700000, 0x00000000eab00000)
  object space 531456K, 9% used [0x00000000c0000000,0x00000000c302b978,0x00000000e0700000)
 Metaspace       used 83023K, capacity 89506K, committed 89688K, reserved 1128448K
  class space    used 9336K, capacity 11295K, committed 11392K, reserved 1048576K
}
Event: 1168.031 GC heap before
{Heap before GC invocations=27 (full 7):
 PSYoungGen      total 276992K, used 218499K [0x00000000eab00000, 0x00000000ffd80000, 0x0000000100000000)
  eden space 211456K, 100% used [0x00000000eab00000,0x00000000f7980000,0x00000000f7980000)
  from space 65536K, 10% used [0x00000000f7980000,0x00000000f8060dc0,0x00000000fb980000)
  to   space 62976K, 0% used [0x00000000fc000000,0x00000000fc000000,0x00000000ffd80000)
 ParOldGen       total 531456K, used 49326K [0x00000000c0000000, 0x00000000e0700000, 0x00000000eab00000)
  object space 531456K, 9% used [0x00000000c0000000,0x00000000c302b978,0x00000000e0700000)
 Metaspace       used 83649K, capacity 89988K, committed 90200K, reserved 1128448K
  class space    used 9345K, capacity 11300K, committed 11392K, reserved 1048576K
Event: 1168.039 GC heap after
Heap after GC invocations=27 (full 7):
 PSYoungGen      total 251904K, used 12026K [0x00000000eab00000, 0x00000000fea80000, 0x0000000100000000)
  eden space 208384K, 0% used [0x00000000eab00000,0x00000000eab00000,0x00000000f7680000)
  from space 43520K, 27% used [0x00000000fc000000,0x00000000fcbbeb80,0x00000000fea80000)
  to   space 59392K, 0% used [0x00000000f7680000,0x00000000f7680000,0x00000000fb080000)
 ParOldGen       total 531456K, used 49334K [0x00000000c0000000, 0x00000000e0700000, 0x00000000eab00000)
  object space 531456K, 9% used [0x00000000c0000000,0x00000000c302d978,0x00000000e0700000)
 Metaspace       used 83649K, capacity 89988K, committed 90200K, reserved 1128448K
  class space    used 9345K, capacity 11300K, committed 11392K, reserved 1048576K
}

