# JRE version: OpenJDK Runtime Environment (8.0_151-b12) (build 1.8.0_151-b12)
# Java VM: OpenJDK 64-Bit Server VM (25.151-b12 mixed mode linux-amd64 compressed oops)
Heap:
 PSYoungGen      total 258560K, used 85564K [0x00000000eab00000, 0x00000000fe100000, 0x0000000100000000)
  eden space 212992K, 36% used [0x00000000eab00000,0x00000000ef5f4ad8,0x00000000f7b00000)
  from space 45568K, 19% used [0x00000000fb480000,0x00000000fbd1a8b0,0x00000000fe100000)
  to   space 52224K, 0% used [0x00000000f7b00000,0x00000000f7b00000,0x00000000fae00000)
 ParOldGen       total 403968K, used 70886K [0x00000000c0000000, 0x00000000d8a80000, 0x00000000eab00000)
  object space 403968K, 17% used [0x00000000c0000000,0x00000000c4539af0,0x00000000d8a80000)
 Metaspace       used 88937K, capacity 95708K, committed 96000K, reserved 1132544K
  class space    used 9998K, capacity 12022K, committed 12032K, reserved 1048576K
GC Heap History (10 events):
Event: 305.648 GC heap before
{Heap before GC invocations=27 (full 7):
 PSYoungGen      total 273920K, used 205155K [0x00000000eab00000, 0x00000000ffb00000, 0x0000000100000000)
  eden space 204288K, 100% used [0x00000000eab00000,0x00000000f7280000,0x00000000f7280000)
  from space 69632K, 1% used [0x00000000f7280000,0x00000000f7358ce8,0x00000000fb680000)
  to   space 67584K, 0% used [0x00000000fb900000,0x00000000fb900000,0x00000000ffb00000)
 ParOldGen       total 403968K, used 70782K [0x00000000c0000000, 0x00000000d8a80000, 0x00000000eab00000)
  object space 403968K, 17% used [0x00000000c0000000,0x00000000c451fae0,0x00000000d8a80000)
 Metaspace       used 84257K, capacity 90818K, committed 91264K, reserved 1128448K
  class space    used 9555K, capacity 11529K, committed 11648K, reserved 1048576K
Event: 305.651 GC heap after
Heap after GC invocations=27 (full 7):
 PSYoungGen      total 277504K, used 1323K [0x00000000eab00000, 0x00000000ffa00000, 0x0000000100000000)
  eden space 210944K, 0% used [0x00000000eab00000,0x00000000eab00000,0x00000000f7900000)
  from space 66560K, 1% used [0x00000000fb900000,0x00000000fba4aea0,0x00000000ffa00000)
  to   space 65536K, 0% used [0x00000000f7900000,0x00000000f7900000,0x00000000fb900000)
 ParOldGen       total 403968K, used 70790K [0x00000000c0000000, 0x00000000d8a80000, 0x00000000eab00000)
  object space 403968K, 17% used [0x00000000c0000000,0x00000000c4521ae0,0x00000000d8a80000)
 Metaspace       used 84257K, capacity 90818K, committed 91264K, reserved 1128448K
  class space    used 9555K, capacity 11529K, committed 11648K, reserved 1048576K
}
Event: 347.830 GC heap before
{Heap before GC invocations=28 (full 7):
 PSYoungGen      total 277504K, used 212267K [0x00000000eab00000, 0x00000000ffa00000, 0x0000000100000000)
  eden space 210944K, 100% used [0x00000000eab00000,0x00000000f7900000,0x00000000f7900000)
  from space 66560K, 1% used [0x00000000fb900000,0x00000000fba4aea0,0x00000000ffa00000)
  to   space 65536K, 0% used [0x00000000f7900000,0x00000000f7900000,0x00000000fb900000)
 ParOldGen       total 403968K, used 70790K [0x00000000c0000000, 0x00000000d8a80000, 0x00000000eab00000)
  object space 403968K, 17% used [0x00000000c0000000,0x00000000c4521ae0,0x00000000d8a80000)
 Metaspace       used 84983K, capacity 91490K, committed 91776K, reserved 1130496K
  class space    used 9590K, capacity 11561K, committed 11648K, reserved 1048576K
Event: 347.833 GC heap after
Heap after GC invocations=28 (full 7):
 PSYoungGen      total 276480K, used 1882K [0x00000000eab00000, 0x00000000ffa00000, 0x0000000100000000)
  eden space 210944K, 0% used [0x00000000eab00000,0x00000000eab00000,0x00000000f7900000)
  from space 65536K, 2% used [0x00000000f7900000,0x00000000f7ad6920,0x00000000fb900000)
  to   space 62976K, 0% used [0x00000000fbc80000,0x00000000fbc80000,0x00000000ffa00000)
 ParOldGen       total 403968K, used 70862K [0x00000000c0000000, 0x00000000d8a80000, 0x00000000eab00000)
  object space 403968K, 17% used [0x00000000c0000000,0x00000000c4533af0,0x00000000d8a80000)
 Metaspace       used 84983K, capacity 91490K, committed 91776K, reserved 1130496K
  class space    used 9590K, capacity 11561K, committed 11648K, reserved 1048576K
}
Event: 375.479 GC heap before
{Heap before GC invocations=29 (full 7):
 PSYoungGen      total 276480K, used 212826K [0x00000000eab00000, 0x00000000ffa00000, 0x0000000100000000)
  eden space 210944K, 100% used [0x00000000eab00000,0x00000000f7900000,0x00000000f7900000)
  from space 65536K, 2% used [0x00000000f7900000,0x00000000f7ad6920,0x00000000fb900000)
  to   space 62976K, 0% used [0x00000000fbc80000,0x00000000fbc80000,0x00000000ffa00000)
 ParOldGen       total 403968K, used 70862K [0x00000000c0000000, 0x00000000d8a80000, 0x00000000eab00000)
  object space 403968K, 17% used [0x00000000c0000000,0x00000000c4533af0,0x00000000d8a80000)
 Metaspace       used 86801K, capacity 93658K, committed 94080K, reserved 1132544K
  class space    used 9808K, capacity 11838K, committed 11904K, reserved 1048576K
Event: 375.486 GC heap after
Heap after GC invocations=29 (full 7):
 PSYoungGen      total 279040K, used 9890K [0x00000000eab00000, 0x00000000ff580000, 0x0000000100000000)
  eden space 220672K, 0% used [0x00000000eab00000,0x00000000eab00000,0x00000000f8280000)
  from space 58368K, 16% used [0x00000000fbc80000,0x00000000fc628a68,0x00000000ff580000)
  to   space 58880K, 0% used [0x00000000f8280000,0x00000000f8280000,0x00000000fbc00000)
 ParOldGen       total 403968K, used 70870K [0x00000000c0000000, 0x00000000d8a80000, 0x00000000eab00000)
  object space 403968K, 17% used [0x00000000c0000000,0x00000000c4535af0,0x00000000d8a80000)
 Metaspace       used 86801K, capacity 93658K, committed 94080K, reserved 1132544K
  class space    used 9808K, capacity 11838K, committed 11904K, reserved 1048576K
}
Event: 444.308 GC heap before
{Heap before GC invocations=30 (full 7):
 PSYoungGen      total 279040K, used 230562K [0x00000000eab00000, 0x00000000ff580000, 0x0000000100000000)
  eden space 220672K, 100% used [0x00000000eab00000,0x00000000f8280000,0x00000000f8280000)
  from space 58368K, 16% used [0x00000000fbc80000,0x00000000fc628a68,0x00000000ff580000)
  to   space 58880K, 0% used [0x00000000f8280000,0x00000000f8280000,0x00000000fbc00000)
 ParOldGen       total 403968K, used 70870K [0x00000000c0000000, 0x00000000d8a80000, 0x00000000eab00000)
  object space 403968K, 17% used [0x00000000c0000000,0x00000000c4535af0,0x00000000d8a80000)
 Metaspace       used 87307K, capacity 94042K, committed 94336K, reserved 1132544K
  class space    used 9814K, capacity 11838K, committed 11904K, reserved 1048576K
Event: 444.314 GC heap after
Heap after GC invocations=30 (full 7):
 PSYoungGen      total 226304K, used 9288K [0x00000000eab00000, 0x00000000fea80000, 0x0000000100000000)
  eden space 216576K, 0% used [0x00000000eab00000,0x00000000eab00000,0x00000000f7e80000)
  from space 9728K, 95% used [0x00000000f8280000,0x00000000f8b92268,0x00000000f8c00000)
  to   space 55296K, 0% used [0x00000000fb480000,0x00000000fb480000,0x00000000fea80000)
 ParOldGen       total 403968K, used 70878K [0x00000000c0000000, 0x00000000d8a80000, 0x00000000eab00000)
  object space 403968K, 17% used [0x00000000c0000000,0x00000000c4537af0,0x00000000d8a80000)
 Metaspace       used 87307K, capacity 94042K, committed 94336K, reserved 1132544K
  class space    used 9814K, capacity 11838K, committed 11904K, reserved 1048576K
}
Event: 520.001 GC heap before
{Heap before GC invocations=31 (full 7):
 PSYoungGen      total 226304K, used 225864K [0x00000000eab00000, 0x00000000fea80000, 0x0000000100000000)
  eden space 216576K, 100% used [0x00000000eab00000,0x00000000f7e80000,0x00000000f7e80000)
  from space 9728K, 95% used [0x00000000f8280000,0x00000000f8b92268,0x00000000f8c00000)
  to   space 55296K, 0% used [0x00000000fb480000,0x00000000fb480000,0x00000000fea80000)
 ParOldGen       total 403968K, used 70878K [0x00000000c0000000, 0x00000000d8a80000, 0x00000000eab00000)
  object space 403968K, 17% used [0x00000000c0000000,0x00000000c4537af0,0x00000000d8a80000)
 Metaspace       used 87354K, capacity 94170K, committed 94592K, reserved 1132544K
  class space    used 9814K, capacity 11838K, committed 11904K, reserved 1048576K
Event: 520.007 GC heap after
Heap after GC invocations=31 (full 7):
 PSYoungGen      total 258560K, used 8810K [0x00000000eab00000, 0x00000000fe100000, 0x0000000100000000)
  eden space 212992K, 0% used [0x00000000eab00000,0x00000000eab00000,0x00000000f7b00000)
  from space 45568K, 19% used [0x00000000fb480000,0x00000000fbd1a8b0,0x00000000fe100000)
  to   space 52224K, 0% used [0x00000000f7b00000,0x00000000f7b00000,0x00000000fae00000)
 ParOldGen       total 403968K, used 70886K [0x00000000c0000000, 0x00000000d8a80000, 0x00000000eab00000)
  object space 403968K, 17% used [0x00000000c0000000,0x00000000c4539af0,0x00000000d8a80000)
 Metaspace       used 87354K, capacity 94170K, committed 94592K, reserved 1132544K
  class space    used 9814K, capacity 11838K, committed 11904K, reserved 1048576K
}

