# JRE version: OpenJDK Runtime Environment (8.0_151-b12) (build 1.8.0_151-b12)
# Java VM: OpenJDK 64-Bit Server VM (25.151-b12 mixed mode linux-amd64 compressed oops)
Heap:
 PSYoungGen      total 282624K, used 86549K [0x00000000eab00000, 0x00000000ffb00000, 0x0000000100000000)
  eden space 221184K, 37% used [0x00000000eab00000,0x00000000efce8be0,0x00000000f8300000)
  from space 61440K, 4% used [0x00000000fbf00000,0x00000000fc19cbe0,0x00000000ffb00000)
  to   space 61440K, 0% used [0x00000000f8300000,0x00000000f8300000,0x00000000fbf00000)
 ParOldGen       total 529408K, used 51029K [0x00000000c0000000, 0x00000000e0500000, 0x00000000eab00000)
  object space 529408K, 9% used [0x00000000c0000000,0x00000000c31d5648,0x00000000e0500000)
 Metaspace       used 87238K, capacity 93686K, committed 93912K, reserved 1132544K
  class space    used 9741K, capacity 11685K, committed 11776K, reserved 1048576K
GC Heap History (10 events):
Event: 135.423 GC heap before
{Heap before GC invocations=23 (full 7):
 PSYoungGen      total 282112K, used 10190K [0x00000000eab00000, 0x0000000100000000, 0x0000000100000000)
  eden space 213504K, 0% used [0x00000000eab00000,0x00000000eab00000,0x00000000f7b80000)
  from space 68608K, 14% used [0x00000000fbd00000,0x00000000fc6f3880,0x0000000100000000)
  to   space 67072K, 0% used [0x00000000f7b80000,0x00000000f7b80000,0x00000000fbd00000)
 ParOldGen       total 529408K, used 41457K [0x00000000c0000000, 0x00000000e0500000, 0x00000000eab00000)
  object space 529408K, 7% used [0x00000000c0000000,0x00000000c287c4e0,0x00000000e0500000)
 Metaspace       used 82812K, capacity 89046K, committed 89304K, reserved 1128448K
  class space    used 9320K, capacity 11253K, committed 11264K, reserved 1048576K
Event: 135.490 GC heap after
Heap after GC invocations=23 (full 7):
 PSYoungGen      total 282112K, used 0K [0x00000000eab00000, 0x0000000100000000, 0x0000000100000000)
  eden space 213504K, 0% used [0x00000000eab00000,0x00000000eab00000,0x00000000f7b80000)
  from space 68608K, 0% used [0x00000000fbd00000,0x00000000fbd00000,0x0000000100000000)
  to   space 67072K, 0% used [0x00000000f7b80000,0x00000000f7b80000,0x00000000fbd00000)
 ParOldGen       total 529408K, used 51005K [0x00000000c0000000, 0x00000000e0500000, 0x00000000eab00000)
  object space 529408K, 9% used [0x00000000c0000000,0x00000000c31cf648,0x00000000e0500000)
 Metaspace       used 82812K, capacity 89046K, committed 89304K, reserved 1128448K
  class space    used 9320K, capacity 11253K, committed 11264K, reserved 1048576K
}
Event: 185.820 GC heap before
{Heap before GC invocations=24 (full 7):
 PSYoungGen      total 282112K, used 213504K [0x00000000eab00000, 0x0000000100000000, 0x0000000100000000)
  eden space 213504K, 100% used [0x00000000eab00000,0x00000000f7b80000,0x00000000f7b80000)
  from space 68608K, 0% used [0x00000000fbd00000,0x00000000fbd00000,0x0000000100000000)
  to   space 67072K, 0% used [0x00000000f7b80000,0x00000000f7b80000,0x00000000fbd00000)
 ParOldGen       total 529408K, used 51005K [0x00000000c0000000, 0x00000000e0500000, 0x00000000eab00000)
  object space 529408K, 9% used [0x00000000c0000000,0x00000000c31cf648,0x00000000e0500000)
 Metaspace       used 84655K, capacity 91016K, committed 91224K, reserved 1128448K
  class space    used 9502K, capacity 11529K, committed 11648K, reserved 1048576K
Event: 185.825 GC heap after
Heap after GC invocations=24 (full 7):
 PSYoungGen      total 220160K, used 6158K [0x00000000eab00000, 0x00000000ffb80000, 0x0000000100000000)
  eden space 213504K, 0% used [0x00000000eab00000,0x00000000eab00000,0x00000000f7b80000)
  from space 6656K, 92% used [0x00000000f7b80000,0x00000000f8183848,0x00000000f8200000)
  to   space 65536K, 0% used [0x00000000fbb80000,0x00000000fbb80000,0x00000000ffb80000)
 ParOldGen       total 529408K, used 51013K [0x00000000c0000000, 0x00000000e0500000, 0x00000000eab00000)
  object space 529408K, 9% used [0x00000000c0000000,0x00000000c31d1648,0x00000000e0500000)
 Metaspace       used 84655K, capacity 91016K, committed 91224K, reserved 1128448K
  class space    used 9502K, capacity 11529K, committed 11648K, reserved 1048576K
}
Event: 230.865 GC heap before
{Heap before GC invocations=25 (full 7):
 PSYoungGen      total 220160K, used 219662K [0x00000000eab00000, 0x00000000ffb80000, 0x0000000100000000)
  eden space 213504K, 100% used [0x00000000eab00000,0x00000000f7b80000,0x00000000f7b80000)
  from space 6656K, 92% used [0x00000000f7b80000,0x00000000f8183848,0x00000000f8200000)
  to   space 65536K, 0% used [0x00000000fbb80000,0x00000000fbb80000,0x00000000ffb80000)
 ParOldGen       total 529408K, used 51013K [0x00000000c0000000, 0x00000000e0500000, 0x00000000eab00000)
  object space 529408K, 9% used [0x00000000c0000000,0x00000000c31d1648,0x00000000e0500000)
 Metaspace       used 84728K, capacity 91016K, committed 91224K, reserved 1128448K
  class space    used 9502K, capacity 11529K, committed 11648K, reserved 1048576K
Event: 230.869 GC heap after
Heap after GC invocations=25 (full 7):
 PSYoungGen      total 280064K, used 1650K [0x00000000eab00000, 0x0000000100000000, 0x0000000100000000)
  eden space 214528K, 0% used [0x00000000eab00000,0x00000000eab00000,0x00000000f7c80000)
  from space 65536K, 2% used [0x00000000fbb80000,0x00000000fbd1cbf8,0x00000000ffb80000)
  to   space 64512K, 0% used [0x00000000f7c80000,0x00000000f7c80000,0x00000000fbb80000)
 ParOldGen       total 529408K, used 51013K [0x00000000c0000000, 0x00000000e0500000, 0x00000000eab00000)
  object space 529408K, 9% used [0x00000000c0000000,0x00000000c31d1648,0x00000000e0500000)
 Metaspace       used 84728K, capacity 91016K, committed 91224K, reserved 1128448K
  class space    used 9502K, capacity 11529K, committed 11648K, reserved 1048576K
}
Event: 292.503 GC heap before
{Heap before GC invocations=26 (full 7):
 PSYoungGen      total 280064K, used 216178K [0x00000000eab00000, 0x0000000100000000, 0x0000000100000000)
  eden space 214528K, 100% used [0x00000000eab00000,0x00000000f7c80000,0x00000000f7c80000)
  from space 65536K, 2% used [0x00000000fbb80000,0x00000000fbd1cbf8,0x00000000ffb80000)
  to   space 64512K, 0% used [0x00000000f7c80000,0x00000000f7c80000,0x00000000fbb80000)
 ParOldGen       total 529408K, used 51013K [0x00000000c0000000, 0x00000000e0500000, 0x00000000eab00000)
  object space 529408K, 9% used [0x00000000c0000000,0x00000000c31d1648,0x00000000e0500000)
 Metaspace       used 84874K, capacity 91336K, committed 91736K, reserved 1130496K
  class space    used 9508K, capacity 11529K, committed 11648K, reserved 1048576K
Event: 292.506 GC heap after
Heap after GC invocations=26 (full 7):
 PSYoungGen      total 279040K, used 1873K [0x00000000eab00000, 0x00000000ffd00000, 0x0000000100000000)
  eden space 214528K, 0% used [0x00000000eab00000,0x00000000eab00000,0x00000000f7c80000)
  from space 64512K, 2% used [0x00000000f7c80000,0x00000000f7e54638,0x00000000fbb80000)
  to   space 63488K, 0% used [0x00000000fbf00000,0x00000000fbf00000,0x00000000ffd00000)
 ParOldGen       total 529408K, used 51021K [0x00000000c0000000, 0x00000000e0500000, 0x00000000eab00000)
  object space 529408K, 9% used [0x00000000c0000000,0x00000000c31d3648,0x00000000e0500000)
 Metaspace       used 84874K, capacity 91336K, committed 91736K, reserved 1130496K
  class space    used 9508K, capacity 11529K, committed 11648K, reserved 1048576K
}
Event: 337.493 GC heap before
{Heap before GC invocations=27 (full 7):
 PSYoungGen      total 279040K, used 216401K [0x00000000eab00000, 0x00000000ffd00000, 0x0000000100000000)
  eden space 214528K, 100% used [0x00000000eab00000,0x00000000f7c80000,0x00000000f7c80000)
  from space 64512K, 2% used [0x00000000f7c80000,0x00000000f7e54638,0x00000000fbb80000)
  to   space 63488K, 0% used [0x00000000fbf00000,0x00000000fbf00000,0x00000000ffd00000)
 ParOldGen       total 529408K, used 51021K [0x00000000c0000000, 0x00000000e0500000, 0x00000000eab00000)
  object space 529408K, 9% used [0x00000000c0000000,0x00000000c31d3648,0x00000000e0500000)
 Metaspace       used 85593K, capacity 92220K, committed 92504K, reserved 1130496K
  class space    used 9553K, capacity 11567K, committed 11648K, reserved 1048576K
Event: 337.496 GC heap after
Heap after GC invocations=27 (full 7):
 PSYoungGen      total 282624K, used 2674K [0x00000000eab00000, 0x00000000ffb00000, 0x0000000100000000)
  eden space 221184K, 0% used [0x00000000eab00000,0x00000000eab00000,0x00000000f8300000)
  from space 61440K, 4% used [0x00000000fbf00000,0x00000000fc19cbe0,0x00000000ffb00000)
  to   space 61440K, 0% used [0x00000000f8300000,0x00000000f8300000,0x00000000fbf00000)
 ParOldGen       total 529408K, used 51029K [0x00000000c0000000, 0x00000000e0500000, 0x00000000eab00000)
  object space 529408K, 9% used [0x00000000c0000000,0x00000000c31d5648,0x00000000e0500000)
 Metaspace       used 85593K, capacity 92220K, committed 92504K, reserved 1130496K
  class space    used 9553K, capacity 11567K, committed 11648K, reserved 1048576K
}

