# JRE version: OpenJDK Runtime Environment (8.0_151-b12) (build 1.8.0_151-b12)
# Java VM: OpenJDK 64-Bit Server VM (25.151-b12 mixed mode linux-amd64 compressed oops)
Heap:
 PSYoungGen      total 276992K, used 145831K [0x00000000eab00000, 0x0000000100000000, 0x0000000100000000)
  eden space 209408K, 67% used [0x00000000eab00000,0x00000000f348f6d8,0x00000000f7780000)
  from space 67584K, 7% used [0x00000000f7780000,0x00000000f7c5a708,0x00000000fb980000)
  to   space 66560K, 0% used [0x00000000fbf00000,0x00000000fbf00000,0x0000000100000000)
 ParOldGen       total 657920K, used 49683K [0x00000000c0000000, 0x00000000e8280000, 0x00000000eab00000)
  object space 657920K, 7% used [0x00000000c0000000,0x00000000c3084c28,0x00000000e8280000)
 Metaspace       used 84461K, capacity 91082K, committed 91264K, reserved 1128448K
  class space    used 9667K, capacity 11610K, committed 11648K, reserved 1048576K
GC Heap History (10 events):
Event: 49.728 GC heap before
{Heap before GC invocations=20 (full 6):
 PSYoungGen      total 278016K, used 1213K [0x00000000eab00000, 0x0000000100000000, 0x0000000100000000)
  eden space 207872K, 0% used [0x00000000eab00000,0x00000000eab00000,0x00000000f7600000)
  from space 70144K, 1% used [0x00000000fbb80000,0x00000000fbcaf6c0,0x0000000100000000)
  to   space 70656K, 0% used [0x00000000f7600000,0x00000000f7600000,0x00000000fbb00000)
 ParOldGen       total 657920K, used 45219K [0x00000000c0000000, 0x00000000e8280000, 0x00000000eab00000)
  object space 657920K, 6% used [0x00000000c0000000,0x00000000c2c28c40,0x00000000e8280000)
 Metaspace       used 81566K, capacity 88110K, committed 88320K, reserved 1126400K
  class space    used 9413K, capacity 11423K, committed 11520K, reserved 1048576K
Event: 49.789 GC heap after
Heap after GC invocations=20 (full 6):
 PSYoungGen      total 278016K, used 0K [0x00000000eab00000, 0x0000000100000000, 0x0000000100000000)
  eden space 207872K, 0% used [0x00000000eab00000,0x00000000eab00000,0x00000000f7600000)
  from space 70144K, 0% used [0x00000000fbb80000,0x00000000fbb80000,0x0000000100000000)
  to   space 70656K, 0% used [0x00000000f7600000,0x00000000f7600000,0x00000000fbb00000)
 ParOldGen       total 657920K, used 41195K [0x00000000c0000000, 0x00000000e8280000, 0x00000000eab00000)
  object space 657920K, 6% used [0x00000000c0000000,0x00000000c283aeb0,0x00000000e8280000)
 Metaspace       used 81566K, capacity 88110K, committed 88320K, reserved 1126400K
  class space    used 9413K, capacity 11423K, committed 11520K, reserved 1048576K
}
Event: 50.013 GC heap before
{Heap before GC invocations=21 (full 6):
 PSYoungGen      total 278016K, used 47300K [0x00000000eab00000, 0x0000000100000000, 0x0000000100000000)
  eden space 207872K, 22% used [0x00000000eab00000,0x00000000ed931088,0x00000000f7600000)
  from space 70144K, 0% used [0x00000000fbb80000,0x00000000fbb80000,0x0000000100000000)
  to   space 70656K, 0% used [0x00000000f7600000,0x00000000f7600000,0x00000000fbb00000)
 ParOldGen       total 657920K, used 41195K [0x00000000c0000000, 0x00000000e8280000, 0x00000000eab00000)
  object space 657920K, 6% used [0x00000000c0000000,0x00000000c283aeb0,0x00000000e8280000)
 Metaspace       used 81568K, capacity 88110K, committed 88320K, reserved 1126400K
  class space    used 9413K, capacity 11423K, committed 11520K, reserved 1048576K
Event: 50.018 GC heap after
Heap after GC invocations=21 (full 6):
 PSYoungGen      total 278528K, used 10137K [0x00000000eab00000, 0x0000000100000000, 0x0000000100000000)
  eden space 207872K, 0% used [0x00000000eab00000,0x00000000eab00000,0x00000000f7600000)
  from space 70656K, 14% used [0x00000000f7600000,0x00000000f7fe6788,0x00000000fbb00000)
  to   space 69120K, 0% used [0x00000000fbc80000,0x00000000fbc80000,0x0000000100000000)
 ParOldGen       total 657920K, used 41195K [0x00000000c0000000, 0x00000000e8280000, 0x00000000eab00000)
  object space 657920K, 6% used [0x00000000c0000000,0x00000000c283aeb0,0x00000000e8280000)
 Metaspace       used 81568K, capacity 88110K, committed 88320K, reserved 1126400K
  class space    used 9413K, capacity 11423K, committed 11520K, reserved 1048576K
}
Event: 50.018 GC heap before
{Heap before GC invocations=22 (full 7):
 PSYoungGen      total 278528K, used 10137K [0x00000000eab00000, 0x0000000100000000, 0x0000000100000000)
  eden space 207872K, 0% used [0x00000000eab00000,0x00000000eab00000,0x00000000f7600000)
  from space 70656K, 14% used [0x00000000f7600000,0x00000000f7fe6788,0x00000000fbb00000)
  to   space 69120K, 0% used [0x00000000fbc80000,0x00000000fbc80000,0x0000000100000000)
 ParOldGen       total 657920K, used 41195K [0x00000000c0000000, 0x00000000e8280000, 0x00000000eab00000)
  object space 657920K, 6% used [0x00000000c0000000,0x00000000c283aeb0,0x00000000e8280000)
 Metaspace       used 81568K, capacity 88110K, committed 88320K, reserved 1126400K
  class space    used 9413K, capacity 11423K, committed 11520K, reserved 1048576K
Event: 50.081 GC heap after
Heap after GC invocations=22 (full 7):
 PSYoungGen      total 278528K, used 0K [0x00000000eab00000, 0x0000000100000000, 0x0000000100000000)
  eden space 207872K, 0% used [0x00000000eab00000,0x00000000eab00000,0x00000000f7600000)
  from space 70656K, 0% used [0x00000000f7600000,0x00000000f7600000,0x00000000fbb00000)
  to   space 69120K, 0% used [0x00000000fbc80000,0x00000000fbc80000,0x0000000100000000)
 ParOldGen       total 657920K, used 49667K [0x00000000c0000000, 0x00000000e8280000, 0x00000000eab00000)
  object space 657920K, 7% used [0x00000000c0000000,0x00000000c3080c28,0x00000000e8280000)
 Metaspace       used 81568K, capacity 88110K, committed 88320K, reserved 1126400K
  class space    used 9413K, capacity 11423K, committed 11520K, reserved 1048576K
}
Event: 85.141 GC heap before
{Heap before GC invocations=23 (full 7):
 PSYoungGen      total 278528K, used 207872K [0x00000000eab00000, 0x0000000100000000, 0x0000000100000000)
  eden space 207872K, 100% used [0x00000000eab00000,0x00000000f7600000,0x00000000f7600000)
  from space 70656K, 0% used [0x00000000f7600000,0x00000000f7600000,0x00000000fbb00000)
  to   space 69120K, 0% used [0x00000000fbc80000,0x00000000fbc80000,0x0000000100000000)
 ParOldGen       total 657920K, used 49667K [0x00000000c0000000, 0x00000000e8280000, 0x00000000eab00000)
  object space 657920K, 7% used [0x00000000c0000000,0x00000000c3080c28,0x00000000e8280000)
 Metaspace       used 82156K, capacity 88770K, committed 89088K, reserved 1126400K
  class space    used 9434K, capacity 11425K, committed 11520K, reserved 1048576K
Event: 85.146 GC heap after
Heap after GC invocations=23 (full 7):
 PSYoungGen      total 273920K, used 7855K [0x00000000eab00000, 0x00000000ffb80000, 0x0000000100000000)
  eden space 209408K, 0% used [0x00000000eab00000,0x00000000eab00000,0x00000000f7780000)
  from space 64512K, 12% used [0x00000000fbc80000,0x00000000fc42bca8,0x00000000ffb80000)
  to   space 67584K, 0% used [0x00000000f7780000,0x00000000f7780000,0x00000000fb980000)
 ParOldGen       total 657920K, used 49675K [0x00000000c0000000, 0x00000000e8280000, 0x00000000eab00000)
  object space 657920K, 7% used [0x00000000c0000000,0x00000000c3082c28,0x00000000e8280000)
 Metaspace       used 82156K, capacity 88770K, committed 89088K, reserved 1126400K
  class space    used 9434K, capacity 11425K, committed 11520K, reserved 1048576K
}
Event: 150.867 GC heap before
{Heap before GC invocations=24 (full 7):
 PSYoungGen      total 273920K, used 217263K [0x00000000eab00000, 0x00000000ffb80000, 0x0000000100000000)
  eden space 209408K, 100% used [0x00000000eab00000,0x00000000f7780000,0x00000000f7780000)
  from space 64512K, 12% used [0x00000000fbc80000,0x00000000fc42bca8,0x00000000ffb80000)
  to   space 67584K, 0% used [0x00000000f7780000,0x00000000f7780000,0x00000000fb980000)
 ParOldGen       total 657920K, used 49675K [0x00000000c0000000, 0x00000000e8280000, 0x00000000eab00000)
  object space 657920K, 7% used [0x00000000c0000000,0x00000000c3082c28,0x00000000e8280000)
 Metaspace       used 82485K, capacity 89058K, committed 89344K, reserved 1126400K
  class space    used 9448K, capacity 11457K, committed 11520K, reserved 1048576K
Event: 150.870 GC heap after
Heap after GC invocations=24 (full 7):
 PSYoungGen      total 276992K, used 4969K [0x00000000eab00000, 0x0000000100000000, 0x0000000100000000)
  eden space 209408K, 0% used [0x00000000eab00000,0x00000000eab00000,0x00000000f7780000)
  from space 67584K, 7% used [0x00000000f7780000,0x00000000f7c5a708,0x00000000fb980000)
  to   space 66560K, 0% used [0x00000000fbf00000,0x00000000fbf00000,0x0000000100000000)
 ParOldGen       total 657920K, used 49683K [0x00000000c0000000, 0x00000000e8280000, 0x00000000eab00000)
  object space 657920K, 7% used [0x00000000c0000000,0x00000000c3084c28,0x00000000e8280000)
 Metaspace       used 82485K, capacity 89058K, committed 89344K, reserved 1126400K
  class space    used 9448K, capacity 11457K, committed 11520K, reserved 1048576K
}

