# JRE version: OpenJDK Runtime Environment (8.0_151-b12) (build 1.8.0_151-b12)
# Java VM: OpenJDK 64-Bit Server VM (25.151-b12 mixed mode linux-amd64 compressed oops)
Heap:
 PSYoungGen      total 275968K, used 24145K [0x00000000eab00000, 0x00000000ffb00000, 0x0000000100000000)
  eden space 209408K, 8% used [0x00000000eab00000,0x00000000ebbe9b20,0x00000000f7780000)
  from space 66560K, 10% used [0x00000000f7780000,0x00000000f7e2ab20,0x00000000fb880000)
  to   space 64512K, 0% used [0x00000000fbc00000,0x00000000fbc00000,0x00000000ffb00000)
 ParOldGen       total 518656K, used 49246K [0x00000000c0000000, 0x00000000dfa80000, 0x00000000eab00000)
  object space 518656K, 9% used [0x00000000c0000000,0x00000000c3017b10,0x00000000dfa80000)
 Metaspace       used 83512K, capacity 89940K, committed 90200K, reserved 1128448K
  class space    used 9454K, capacity 11375K, committed 11392K, reserved 1048576K
GC Heap History (10 events):
Event: 33.587 GC heap before
{Heap before GC invocations=20 (full 6):
 PSYoungGen      total 208384K, used 47023K [0x00000000eab00000, 0x0000000100000000, 0x0000000100000000)
  eden space 207872K, 22% used [0x00000000eab00000,0x00000000ed8ebce0,0x00000000f7600000)
  from space 512K, 0% used [0x00000000f7600000,0x00000000f7600000,0x00000000f7680000)
  to   space 71168K, 0% used [0x00000000fba80000,0x00000000fba80000,0x0000000100000000)
 ParOldGen       total 518656K, used 40123K [0x00000000c0000000, 0x00000000dfa80000, 0x00000000eab00000)
  object space 518656K, 7% used [0x00000000c0000000,0x00000000c272ef58,0x00000000dfa80000)
 Metaspace       used 79799K, capacity 86258K, committed 86360K, reserved 1124352K
  class space    used 9135K, capacity 11121K, committed 11136K, reserved 1048576K
Event: 33.593 GC heap after
Heap after GC invocations=20 (full 6):
 PSYoungGen      total 279552K, used 10115K [0x00000000eab00000, 0x0000000100000000, 0x0000000100000000)
  eden space 208384K, 0% used [0x00000000eab00000,0x00000000eab00000,0x00000000f7680000)
  from space 71168K, 14% used [0x00000000fba80000,0x00000000fc460cc0,0x0000000100000000)
  to   space 69632K, 0% used [0x00000000f7680000,0x00000000f7680000,0x00000000fba80000)
 ParOldGen       total 518656K, used 40123K [0x00000000c0000000, 0x00000000dfa80000, 0x00000000eab00000)
  object space 518656K, 7% used [0x00000000c0000000,0x00000000c272ef58,0x00000000dfa80000)
 Metaspace       used 79799K, capacity 86258K, committed 86360K, reserved 1124352K
  class space    used 9135K, capacity 11121K, committed 11136K, reserved 1048576K
}
Event: 33.593 GC heap before
{Heap before GC invocations=21 (full 7):
 PSYoungGen      total 279552K, used 10115K [0x00000000eab00000, 0x0000000100000000, 0x0000000100000000)
  eden space 208384K, 0% used [0x00000000eab00000,0x00000000eab00000,0x00000000f7680000)
  from space 71168K, 14% used [0x00000000fba80000,0x00000000fc460cc0,0x0000000100000000)
  to   space 69632K, 0% used [0x00000000f7680000,0x00000000f7680000,0x00000000fba80000)
 ParOldGen       total 518656K, used 40123K [0x00000000c0000000, 0x00000000dfa80000, 0x00000000eab00000)
  object space 518656K, 7% used [0x00000000c0000000,0x00000000c272ef58,0x00000000dfa80000)
 Metaspace       used 79799K, capacity 86258K, committed 86360K, reserved 1124352K
  class space    used 9135K, capacity 11121K, committed 11136K, reserved 1048576K
Event: 33.671 GC heap after
Heap after GC invocations=21 (full 7):
 PSYoungGen      total 279552K, used 0K [0x00000000eab00000, 0x0000000100000000, 0x0000000100000000)
  eden space 208384K, 0% used [0x00000000eab00000,0x00000000eab00000,0x00000000f7680000)
  from space 71168K, 0% used [0x00000000fba80000,0x00000000fba80000,0x0000000100000000)
  to   space 69632K, 0% used [0x00000000f7680000,0x00000000f7680000,0x00000000fba80000)
 ParOldGen       total 518656K, used 49238K [0x00000000c0000000, 0x00000000dfa80000, 0x00000000eab00000)
  object space 518656K, 9% used [0x00000000c0000000,0x00000000c3015b10,0x00000000dfa80000)
 Metaspace       used 79799K, capacity 86258K, committed 86360K, reserved 1124352K
  class space    used 9135K, capacity 11121K, committed 11136K, reserved 1048576K
}
Event: 156.934 GC heap before
{Heap before GC invocations=22 (full 7):
 PSYoungGen      total 279552K, used 208384K [0x00000000eab00000, 0x0000000100000000, 0x0000000100000000)
  eden space 208384K, 100% used [0x00000000eab00000,0x00000000f7680000,0x00000000f7680000)
  from space 71168K, 0% used [0x00000000fba80000,0x00000000fba80000,0x0000000100000000)
  to   space 69632K, 0% used [0x00000000f7680000,0x00000000f7680000,0x00000000fba80000)
 ParOldGen       total 518656K, used 49238K [0x00000000c0000000, 0x00000000dfa80000, 0x00000000eab00000)
  object space 518656K, 9% used [0x00000000c0000000,0x00000000c3015b10,0x00000000dfa80000)
 Metaspace       used 80700K, capacity 87066K, committed 87256K, reserved 1126400K
  class space    used 9206K, capacity 11217K, committed 11264K, reserved 1048576K
Event: 156.940 GC heap after
Heap after GC invocations=22 (full 7):
 PSYoungGen      total 216576K, used 7905K [0x00000000eab00000, 0x00000000ffa80000, 0x0000000100000000)
  eden space 208384K, 0% used [0x00000000eab00000,0x00000000eab00000,0x00000000f7680000)
  from space 8192K, 96% used [0x00000000f7680000,0x00000000f7e38408,0x00000000f7e80000)
  to   space 67584K, 0% used [0x00000000fb880000,0x00000000fb880000,0x00000000ffa80000)
 ParOldGen       total 518656K, used 49238K [0x00000000c0000000, 0x00000000dfa80000, 0x00000000eab00000)
  object space 518656K, 9% used [0x00000000c0000000,0x00000000c3015b10,0x00000000dfa80000)
 Metaspace       used 80700K, capacity 87066K, committed 87256K, reserved 1126400K
  class space    used 9206K, capacity 11217K, committed 11264K, reserved 1048576K
}
Event: 224.312 GC heap before
{Heap before GC invocations=23 (full 7):
 PSYoungGen      total 216576K, used 216289K [0x00000000eab00000, 0x00000000ffa80000, 0x0000000100000000)
  eden space 208384K, 100% used [0x00000000eab00000,0x00000000f7680000,0x00000000f7680000)
  from space 8192K, 96% used [0x00000000f7680000,0x00000000f7e38408,0x00000000f7e80000)
  to   space 67584K, 0% used [0x00000000fb880000,0x00000000fb880000,0x00000000ffa80000)
 ParOldGen       total 518656K, used 49238K [0x00000000c0000000, 0x00000000dfa80000, 0x00000000eab00000)
  object space 518656K, 9% used [0x00000000c0000000,0x00000000c3015b10,0x00000000dfa80000)
 Metaspace       used 80826K, capacity 87200K, committed 87256K, reserved 1126400K
  class space    used 9207K, capacity 11218K, committed 11264K, reserved 1048576K
Event: 224.315 GC heap after
Heap after GC invocations=23 (full 7):
 PSYoungGen      total 276992K, used 4168K [0x00000000eab00000, 0x0000000100000000, 0x0000000100000000)
  eden space 209408K, 0% used [0x00000000eab00000,0x00000000eab00000,0x00000000f7780000)
  from space 67584K, 6% used [0x00000000fb880000,0x00000000fbc92020,0x00000000ffa80000)
  to   space 66560K, 0% used [0x00000000f7780000,0x00000000f7780000,0x00000000fb880000)
 ParOldGen       total 518656K, used 49238K [0x00000000c0000000, 0x00000000dfa80000, 0x00000000eab00000)
  object space 518656K, 9% used [0x00000000c0000000,0x00000000c3015b10,0x00000000dfa80000)
 Metaspace       used 80826K, capacity 87200K, committed 87256K, reserved 1126400K
  class space    used 9207K, capacity 11218K, committed 11264K, reserved 1048576K
}
Event: 264.137 GC heap before
{Heap before GC invocations=24 (full 7):
 PSYoungGen      total 276992K, used 213576K [0x00000000eab00000, 0x0000000100000000, 0x0000000100000000)
  eden space 209408K, 100% used [0x00000000eab00000,0x00000000f7780000,0x00000000f7780000)
  from space 67584K, 6% used [0x00000000fb880000,0x00000000fbc92020,0x00000000ffa80000)
  to   space 66560K, 0% used [0x00000000f7780000,0x00000000f7780000,0x00000000fb880000)
 ParOldGen       total 518656K, used 49238K [0x00000000c0000000, 0x00000000dfa80000, 0x00000000eab00000)
  object space 518656K, 9% used [0x00000000c0000000,0x00000000c3015b10,0x00000000dfa80000)
 Metaspace       used 83319K, capacity 89714K, committed 89944K, reserved 1128448K
  class space    used 9435K, capacity 11341K, committed 11392K, reserved 1048576K
Event: 264.144 GC heap after
Heap after GC invocations=24 (full 7):
 PSYoungGen      total 275968K, used 6826K [0x00000000eab00000, 0x00000000ffb00000, 0x0000000100000000)
  eden space 209408K, 0% used [0x00000000eab00000,0x00000000eab00000,0x00000000f7780000)
  from space 66560K, 10% used [0x00000000f7780000,0x00000000f7e2ab20,0x00000000fb880000)
  to   space 64512K, 0% used [0x00000000fbc00000,0x00000000fbc00000,0x00000000ffb00000)
 ParOldGen       total 518656K, used 49246K [0x00000000c0000000, 0x00000000dfa80000, 0x00000000eab00000)
  object space 518656K, 9% used [0x00000000c0000000,0x00000000c3017b10,0x00000000dfa80000)
 Metaspace       used 83319K, capacity 89714K, committed 89944K, reserved 1128448K
  class space    used 9435K, capacity 11341K, committed 11392K, reserved 1048576K
}

