# JRE version: OpenJDK Runtime Environment (8.0_151-b12) (build 1.8.0_151-b12)
# Java VM: OpenJDK 64-Bit Server VM (25.151-b12 mixed mode linux-amd64 compressed oops)
Heap:
 PSYoungGen      total 274944K, used 25080K [0x00000000eab00000, 0x00000000ffa80000, 0x0000000100000000)
  eden space 204800K, 8% used [0x00000000eab00000,0x00000000ebbb7830,0x00000000f7300000)
  from space 70144K, 11% used [0x00000000fb600000,0x00000000fbdc6928,0x00000000ffa80000)
  to   space 68608K, 0% used [0x00000000f7300000,0x00000000f7300000,0x00000000fb600000)
 ParOldGen       total 542208K, used 48979K [0x00000000c0000000, 0x00000000e1180000, 0x00000000eab00000)
  object space 542208K, 9% used [0x00000000c0000000,0x00000000c2fd4e18,0x00000000e1180000)
 Metaspace       used 85569K, capacity 92124K, committed 92632K, reserved 1130496K
  class space    used 9691K, capacity 11653K, committed 11776K, reserved 1048576K
GC Heap History (10 events):
Event: 63.773 GC heap before
{Heap before GC invocations=21 (full 6):
 PSYoungGen      total 271872K, used 48863K [0x00000000eab00000, 0x0000000100000000, 0x0000000100000000)
  eden space 197120K, 24% used [0x00000000eab00000,0x00000000edab7f70,0x00000000f6b80000)
  from space 74752K, 0% used [0x00000000fb580000,0x00000000fb580000,0x00000000ffe80000)
  to   space 75776K, 0% used [0x00000000f6b80000,0x00000000f6b80000,0x00000000fb580000)
 ParOldGen       total 542208K, used 41486K [0x00000000c0000000, 0x00000000e1180000, 0x00000000eab00000)
  object space 542208K, 7% used [0x00000000c0000000,0x00000000c28839b8,0x00000000e1180000)
 Metaspace       used 80359K, capacity 86708K, committed 87000K, reserved 1124352K
  class space    used 9190K, capacity 11159K, committed 11264K, reserved 1048576K
Event: 63.780 GC heap after
Heap after GC invocations=21 (full 6):
 PSYoungGen      total 207360K, used 10127K [0x00000000eab00000, 0x00000000ffd80000, 0x0000000100000000)
  eden space 197120K, 0% used [0x00000000eab00000,0x00000000eab00000,0x00000000f6b80000)
  from space 10240K, 98% used [0x00000000f6b80000,0x00000000f7563fc0,0x00000000f7580000)
  to   space 74240K, 0% used [0x00000000fb500000,0x00000000fb500000,0x00000000ffd80000)
 ParOldGen       total 542208K, used 41486K [0x00000000c0000000, 0x00000000e1180000, 0x00000000eab00000)
  object space 542208K, 7% used [0x00000000c0000000,0x00000000c28839b8,0x00000000e1180000)
 Metaspace       used 80359K, capacity 86708K, committed 87000K, reserved 1124352K
  class space    used 9190K, capacity 11159K, committed 11264K, reserved 1048576K
}
Event: 63.780 GC heap before
{Heap before GC invocations=22 (full 7):
 PSYoungGen      total 207360K, used 10127K [0x00000000eab00000, 0x00000000ffd80000, 0x0000000100000000)
  eden space 197120K, 0% used [0x00000000eab00000,0x00000000eab00000,0x00000000f6b80000)
  from space 10240K, 98% used [0x00000000f6b80000,0x00000000f7563fc0,0x00000000f7580000)
  to   space 74240K, 0% used [0x00000000fb500000,0x00000000fb500000,0x00000000ffd80000)
 ParOldGen       total 542208K, used 41486K [0x00000000c0000000, 0x00000000e1180000, 0x00000000eab00000)
  object space 542208K, 7% used [0x00000000c0000000,0x00000000c28839b8,0x00000000e1180000)
 Metaspace       used 80359K, capacity 86708K, committed 87000K, reserved 1124352K
  class space    used 9190K, capacity 11159K, committed 11264K, reserved 1048576K
Event: 63.869 GC heap after
Heap after GC invocations=22 (full 7):
 PSYoungGen      total 207360K, used 0K [0x00000000eab00000, 0x00000000ffd80000, 0x0000000100000000)
  eden space 197120K, 0% used [0x00000000eab00000,0x00000000eab00000,0x00000000f6b80000)
  from space 10240K, 0% used [0x00000000f6b80000,0x00000000f6b80000,0x00000000f7580000)
  to   space 74240K, 0% used [0x00000000fb500000,0x00000000fb500000,0x00000000ffd80000)
 ParOldGen       total 542208K, used 48955K [0x00000000c0000000, 0x00000000e1180000, 0x00000000eab00000)
  object space 542208K, 9% used [0x00000000c0000000,0x00000000c2fcee18,0x00000000e1180000)
 Metaspace       used 80359K, capacity 86708K, committed 87000K, reserved 1124352K
  class space    used 9190K, capacity 11159K, committed 11264K, reserved 1048576K
}
Event: 83.791 GC heap before
{Heap before GC invocations=23 (full 7):
 PSYoungGen      total 207360K, used 197120K [0x00000000eab00000, 0x00000000ffd80000, 0x0000000100000000)
  eden space 197120K, 100% used [0x00000000eab00000,0x00000000f6b80000,0x00000000f6b80000)
  from space 10240K, 0% used [0x00000000f6b80000,0x00000000f6b80000,0x00000000f7580000)
  to   space 74240K, 0% used [0x00000000fb500000,0x00000000fb500000,0x00000000ffd80000)
 ParOldGen       total 542208K, used 48955K [0x00000000c0000000, 0x00000000e1180000, 0x00000000eab00000)
  object space 542208K, 9% used [0x00000000c0000000,0x00000000c2fcee18,0x00000000e1180000)
 Metaspace       used 82331K, capacity 88914K, committed 89304K, reserved 1126400K
  class space    used 9407K, capacity 11405K, committed 11520K, reserved 1048576K
Event: 83.797 GC heap after
Heap after GC invocations=23 (full 7):
 PSYoungGen      total 274432K, used 10560K [0x00000000eab00000, 0x0000000100000000, 0x0000000100000000)
  eden space 200192K, 0% used [0x00000000eab00000,0x00000000eab00000,0x00000000f6e80000)
  from space 74240K, 14% used [0x00000000fb500000,0x00000000fbf500a0,0x00000000ffd80000)
  to   space 72192K, 0% used [0x00000000f6e80000,0x00000000f6e80000,0x00000000fb500000)
 ParOldGen       total 542208K, used 48963K [0x00000000c0000000, 0x00000000e1180000, 0x00000000eab00000)
  object space 542208K, 9% used [0x00000000c0000000,0x00000000c2fd0e18,0x00000000e1180000)
 Metaspace       used 82331K, capacity 88914K, committed 89304K, reserved 1126400K
  class space    used 9407K, capacity 11405K, committed 11520K, reserved 1048576K
}
Event: 192.868 GC heap before
{Heap before GC invocations=24 (full 7):
 PSYoungGen      total 274432K, used 210752K [0x00000000eab00000, 0x0000000100000000, 0x0000000100000000)
  eden space 200192K, 100% used [0x00000000eab00000,0x00000000f6e80000,0x00000000f6e80000)
  from space 74240K, 14% used [0x00000000fb500000,0x00000000fbf500a0,0x00000000ffd80000)
  to   space 72192K, 0% used [0x00000000f6e80000,0x00000000f6e80000,0x00000000fb500000)
 ParOldGen       total 542208K, used 48963K [0x00000000c0000000, 0x00000000e1180000, 0x00000000eab00000)
  object space 542208K, 9% used [0x00000000c0000000,0x00000000c2fd0e18,0x00000000e1180000)
 Metaspace       used 83465K, capacity 90014K, committed 90328K, reserved 1128448K
  class space    used 9471K, capacity 11471K, committed 11520K, reserved 1048576K
Event: 192.873 GC heap after
Heap after GC invocations=24 (full 7):
 PSYoungGen      total 272384K, used 6984K [0x00000000eab00000, 0x00000000ffb00000, 0x0000000100000000)
  eden space 200192K, 0% used [0x00000000eab00000,0x00000000eab00000,0x00000000f6e80000)
  from space 72192K, 9% used [0x00000000f6e80000,0x00000000f7552040,0x00000000fb500000)
  to   space 70656K, 0% used [0x00000000fb600000,0x00000000fb600000,0x00000000ffb00000)
 ParOldGen       total 542208K, used 48971K [0x00000000c0000000, 0x00000000e1180000, 0x00000000eab00000)
  object space 542208K, 9% used [0x00000000c0000000,0x00000000c2fd2e18,0x00000000e1180000)
 Metaspace       used 83465K, capacity 90014K, committed 90328K, reserved 1128448K
  class space    used 9471K, capacity 11471K, committed 11520K, reserved 1048576K
}
Event: 259.094 GC heap before
{Heap before GC invocations=25 (full 7):
 PSYoungGen      total 272384K, used 207176K [0x00000000eab00000, 0x00000000ffb00000, 0x0000000100000000)
  eden space 200192K, 100% used [0x00000000eab00000,0x00000000f6e80000,0x00000000f6e80000)
  from space 72192K, 9% used [0x00000000f6e80000,0x00000000f7552040,0x00000000fb500000)
  to   space 70656K, 0% used [0x00000000fb600000,0x00000000fb600000,0x00000000ffb00000)
 ParOldGen       total 542208K, used 48971K [0x00000000c0000000, 0x00000000e1180000, 0x00000000eab00000)
  object space 542208K, 9% used [0x00000000c0000000,0x00000000c2fd2e18,0x00000000e1180000)
 Metaspace       used 85298K, capacity 91866K, committed 92376K, reserved 1130496K
  class space    used 9662K, capacity 11651K, committed 11776K, reserved 1048576K
Event: 259.108 GC heap after
Heap after GC invocations=25 (full 7):
 PSYoungGen      total 274944K, used 7962K [0x00000000eab00000, 0x00000000ffa80000, 0x0000000100000000)
  eden space 204800K, 0% used [0x00000000eab00000,0x00000000eab00000,0x00000000f7300000)
  from space 70144K, 11% used [0x00000000fb600000,0x00000000fbdc6928,0x00000000ffa80000)
  to   space 68608K, 0% used [0x00000000f7300000,0x00000000f7300000,0x00000000fb600000)
 ParOldGen       total 542208K, used 48979K [0x00000000c0000000, 0x00000000e1180000, 0x00000000eab00000)
  object space 542208K, 9% used [0x00000000c0000000,0x00000000c2fd4e18,0x00000000e1180000)
 Metaspace       used 85298K, capacity 91866K, committed 92376K, reserved 1130496K
  class space    used 9662K, capacity 11651K, committed 11776K, reserved 1048576K
}

