# JRE version: OpenJDK Runtime Environment (8.0_151-b12) (build 1.8.0_151-b12)
# Java VM: OpenJDK 64-Bit Server VM (25.151-b12 mixed mode linux-amd64 compressed oops)
Heap:
 PSYoungGen      total 274944K, used 86836K [0x00000000eab00000, 0x00000000ff980000, 0x0000000100000000)
  eden space 209408K, 38% used [0x00000000eab00000,0x00000000ef900320,0x00000000f7780000)
  from space 65536K, 10% used [0x00000000fb980000,0x00000000fc04cfb0,0x00000000ff980000)
  to   space 66560K, 0% used [0x00000000f7780000,0x00000000f7780000,0x00000000fb880000)
 ParOldGen       total 549888K, used 50590K [0x00000000c0000000, 0x00000000e1900000, 0x00000000eab00000)
  object space 549888K, 9% used [0x00000000c0000000,0x00000000c3167ab0,0x00000000e1900000)
 Metaspace       used 84842K, capacity 91228K, committed 91608K, reserved 1130496K
  class space    used 9519K, capacity 11477K, committed 11520K, reserved 1048576K
GC Heap History (10 events):
Event: 17.473 GC heap before
{Heap before GC invocations=21 (full 7):
 PSYoungGen      total 266240K, used 10222K [0x00000000eab00000, 0x00000000ffa00000, 0x0000000100000000)
  eden space 193536K, 0% used [0x00000000eab00000,0x00000000eab00000,0x00000000f6800000)
  from space 72704K, 14% used [0x00000000fb300000,0x00000000fbcfb880,0x00000000ffa00000)
  to   space 74752K, 0% used [0x00000000f6800000,0x00000000f6800000,0x00000000fb100000)
 ParOldGen       total 549888K, used 43828K [0x00000000c0000000, 0x00000000e1900000, 0x00000000eab00000)
  object space 549888K, 7% used [0x00000000c0000000,0x00000000c2acd388,0x00000000e1900000)
 Metaspace       used 79684K, capacity 85968K, committed 86104K, reserved 1124352K
  class space    used 9139K, capacity 11128K, committed 11136K, reserved 1048576K
Event: 17.539 GC heap after
Heap after GC invocations=21 (full 7):
 PSYoungGen      total 266240K, used 0K [0x00000000eab00000, 0x00000000ffa00000, 0x0000000100000000)
  eden space 193536K, 0% used [0x00000000eab00000,0x00000000eab00000,0x00000000f6800000)
  from space 72704K, 0% used [0x00000000fb300000,0x00000000fb300000,0x00000000ffa00000)
  to   space 74752K, 0% used [0x00000000f6800000,0x00000000f6800000,0x00000000fb100000)
 ParOldGen       total 549888K, used 50558K [0x00000000c0000000, 0x00000000e1900000, 0x00000000eab00000)
  object space 549888K, 9% used [0x00000000c0000000,0x00000000c315fab0,0x00000000e1900000)
 Metaspace       used 79684K, capacity 85968K, committed 86104K, reserved 1124352K
  class space    used 9139K, capacity 11128K, committed 11136K, reserved 1048576K
}
Event: 40.410 GC heap before
{Heap before GC invocations=22 (full 7):
 PSYoungGen      total 266240K, used 193536K [0x00000000eab00000, 0x00000000ffa00000, 0x0000000100000000)
  eden space 193536K, 100% used [0x00000000eab00000,0x00000000f6800000,0x00000000f6800000)
  from space 72704K, 0% used [0x00000000fb300000,0x00000000fb300000,0x00000000ffa00000)
  to   space 74752K, 0% used [0x00000000f6800000,0x00000000f6800000,0x00000000fb100000)
 ParOldGen       total 549888K, used 50558K [0x00000000c0000000, 0x00000000e1900000, 0x00000000eab00000)
  object space 549888K, 9% used [0x00000000c0000000,0x00000000c315fab0,0x00000000e1900000)
 Metaspace       used 80828K, capacity 87234K, committed 87512K, reserved 1126400K
  class space    used 9229K, capacity 11227K, committed 11264K, reserved 1048576K
Event: 40.419 GC heap after
Heap after GC invocations=22 (full 7):
 PSYoungGen      total 268288K, used 8532K [0x00000000eab00000, 0x00000000ffe00000, 0x0000000100000000)
  eden space 193536K, 0% used [0x00000000eab00000,0x00000000eab00000,0x00000000f6800000)
  from space 74752K, 11% used [0x00000000f6800000,0x00000000f70550d8,0x00000000fb100000)
  to   space 72704K, 0% used [0x00000000fb700000,0x00000000fb700000,0x00000000ffe00000)
 ParOldGen       total 549888K, used 50566K [0x00000000c0000000, 0x00000000e1900000, 0x00000000eab00000)
  object space 549888K, 9% used [0x00000000c0000000,0x00000000c3161ab0,0x00000000e1900000)
 Metaspace       used 80828K, capacity 87234K, committed 87512K, reserved 1126400K
  class space    used 9229K, capacity 11227K, committed 11264K, reserved 1048576K
}
Event: 103.827 GC heap before
{Heap before GC invocations=23 (full 7):
 PSYoungGen      total 268288K, used 202068K [0x00000000eab00000, 0x00000000ffe00000, 0x0000000100000000)
  eden space 193536K, 100% used [0x00000000eab00000,0x00000000f6800000,0x00000000f6800000)
  from space 74752K, 11% used [0x00000000f6800000,0x00000000f70550d8,0x00000000fb100000)
  to   space 72704K, 0% used [0x00000000fb700000,0x00000000fb700000,0x00000000ffe00000)
 ParOldGen       total 549888K, used 50566K [0x00000000c0000000, 0x00000000e1900000, 0x00000000eab00000)
  object space 549888K, 9% used [0x00000000c0000000,0x00000000c3161ab0,0x00000000e1900000)
 Metaspace       used 81317K, capacity 87562K, committed 87768K, reserved 1126400K
  class space    used 9255K, capacity 11227K, committed 11264K, reserved 1048576K
Event: 103.831 GC heap after
Heap after GC invocations=23 (full 7):
 PSYoungGen      total 271360K, used 6079K [0x00000000eab00000, 0x00000000ffb00000, 0x0000000100000000)
  eden space 201728K, 0% used [0x00000000eab00000,0x00000000eab00000,0x00000000f7000000)
  from space 69632K, 8% used [0x00000000fb700000,0x00000000fbcefdc8,0x00000000ffb00000)
  to   space 71168K, 0% used [0x00000000f7000000,0x00000000f7000000,0x00000000fb580000)
 ParOldGen       total 549888K, used 50574K [0x00000000c0000000, 0x00000000e1900000, 0x00000000eab00000)
  object space 549888K, 9% used [0x00000000c0000000,0x00000000c3163ab0,0x00000000e1900000)
 Metaspace       used 81317K, capacity 87562K, committed 87768K, reserved 1126400K
  class space    used 9255K, capacity 11227K, committed 11264K, reserved 1048576K
}
Event: 143.729 GC heap before
{Heap before GC invocations=24 (full 7):
 PSYoungGen      total 271360K, used 207807K [0x00000000eab00000, 0x00000000ffb00000, 0x0000000100000000)
  eden space 201728K, 100% used [0x00000000eab00000,0x00000000f7000000,0x00000000f7000000)
  from space 69632K, 8% used [0x00000000fb700000,0x00000000fbcefdc8,0x00000000ffb00000)
  to   space 71168K, 0% used [0x00000000f7000000,0x00000000f7000000,0x00000000fb580000)
 ParOldGen       total 549888K, used 50574K [0x00000000c0000000, 0x00000000e1900000, 0x00000000eab00000)
  object space 549888K, 9% used [0x00000000c0000000,0x00000000c3163ab0,0x00000000e1900000)
 Metaspace       used 82204K, capacity 88412K, committed 88792K, reserved 1126400K
  class space    used 9282K, capacity 11230K, committed 11264K, reserved 1048576K
Event: 143.735 GC heap after
Heap after GC invocations=24 (full 7):
 PSYoungGen      total 272896K, used 6949K [0x00000000eab00000, 0x00000000ffc80000, 0x0000000100000000)
  eden space 201728K, 0% used [0x00000000eab00000,0x00000000eab00000,0x00000000f7000000)
  from space 71168K, 9% used [0x00000000f7000000,0x00000000f76c9730,0x00000000fb580000)
  to   space 68608K, 0% used [0x00000000fb980000,0x00000000fb980000,0x00000000ffc80000)
 ParOldGen       total 549888K, used 50582K [0x00000000c0000000, 0x00000000e1900000, 0x00000000eab00000)
  object space 549888K, 9% used [0x00000000c0000000,0x00000000c3165ab0,0x00000000e1900000)
 Metaspace       used 82204K, capacity 88412K, committed 88792K, reserved 1126400K
  class space    used 9282K, capacity 11230K, committed 11264K, reserved 1048576K
}
Event: 192.472 GC heap before
{Heap before GC invocations=25 (full 7):
 PSYoungGen      total 272896K, used 208677K [0x00000000eab00000, 0x00000000ffc80000, 0x0000000100000000)
  eden space 201728K, 100% used [0x00000000eab00000,0x00000000f7000000,0x00000000f7000000)
  from space 71168K, 9% used [0x00000000f7000000,0x00000000f76c9730,0x00000000fb580000)
  to   space 68608K, 0% used [0x00000000fb980000,0x00000000fb980000,0x00000000ffc80000)
 ParOldGen       total 549888K, used 50582K [0x00000000c0000000, 0x00000000e1900000, 0x00000000eab00000)
  object space 549888K, 9% used [0x00000000c0000000,0x00000000c3165ab0,0x00000000e1900000)
 Metaspace       used 82941K, capacity 89154K, committed 89304K, reserved 1128448K
  class space    used 9314K, capacity 11263K, committed 11264K, reserved 1048576K
Event: 192.477 GC heap after
Heap after GC invocations=25 (full 7):
 PSYoungGen      total 274944K, used 6963K [0x00000000eab00000, 0x00000000ff980000, 0x0000000100000000)
  eden space 209408K, 0% used [0x00000000eab00000,0x00000000eab00000,0x00000000f7780000)
  from space 65536K, 10% used [0x00000000fb980000,0x00000000fc04cfb0,0x00000000ff980000)
  to   space 66560K, 0% used [0x00000000f7780000,0x00000000f7780000,0x00000000fb880000)
 ParOldGen       total 549888K, used 50590K [0x00000000c0000000, 0x00000000e1900000, 0x00000000eab00000)
  object space 549888K, 9% used [0x00000000c0000000,0x00000000c3167ab0,0x00000000e1900000)
 Metaspace       used 82941K, capacity 89154K, committed 89304K, reserved 1128448K
  class space    used 9314K, capacity 11263K, committed 11264K, reserved 1048576K
}

