# JRE version: OpenJDK Runtime Environment (8.0_151-b12) (build 1.8.0_151-b12)
# Java VM: OpenJDK 64-Bit Server VM (25.151-b12 mixed mode linux-amd64 compressed oops)
Heap:
 PSYoungGen      total 220160K, used 116002K [0x00000000eab00000, 0x00000000ffb80000, 0x0000000100000000)
  eden space 211456K, 50% used [0x00000000eab00000,0x00000000f13f1f40,0x00000000f7980000)
  from space 8704K, 98% used [0x00000000f7980000,0x00000000f81d6a70,0x00000000f8200000)
  to   space 66560K, 0% used [0x00000000fba80000,0x00000000fba80000,0x00000000ffb80000)
 ParOldGen       total 505856K, used 49972K [0x00000000c0000000, 0x00000000dee00000, 0x00000000eab00000)
  object space 505856K, 9% used [0x00000000c0000000,0x00000000c30cd278,0x00000000dee00000)
 Metaspace       used 85463K, capacity 91946K, committed 92376K, reserved 1130496K
  class space    used 9681K, capacity 11655K, committed 11776K, reserved 1048576K
GC Heap History (10 events):
Event: 35.801 GC heap before
{Heap before GC invocations=18 (full 5):
 PSYoungGen      total 278528K, used 71635K [0x00000000eab00000, 0x0000000100000000, 0x0000000100000000)
  eden space 210944K, 13% used [0x00000000eab00000,0x00000000ec7831a0,0x00000000f7900000)
  from space 67584K, 62% used [0x00000000fbe00000,0x00000000fe771e58,0x0000000100000000)
  to   space 69120K, 0% used [0x00000000f7900000,0x00000000f7900000,0x00000000fbc80000)
 ParOldGen       total 505856K, used 45513K [0x00000000c0000000, 0x00000000dee00000, 0x00000000eab00000)
  object space 505856K, 8% used [0x00000000c0000000,0x00000000c2c725c0,0x00000000dee00000)
 Metaspace       used 82068K, capacity 88556K, committed 88792K, reserved 1126400K
  class space    used 9398K, capacity 11437K, committed 11520K, reserved 1048576K
Event: 35.804 GC heap after
Heap after GC invocations=18 (full 5):
 PSYoungGen      total 212480K, used 1103K [0x00000000eab00000, 0x0000000100000000, 0x0000000100000000)
  eden space 210944K, 0% used [0x00000000eab00000,0x00000000eab00000,0x00000000f7900000)
  from space 1536K, 71% used [0x00000000f7900000,0x00000000f7a13c48,0x00000000f7a80000)
  to   space 69632K, 0% used [0x00000000fbc00000,0x00000000fbc00000,0x0000000100000000)
 ParOldGen       total 505856K, used 45513K [0x00000000c0000000, 0x00000000dee00000, 0x00000000eab00000)
  object space 505856K, 8% used [0x00000000c0000000,0x00000000c2c725c0,0x00000000dee00000)
 Metaspace       used 82068K, capacity 88556K, committed 88792K, reserved 1126400K
  class space    used 9398K, capacity 11437K, committed 11520K, reserved 1048576K
}
Event: 35.804 GC heap before
{Heap before GC invocations=19 (full 6):
 PSYoungGen      total 212480K, used 1103K [0x00000000eab00000, 0x0000000100000000, 0x0000000100000000)
  eden space 210944K, 0% used [0x00000000eab00000,0x00000000eab00000,0x00000000f7900000)
  from space 1536K, 71% used [0x00000000f7900000,0x00000000f7a13c48,0x00000000f7a80000)
  to   space 69632K, 0% used [0x00000000fbc00000,0x00000000fbc00000,0x0000000100000000)
 ParOldGen       total 505856K, used 45513K [0x00000000c0000000, 0x00000000dee00000, 0x00000000eab00000)
  object space 505856K, 8% used [0x00000000c0000000,0x00000000c2c725c0,0x00000000dee00000)
 Metaspace       used 82068K, capacity 88556K, committed 88792K, reserved 1126400K
  class space    used 9398K, capacity 11437K, committed 11520K, reserved 1048576K
Event: 35.886 GC heap after
Heap after GC invocations=19 (full 6):
 PSYoungGen      total 212480K, used 0K [0x00000000eab00000, 0x0000000100000000, 0x0000000100000000)
  eden space 210944K, 0% used [0x00000000eab00000,0x00000000eab00000,0x00000000f7900000)
  from space 1536K, 0% used [0x00000000f7900000,0x00000000f7900000,0x00000000f7a80000)
  to   space 69632K, 0% used [0x00000000fbc00000,0x00000000fbc00000,0x0000000100000000)
 ParOldGen       total 505856K, used 41430K [0x00000000c0000000, 0x00000000dee00000, 0x00000000eab00000)
  object space 505856K, 8% used [0x00000000c0000000,0x00000000c2875848,0x00000000dee00000)
 Metaspace       used 82068K, capacity 88556K, committed 88792K, reserved 1126400K
  class space    used 9398K, capacity 11437K, committed 11520K, reserved 1048576K
}
Event: 36.143 GC heap before
{Heap before GC invocations=20 (full 6):
 PSYoungGen      total 212480K, used 47303K [0x00000000eab00000, 0x0000000100000000, 0x0000000100000000)
  eden space 210944K, 22% used [0x00000000eab00000,0x00000000ed931c98,0x00000000f7900000)
  from space 1536K, 0% used [0x00000000f7900000,0x00000000f7900000,0x00000000f7a80000)
  to   space 69632K, 0% used [0x00000000fbc00000,0x00000000fbc00000,0x0000000100000000)
 ParOldGen       total 505856K, used 41430K [0x00000000c0000000, 0x00000000dee00000, 0x00000000eab00000)
  object space 505856K, 8% used [0x00000000c0000000,0x00000000c2875848,0x00000000dee00000)
 Metaspace       used 82073K, capacity 88556K, committed 88792K, reserved 1126400K
  class space    used 9398K, capacity 11437K, committed 11520K, reserved 1048576K
Event: 36.147 GC heap after
Heap after GC invocations=20 (full 6):
 PSYoungGen      total 281088K, used 10174K [0x00000000eab00000, 0x0000000100000000, 0x0000000100000000)
  eden space 211456K, 0% used [0x00000000eab00000,0x00000000eab00000,0x00000000f7980000)
  from space 69632K, 14% used [0x00000000fbc00000,0x00000000fc5ef8b0,0x0000000100000000)
  to   space 68096K, 0% used [0x00000000f7980000,0x00000000f7980000,0x00000000fbc00000)
 ParOldGen       total 505856K, used 41430K [0x00000000c0000000, 0x00000000dee00000, 0x00000000eab00000)
  object space 505856K, 8% used [0x00000000c0000000,0x00000000c2875848,0x00000000dee00000)
 Metaspace       used 82073K, capacity 88556K, committed 88792K, reserved 1126400K
  class space    used 9398K, capacity 11437K, committed 11520K, reserved 1048576K
}
Event: 36.147 GC heap before
{Heap before GC invocations=21 (full 7):
 PSYoungGen      total 281088K, used 10174K [0x00000000eab00000, 0x0000000100000000, 0x0000000100000000)
  eden space 211456K, 0% used [0x00000000eab00000,0x00000000eab00000,0x00000000f7980000)
  from space 69632K, 14% used [0x00000000fbc00000,0x00000000fc5ef8b0,0x0000000100000000)
  to   space 68096K, 0% used [0x00000000f7980000,0x00000000f7980000,0x00000000fbc00000)
 ParOldGen       total 505856K, used 41430K [0x00000000c0000000, 0x00000000dee00000, 0x00000000eab00000)
  object space 505856K, 8% used [0x00000000c0000000,0x00000000c2875848,0x00000000dee00000)
 Metaspace       used 82073K, capacity 88556K, committed 88792K, reserved 1126400K
  class space    used 9398K, capacity 11437K, committed 11520K, reserved 1048576K
Event: 36.212 GC heap after
Heap after GC invocations=21 (full 7):
 PSYoungGen      total 281088K, used 0K [0x00000000eab00000, 0x0000000100000000, 0x0000000100000000)
  eden space 211456K, 0% used [0x00000000eab00000,0x00000000eab00000,0x00000000f7980000)
  from space 69632K, 0% used [0x00000000fbc00000,0x00000000fbc00000,0x0000000100000000)
  to   space 68096K, 0% used [0x00000000f7980000,0x00000000f7980000,0x00000000fbc00000)
 ParOldGen       total 505856K, used 49964K [0x00000000c0000000, 0x00000000dee00000, 0x00000000eab00000)
  object space 505856K, 9% used [0x00000000c0000000,0x00000000c30cb278,0x00000000dee00000)
 Metaspace       used 82073K, capacity 88556K, committed 88792K, reserved 1126400K
  class space    used 9398K, capacity 11437K, committed 11520K, reserved 1048576K
}
Event: 69.381 GC heap before
{Heap before GC invocations=22 (full 7):
 PSYoungGen      total 281088K, used 211456K [0x00000000eab00000, 0x0000000100000000, 0x0000000100000000)
  eden space 211456K, 100% used [0x00000000eab00000,0x00000000f7980000,0x00000000f7980000)
  from space 69632K, 0% used [0x00000000fbc00000,0x00000000fbc00000,0x0000000100000000)
  to   space 68096K, 0% used [0x00000000f7980000,0x00000000f7980000,0x00000000fbc00000)
 ParOldGen       total 505856K, used 49964K [0x00000000c0000000, 0x00000000dee00000, 0x00000000eab00000)
  object space 505856K, 9% used [0x00000000c0000000,0x00000000c30cb278,0x00000000dee00000)
 Metaspace       used 83284K, capacity 89690K, committed 90072K, reserved 1128448K
  class space    used 9462K, capacity 11470K, committed 11520K, reserved 1048576K
Event: 69.387 GC heap after
Heap after GC invocations=22 (full 7):
 PSYoungGen      total 220160K, used 8538K [0x00000000eab00000, 0x00000000ffb80000, 0x0000000100000000)
  eden space 211456K, 0% used [0x00000000eab00000,0x00000000eab00000,0x00000000f7980000)
  from space 8704K, 98% used [0x00000000f7980000,0x00000000f81d6a70,0x00000000f8200000)
  to   space 66560K, 0% used [0x00000000fba80000,0x00000000fba80000,0x00000000ffb80000)
 ParOldGen       total 505856K, used 49972K [0x00000000c0000000, 0x00000000dee00000, 0x00000000eab00000)
  object space 505856K, 9% used [0x00000000c0000000,0x00000000c30cd278,0x00000000dee00000)
 Metaspace       used 83284K, capacity 89690K, committed 90072K, reserved 1128448K
  class space    used 9462K, capacity 11470K, committed 11520K, reserved 1048576K
}

