# JRE version: OpenJDK Runtime Environment (8.0_151-b12) (build 1.8.0_151-b12)
# Java VM: OpenJDK 64-Bit Server VM (25.151-b12 mixed mode linux-amd64 compressed oops)
Heap:
 PSYoungGen      total 249856K, used 109973K [0x00000000eab00000, 0x00000000fd780000, 0x0000000100000000)
  eden space 203264K, 51% used [0x00000000eab00000,0x00000000f10eccd0,0x00000000f7180000)
  from space 46592K, 12% used [0x00000000faa00000,0x00000000faf789c8,0x00000000fd780000)
  to   space 52224K, 0% used [0x00000000f7180000,0x00000000f7180000,0x00000000fa480000)
 ParOldGen       total 542720K, used 49903K [0x00000000c0000000, 0x00000000e1200000, 0x00000000eab00000)
  object space 542720K, 9% used [0x00000000c0000000,0x00000000c30bbe98,0x00000000e1200000)
 Metaspace       used 85364K, capacity 91760K, committed 92120K, reserved 1130496K
  class space    used 9520K, capacity 11443K, committed 11520K, reserved 1048576K
GC Heap History (10 events):
Event: 362.062 GC heap before
{Heap before GC invocations=27 (full 7):
 PSYoungGen      total 273408K, used 210645K [0x00000000eab00000, 0x00000000ffe00000, 0x0000000100000000)
  eden space 204800K, 100% used [0x00000000eab00000,0x00000000f7300000,0x00000000f7300000)
  from space 68608K, 8% used [0x00000000f7300000,0x00000000f78b5530,0x00000000fb600000)
  to   space 66048K, 0% used [0x00000000fbd80000,0x00000000fbd80000,0x00000000ffe00000)
 ParOldGen       total 542720K, used 49887K [0x00000000c0000000, 0x00000000e1200000, 0x00000000eab00000)
  object space 542720K, 9% used [0x00000000c0000000,0x00000000c30b7e98,0x00000000e1200000)
 Metaspace       used 82943K, capacity 89214K, committed 89432K, reserved 1128448K
  class space    used 9323K, capacity 11287K, committed 11392K, reserved 1048576K
Event: 362.066 GC heap after
Heap after GC invocations=27 (full 7):
 PSYoungGen      total 274944K, used 5650K [0x00000000eab00000, 0x00000000ff880000, 0x0000000100000000)
  eden space 214528K, 0% used [0x00000000eab00000,0x00000000eab00000,0x00000000f7c80000)
  from space 60416K, 9% used [0x00000000fbd80000,0x00000000fc304978,0x00000000ff880000)
  to   space 63488K, 0% used [0x00000000f7c80000,0x00000000f7c80000,0x00000000fba80000)
 ParOldGen       total 542720K, used 49895K [0x00000000c0000000, 0x00000000e1200000, 0x00000000eab00000)
  object space 542720K, 9% used [0x00000000c0000000,0x00000000c30b9e98,0x00000000e1200000)
 Metaspace       used 82943K, capacity 89214K, committed 89432K, reserved 1128448K
  class space    used 9323K, capacity 11287K, committed 11392K, reserved 1048576K
}
Event: 412.307 GC heap before
{Heap before GC invocations=28 (full 7):
 PSYoungGen      total 274944K, used 220178K [0x00000000eab00000, 0x00000000ff880000, 0x0000000100000000)
  eden space 214528K, 100% used [0x00000000eab00000,0x00000000f7c80000,0x00000000f7c80000)
  from space 60416K, 9% used [0x00000000fbd80000,0x00000000fc304978,0x00000000ff880000)
  to   space 63488K, 0% used [0x00000000f7c80000,0x00000000f7c80000,0x00000000fba80000)
 ParOldGen       total 542720K, used 49895K [0x00000000c0000000, 0x00000000e1200000, 0x00000000eab00000)
  object space 542720K, 9% used [0x00000000c0000000,0x00000000c30b9e98,0x00000000e1200000)
 Metaspace       used 83003K, capacity 89214K, committed 89432K, reserved 1128448K
  class space    used 9323K, capacity 11287K, committed 11392K, reserved 1048576K
Event: 412.311 GC heap after
Heap after GC invocations=28 (full 7):
 PSYoungGen      total 217088K, used 5474K [0x00000000eab00000, 0x00000000fef80000, 0x0000000100000000)
  eden space 211456K, 0% used [0x00000000eab00000,0x00000000eab00000,0x00000000f7980000)
  from space 5632K, 97% used [0x00000000f7c80000,0x00000000f81d8998,0x00000000f8200000)
  to   space 60416K, 0% used [0x00000000fb480000,0x00000000fb480000,0x00000000fef80000)
 ParOldGen       total 542720K, used 49895K [0x00000000c0000000, 0x00000000e1200000, 0x00000000eab00000)
  object space 542720K, 9% used [0x00000000c0000000,0x00000000c30b9e98,0x00000000e1200000)
 Metaspace       used 83003K, capacity 89214K, committed 89432K, reserved 1128448K
  class space    used 9323K, capacity 11287K, committed 11392K, reserved 1048576K
}
Event: 467.928 GC heap before
{Heap before GC invocations=29 (full 7):
 PSYoungGen      total 217088K, used 216930K [0x00000000eab00000, 0x00000000fef80000, 0x0000000100000000)
  eden space 211456K, 100% used [0x00000000eab00000,0x00000000f7980000,0x00000000f7980000)
  from space 5632K, 97% used [0x00000000f7c80000,0x00000000f81d8998,0x00000000f8200000)
  to   space 60416K, 0% used [0x00000000fb480000,0x00000000fb480000,0x00000000fef80000)
 ParOldGen       total 542720K, used 49895K [0x00000000c0000000, 0x00000000e1200000, 0x00000000eab00000)
  object space 542720K, 9% used [0x00000000c0000000,0x00000000c30b9e98,0x00000000e1200000)
 Metaspace       used 83095K, capacity 89278K, committed 89688K, reserved 1128448K
  class space    used 9324K, capacity 11287K, committed 11392K, reserved 1048576K
Event: 467.934 GC heap after
Heap after GC invocations=29 (full 7):
 PSYoungGen      total 260608K, used 5482K [0x00000000eab00000, 0x00000000fe780000, 0x0000000100000000)
  eden space 208384K, 0% used [0x00000000eab00000,0x00000000eab00000,0x00000000f7680000)
  from space 52224K, 10% used [0x00000000fb480000,0x00000000fb9daa40,0x00000000fe780000)
  to   space 57856K, 0% used [0x00000000f7680000,0x00000000f7680000,0x00000000faf00000)
 ParOldGen       total 542720K, used 49895K [0x00000000c0000000, 0x00000000e1200000, 0x00000000eab00000)
  object space 542720K, 9% used [0x00000000c0000000,0x00000000c30b9e98,0x00000000e1200000)
 Metaspace       used 83095K, capacity 89278K, committed 89688K, reserved 1128448K
  class space    used 9324K, capacity 11287K, committed 11392K, reserved 1048576K
}
Event: 518.401 GC heap before
{Heap before GC invocations=30 (full 7):
 PSYoungGen      total 260608K, used 213866K [0x00000000eab00000, 0x00000000fe780000, 0x0000000100000000)
  eden space 208384K, 100% used [0x00000000eab00000,0x00000000f7680000,0x00000000f7680000)
  from space 52224K, 10% used [0x00000000fb480000,0x00000000fb9daa40,0x00000000fe780000)
  to   space 57856K, 0% used [0x00000000f7680000,0x00000000f7680000,0x00000000faf00000)
 ParOldGen       total 542720K, used 49895K [0x00000000c0000000, 0x00000000e1200000, 0x00000000eab00000)
  object space 542720K, 9% used [0x00000000c0000000,0x00000000c30b9e98,0x00000000e1200000)
 Metaspace       used 83330K, capacity 89470K, committed 89688K, reserved 1128448K
  class space    used 9326K, capacity 11287K, committed 11392K, reserved 1048576K
Event: 518.405 GC heap after
Heap after GC invocations=30 (full 7):
 PSYoungGen      total 211456K, used 5327K [0x00000000eab00000, 0x00000000fe000000, 0x0000000100000000)
  eden space 205824K, 0% used [0x00000000eab00000,0x00000000eab00000,0x00000000f7400000)
  from space 5632K, 94% used [0x00000000f7680000,0x00000000f7bb3d80,0x00000000f7c00000)
  to   space 55296K, 0% used [0x00000000faa00000,0x00000000faa00000,0x00000000fe000000)
 ParOldGen       total 542720K, used 49903K [0x00000000c0000000, 0x00000000e1200000, 0x00000000eab00000)
  object space 542720K, 9% used [0x00000000c0000000,0x00000000c30bbe98,0x00000000e1200000)
 Metaspace       used 83330K, capacity 89470K, committed 89688K, reserved 1128448K
  class space    used 9326K, capacity 11287K, committed 11392K, reserved 1048576K
}
Event: 560.687 GC heap before
{Heap before GC invocations=31 (full 7):
 PSYoungGen      total 211456K, used 211151K [0x00000000eab00000, 0x00000000fe000000, 0x0000000100000000)
  eden space 205824K, 100% used [0x00000000eab00000,0x00000000f7400000,0x00000000f7400000)
  from space 5632K, 94% used [0x00000000f7680000,0x00000000f7bb3d80,0x00000000f7c00000)
  to   space 55296K, 0% used [0x00000000faa00000,0x00000000faa00000,0x00000000fe000000)
 ParOldGen       total 542720K, used 49903K [0x00000000c0000000, 0x00000000e1200000, 0x00000000eab00000)
  object space 542720K, 9% used [0x00000000c0000000,0x00000000c30bbe98,0x00000000e1200000)
 Metaspace       used 83691K, capacity 89854K, committed 90200K, reserved 1128448K
  class space    used 9326K, capacity 11287K, committed 11392K, reserved 1048576K
Event: 560.691 GC heap after
Heap after GC invocations=31 (full 7):
 PSYoungGen      total 249856K, used 5602K [0x00000000eab00000, 0x00000000fd780000, 0x0000000100000000)
  eden space 203264K, 0% used [0x00000000eab00000,0x00000000eab00000,0x00000000f7180000)
  from space 46592K, 12% used [0x00000000faa00000,0x00000000faf789c8,0x00000000fd780000)
  to   space 52224K, 0% used [0x00000000f7180000,0x00000000f7180000,0x00000000fa480000)
 ParOldGen       total 542720K, used 49903K [0x00000000c0000000, 0x00000000e1200000, 0x00000000eab00000)
  object space 542720K, 9% used [0x00000000c0000000,0x00000000c30bbe98,0x00000000e1200000)
 Metaspace       used 83691K, capacity 89854K, committed 90200K, reserved 1128448K
  class space    used 9326K, capacity 11287K, committed 11392K, reserved 1048576K
}

